[0.024s] Invoking command in '/home/mikealpha/colcon_ws/build/eyantra_warehouse': CMAKE_PREFIX_PATH=${CMAKE_PREFIX_PATH}:/home/mikealpha/colcon_ws/install/ur5_control:/opt/ros/humble /usr/bin/cmake /home/mikealpha/colcon_ws/src/eyantra_warehouse -DAMENT_CMAKE_SYMLINK_INSTALL=1 -DCMAKE_INSTALL_PREFIX=/home/mikealpha/colcon_ws/install/eyantra_warehouse
[0.036s] -- Found ament_cmake: 1.3.10 (/opt/ros/humble/share/ament_cmake/cmake)
[0.194s] -- Override CMake install command with custom implementation using symlinks instead of copying resources
[0.203s] -- Found ament_lint_auto: 0.12.11 (/opt/ros/humble/share/ament_lint_auto/cmake)
[0.263s] -- Added test 'copyright' to check source files copyright and LICENSE
[0.290s] -- Added test 'flake8' to check Python code syntax and style conventions
[0.293s] -- Added test 'lint_cmake' to check CMake code style
[0.294s] -- Added test 'pep257' to check Python code against some of the docstring style conventions in PEP 257
[0.305s] -- Added test 'xmllint' to check XML markup files
[0.306s] -- Configuring done
[0.308s] -- Generating done
[0.308s] -- Build files have been written to: /home/mikealpha/colcon_ws/build/eyantra_warehouse
[0.311s] Invoked command in '/home/mikealpha/colcon_ws/build/eyantra_warehouse' returned '0': CMAKE_PREFIX_PATH=${CMAKE_PREFIX_PATH}:/home/mikealpha/colcon_ws/install/ur5_control:/opt/ros/humble /usr/bin/cmake /home/mikealpha/colcon_ws/src/eyantra_warehouse -DAMENT_CMAKE_SYMLINK_INSTALL=1 -DCMAKE_INSTALL_PREFIX=/home/mikealpha/colcon_ws/install/eyantra_warehouse
[0.313s] Invoking command in '/home/mikealpha/colcon_ws/build/eyantra_warehouse': CMAKE_PREFIX_PATH=${CMAKE_PREFIX_PATH}:/home/mikealpha/colcon_ws/install/ur5_control:/opt/ros/humble /usr/bin/cmake --build /home/mikealpha/colcon_ws/build/eyantra_warehouse -- -j12 -l12
[0.357s] Invoked command in '/home/mikealpha/colcon_ws/build/eyantra_warehouse' returned '0': CMAKE_PREFIX_PATH=${CMAKE_PREFIX_PATH}:/home/mikealpha/colcon_ws/install/ur5_control:/opt/ros/humble /usr/bin/cmake --build /home/mikealpha/colcon_ws/build/eyantra_warehouse -- -j12 -l12
[0.390s] Invoking command in '/home/mikealpha/colcon_ws/build/eyantra_warehouse': CMAKE_PREFIX_PATH=${CMAKE_PREFIX_PATH}:/home/mikealpha/colcon_ws/install/ur5_control:/opt/ros/humble /usr/bin/cmake --install /home/mikealpha/colcon_ws/build/eyantra_warehouse
[0.398s] -- Install configuration: ""
[0.398s] -- Execute custom install script
[0.398s] -- Symlinking: /home/mikealpha/colcon_ws/install/eyantra_warehouse/share/eyantra_warehouse//launch/task0.launch.py
[0.409s] -- Symlinking: /home/mikealpha/colcon_ws/install/eyantra_warehouse/share/eyantra_warehouse//launch/task1b.launch.py
[0.416s] -- Symlinking: /home/mikealpha/colcon_ws/install/eyantra_warehouse/share/eyantra_warehouse//launch/task1c.launch.py
[0.426s] -- Symlinking: /home/mikealpha/colcon_ws/install/eyantra_warehouse/share/eyantra_warehouse//worlds/eyantra_warehouse_task0.world
[0.436s] -- Symlinking: /home/mikealpha/colcon_ws/install/eyantra_warehouse/share/eyantra_warehouse//worlds/eyantra_warehouse_task1b.world
[0.446s] -- Symlinking: /home/mikealpha/colcon_ws/install/eyantra_warehouse/share/eyantra_warehouse//worlds/eyantra_warehouse_task1c.world
[0.460s] -- Symlinking: /home/mikealpha/colcon_ws/install/eyantra_warehouse/share/eyantra_warehouse//models/LB_city/meshes/LAWN.jpg
[0.470s] -- Symlinking: /home/mikealpha/colcon_ws/install/eyantra_warehouse/share/eyantra_warehouse//models/LB_city/meshes/LB_city.dae
[0.478s] -- Symlinking: /home/mikealpha/colcon_ws/install/eyantra_warehouse/share/eyantra_warehouse//models/LB_city/meshes/SolarPanelsPolycrystallineTypeBFramedClean001_COL_3K.jpg.004.jp.jpg
[0.486s] -- Symlinking: /home/mikealpha/colcon_ws/install/eyantra_warehouse/share/eyantra_warehouse//models/LB_city/meshes/dm1.jpg
[0.496s] -- Symlinking: /home/mikealpha/colcon_ws/install/eyantra_warehouse/share/eyantra_warehouse//models/LB_city/meshes/f1q.jpg
[0.503s] -- Symlinking: /home/mikealpha/colcon_ws/install/eyantra_warehouse/share/eyantra_warehouse//models/LB_city/meshes/f1q.jpg.001.jpg
[0.510s] -- Symlinking: /home/mikealpha/colcon_ws/install/eyantra_warehouse/share/eyantra_warehouse//models/LB_city/meshes/grass.png
[0.519s] -- Symlinking: /home/mikealpha/colcon_ws/install/eyantra_warehouse/share/eyantra_warehouse//models/LB_city/meshes/ocean_texture.jpeg
[0.528s] -- Symlinking: /home/mikealpha/colcon_ws/install/eyantra_warehouse/share/eyantra_warehouse//models/LB_city/meshes/pb2.jpg
[0.534s] -- Symlinking: /home/mikealpha/colcon_ws/install/eyantra_warehouse/share/eyantra_warehouse//models/LB_city/meshes/pv2c.jpg
[0.540s] -- Symlinking: /home/mikealpha/colcon_ws/install/eyantra_warehouse/share/eyantra_warehouse//models/LB_city/model.config
[0.547s] -- Symlinking: /home/mikealpha/colcon_ws/install/eyantra_warehouse/share/eyantra_warehouse//models/LB_city/model.sdf
[0.553s] -- Symlinking: /home/mikealpha/colcon_ws/install/eyantra_warehouse/share/eyantra_warehouse//models/arm_base/meshes/arm_base.dae
[0.560s] -- Symlinking: /home/mikealpha/colcon_ws/install/eyantra_warehouse/share/eyantra_warehouse//models/arm_base/model.config
[0.566s] -- Symlinking: /home/mikealpha/colcon_ws/install/eyantra_warehouse/share/eyantra_warehouse//models/arm_base/model.sdf
[0.573s] -- Symlinking: /home/mikealpha/colcon_ws/install/eyantra_warehouse/share/eyantra_warehouse//models/aws_robomaker_warehouse_ClutteringC_01/materials/textures/aws_robomaker_warehouse_ClutteringC_01.png
[0.583s] -- Symlinking: /home/mikealpha/colcon_ws/install/eyantra_warehouse/share/eyantra_warehouse//models/aws_robomaker_warehouse_ClutteringC_01/materials/textures/aws_robomaker_warehouse_ClutteringC_02.png
[0.591s] -- Symlinking: /home/mikealpha/colcon_ws/install/eyantra_warehouse/share/eyantra_warehouse//models/aws_robomaker_warehouse_ClutteringC_01/meshes/aws_robomaker_warehouse_ClutteringC_01_collision.DAE
[0.600s] -- Symlinking: /home/mikealpha/colcon_ws/install/eyantra_warehouse/share/eyantra_warehouse//models/aws_robomaker_warehouse_ClutteringC_01/meshes/aws_robomaker_warehouse_ClutteringC_01_visual.DAE
[0.610s] -- Symlinking: /home/mikealpha/colcon_ws/install/eyantra_warehouse/share/eyantra_warehouse//models/aws_robomaker_warehouse_ClutteringC_01/model.config
[0.619s] -- Symlinking: /home/mikealpha/colcon_ws/install/eyantra_warehouse/share/eyantra_warehouse//models/aws_robomaker_warehouse_ClutteringC_01/model.sdf
[0.629s] -- Symlinking: /home/mikealpha/colcon_ws/install/eyantra_warehouse/share/eyantra_warehouse//models/aws_robomaker_warehouse_ClutteringD_01/materials/textures/aws_robomaker_warehouse_ClutteringD_01.png
[0.637s] -- Symlinking: /home/mikealpha/colcon_ws/install/eyantra_warehouse/share/eyantra_warehouse//models/aws_robomaker_warehouse_ClutteringD_01/materials/textures/aws_robomaker_warehouse_ClutteringD_02.png
[0.644s] -- Symlinking: /home/mikealpha/colcon_ws/install/eyantra_warehouse/share/eyantra_warehouse//models/aws_robomaker_warehouse_ClutteringD_01/meshes/aws_robomaker_warehouse_ClutteringD_01_collision.DAE
[0.651s] -- Symlinking: /home/mikealpha/colcon_ws/install/eyantra_warehouse/share/eyantra_warehouse//models/aws_robomaker_warehouse_ClutteringD_01/meshes/aws_robomaker_warehouse_ClutteringD_01_visual.DAE
[0.658s] -- Symlinking: /home/mikealpha/colcon_ws/install/eyantra_warehouse/share/eyantra_warehouse//models/aws_robomaker_warehouse_ClutteringD_01/model.config
[0.664s] -- Symlinking: /home/mikealpha/colcon_ws/install/eyantra_warehouse/share/eyantra_warehouse//models/aws_robomaker_warehouse_ClutteringD_01/model.sdf
[0.673s] -- Symlinking: /home/mikealpha/colcon_ws/install/eyantra_warehouse/share/eyantra_warehouse//models/aws_robomaker_warehouse_DeskC_01/materials/.DS_Store
[0.681s] -- Symlinking: /home/mikealpha/colcon_ws/install/eyantra_warehouse/share/eyantra_warehouse//models/aws_robomaker_warehouse_DeskC_01/materials/textures/aws_robomaker_warehouse_DeskC_01.png
[0.691s] -- Symlinking: /home/mikealpha/colcon_ws/install/eyantra_warehouse/share/eyantra_warehouse//models/aws_robomaker_warehouse_DeskC_01/materials/textures/aws_robomaker_warehouse_DeskC_02.png
[0.701s] -- Symlinking: /home/mikealpha/colcon_ws/install/eyantra_warehouse/share/eyantra_warehouse//models/aws_robomaker_warehouse_DeskC_01/materials/textures/aws_robomaker_warehouse_DeskC_03.png
[0.707s] -- Symlinking: /home/mikealpha/colcon_ws/install/eyantra_warehouse/share/eyantra_warehouse//models/aws_robomaker_warehouse_DeskC_01/materials/textures/aws_robomaker_warehouse_DeskC_03.psd
[0.714s] -- Symlinking: /home/mikealpha/colcon_ws/install/eyantra_warehouse/share/eyantra_warehouse//models/aws_robomaker_warehouse_DeskC_01/materials/textures/aws_robomaker_warehouse_DeskC_04.png
[0.721s] -- Symlinking: /home/mikealpha/colcon_ws/install/eyantra_warehouse/share/eyantra_warehouse//models/aws_robomaker_warehouse_DeskC_01/meshes/aws_robomaker_warehouse_DeskC_01_collision.DAE
[0.728s] -- Symlinking: /home/mikealpha/colcon_ws/install/eyantra_warehouse/share/eyantra_warehouse//models/aws_robomaker_warehouse_DeskC_01/meshes/aws_robomaker_warehouse_DeskC_01_visual.DAE
[0.734s] -- Symlinking: /home/mikealpha/colcon_ws/install/eyantra_warehouse/share/eyantra_warehouse//models/aws_robomaker_warehouse_DeskC_01/model.config
[0.739s] -- Symlinking: /home/mikealpha/colcon_ws/install/eyantra_warehouse/share/eyantra_warehouse//models/aws_robomaker_warehouse_DeskC_01/model.sdf
[0.745s] -- Symlinking: /home/mikealpha/colcon_ws/install/eyantra_warehouse/share/eyantra_warehouse//models/aws_robomaker_warehouse_PalletJackB_01/.DS_Store
[0.754s] -- Symlinking: /home/mikealpha/colcon_ws/install/eyantra_warehouse/share/eyantra_warehouse//models/aws_robomaker_warehouse_PalletJackB_01/materials/.DS_Store
[0.763s] -- Symlinking: /home/mikealpha/colcon_ws/install/eyantra_warehouse/share/eyantra_warehouse//models/aws_robomaker_warehouse_PalletJackB_01/materials/textures/aws_robomaker_warehouse_PalletJackB_01.png
[0.771s] -- Symlinking: /home/mikealpha/colcon_ws/install/eyantra_warehouse/share/eyantra_warehouse//models/aws_robomaker_warehouse_PalletJackB_01/materials/textures/aws_robomaker_warehouse_PalletJackB_02.png
[0.777s] -- Symlinking: /home/mikealpha/colcon_ws/install/eyantra_warehouse/share/eyantra_warehouse//models/aws_robomaker_warehouse_PalletJackB_01/meshes/aws_robomaker_warehouse_PalletJackB_01_collision.DAE
[0.783s] -- Symlinking: /home/mikealpha/colcon_ws/install/eyantra_warehouse/share/eyantra_warehouse//models/aws_robomaker_warehouse_PalletJackB_01/meshes/aws_robomaker_warehouse_PalletJackB_01_visual.DAE
[0.788s] -- Symlinking: /home/mikealpha/colcon_ws/install/eyantra_warehouse/share/eyantra_warehouse//models/aws_robomaker_warehouse_PalletJackB_01/model.config
[0.794s] -- Symlinking: /home/mikealpha/colcon_ws/install/eyantra_warehouse/share/eyantra_warehouse//models/aws_robomaker_warehouse_PalletJackB_01/model.sdf
[0.799s] -- Symlinking: /home/mikealpha/colcon_ws/install/eyantra_warehouse/share/eyantra_warehouse//models/box/meshes/aruco_tag.jpg
[0.805s] -- Symlinking: /home/mikealpha/colcon_ws/install/eyantra_warehouse/share/eyantra_warehouse//models/box/meshes/box.dae
[0.812s] -- Symlinking: /home/mikealpha/colcon_ws/install/eyantra_warehouse/share/eyantra_warehouse//models/box/meshes/box__bg.png
[0.818s] -- Symlinking: /home/mikealpha/colcon_ws/install/eyantra_warehouse/share/eyantra_warehouse//models/box/meshes/cardboard_bg.png
[0.825s] -- Symlinking: /home/mikealpha/colcon_ws/install/eyantra_warehouse/share/eyantra_warehouse//models/box/meshes/centroid_old_box.zip
[0.831s] -- Symlinking: /home/mikealpha/colcon_ws/install/eyantra_warehouse/share/eyantra_warehouse//models/box/model.config
[0.836s] -- Symlinking: /home/mikealpha/colcon_ws/install/eyantra_warehouse/share/eyantra_warehouse//models/box/model.sdf
[0.842s] -- Symlinking: /home/mikealpha/colcon_ws/install/eyantra_warehouse/share/eyantra_warehouse//models/boxes/box.stl
[0.848s] -- Symlinking: /home/mikealpha/colcon_ws/install/eyantra_warehouse/share/eyantra_warehouse//models/boxes/box_1/meshes/aruco_tag.jpg
[0.854s] -- Symlinking: /home/mikealpha/colcon_ws/install/eyantra_warehouse/share/eyantra_warehouse//models/boxes/box_1/meshes/box.dae
[0.860s] -- Symlinking: /home/mikealpha/colcon_ws/install/eyantra_warehouse/share/eyantra_warehouse//models/boxes/box_1/meshes/box__bg.png
[0.866s] -- Symlinking: /home/mikealpha/colcon_ws/install/eyantra_warehouse/share/eyantra_warehouse//models/boxes/box_1/meshes/cardboard_bg.png
[0.872s] -- Symlinking: /home/mikealpha/colcon_ws/install/eyantra_warehouse/share/eyantra_warehouse//models/boxes/box_1/model.config
[0.878s] -- Symlinking: /home/mikealpha/colcon_ws/install/eyantra_warehouse/share/eyantra_warehouse//models/boxes/box_1/model.sdf
[0.884s] -- Symlinking: /home/mikealpha/colcon_ws/install/eyantra_warehouse/share/eyantra_warehouse//models/boxes/box_10/meshes/aruco_tag.jpg
[0.889s] -- Symlinking: /home/mikealpha/colcon_ws/install/eyantra_warehouse/share/eyantra_warehouse//models/boxes/box_10/meshes/box.dae
[0.896s] -- Symlinking: /home/mikealpha/colcon_ws/install/eyantra_warehouse/share/eyantra_warehouse//models/boxes/box_10/meshes/box__bg.png
[0.902s] -- Symlinking: /home/mikealpha/colcon_ws/install/eyantra_warehouse/share/eyantra_warehouse//models/boxes/box_10/meshes/cardboard_bg.png
[0.908s] -- Symlinking: /home/mikealpha/colcon_ws/install/eyantra_warehouse/share/eyantra_warehouse//models/boxes/box_10/model.config
[0.914s] -- Symlinking: /home/mikealpha/colcon_ws/install/eyantra_warehouse/share/eyantra_warehouse//models/boxes/box_10/model.sdf
[0.920s] -- Symlinking: /home/mikealpha/colcon_ws/install/eyantra_warehouse/share/eyantra_warehouse//models/boxes/box_11/meshes/aruco_tag.jpg
[0.927s] -- Symlinking: /home/mikealpha/colcon_ws/install/eyantra_warehouse/share/eyantra_warehouse//models/boxes/box_11/meshes/box.dae
[0.933s] -- Symlinking: /home/mikealpha/colcon_ws/install/eyantra_warehouse/share/eyantra_warehouse//models/boxes/box_11/meshes/box__bg.png
[0.939s] -- Symlinking: /home/mikealpha/colcon_ws/install/eyantra_warehouse/share/eyantra_warehouse//models/boxes/box_11/meshes/cardboard_bg.png
[0.944s] -- Symlinking: /home/mikealpha/colcon_ws/install/eyantra_warehouse/share/eyantra_warehouse//models/boxes/box_11/model.config
[0.951s] -- Symlinking: /home/mikealpha/colcon_ws/install/eyantra_warehouse/share/eyantra_warehouse//models/boxes/box_11/model.sdf
[0.957s] -- Symlinking: /home/mikealpha/colcon_ws/install/eyantra_warehouse/share/eyantra_warehouse//models/boxes/box_12/meshes/aruco_tag.jpg
[0.964s] -- Symlinking: /home/mikealpha/colcon_ws/install/eyantra_warehouse/share/eyantra_warehouse//models/boxes/box_12/meshes/box.dae
[0.971s] -- Symlinking: /home/mikealpha/colcon_ws/install/eyantra_warehouse/share/eyantra_warehouse//models/boxes/box_12/meshes/box__bg.png
[0.978s] -- Symlinking: /home/mikealpha/colcon_ws/install/eyantra_warehouse/share/eyantra_warehouse//models/boxes/box_12/meshes/cardboard_bg.png
[0.984s] -- Symlinking: /home/mikealpha/colcon_ws/install/eyantra_warehouse/share/eyantra_warehouse//models/boxes/box_12/model.config
[0.990s] -- Symlinking: /home/mikealpha/colcon_ws/install/eyantra_warehouse/share/eyantra_warehouse//models/boxes/box_12/model.sdf
[0.996s] -- Symlinking: /home/mikealpha/colcon_ws/install/eyantra_warehouse/share/eyantra_warehouse//models/boxes/box_13/meshes/aruco_tag.jpg
[1.003s] -- Symlinking: /home/mikealpha/colcon_ws/install/eyantra_warehouse/share/eyantra_warehouse//models/boxes/box_13/meshes/box.dae
[1.011s] -- Symlinking: /home/mikealpha/colcon_ws/install/eyantra_warehouse/share/eyantra_warehouse//models/boxes/box_13/meshes/box__bg.png
[1.017s] -- Symlinking: /home/mikealpha/colcon_ws/install/eyantra_warehouse/share/eyantra_warehouse//models/boxes/box_13/meshes/cardboard_bg.png
[1.025s] -- Symlinking: /home/mikealpha/colcon_ws/install/eyantra_warehouse/share/eyantra_warehouse//models/boxes/box_13/model.config
[1.031s] -- Symlinking: /home/mikealpha/colcon_ws/install/eyantra_warehouse/share/eyantra_warehouse//models/boxes/box_13/model.sdf
[1.037s] -- Symlinking: /home/mikealpha/colcon_ws/install/eyantra_warehouse/share/eyantra_warehouse//models/boxes/box_14/meshes/aruco_tag.jpg
[1.043s] -- Symlinking: /home/mikealpha/colcon_ws/install/eyantra_warehouse/share/eyantra_warehouse//models/boxes/box_14/meshes/box.dae
[1.050s] -- Symlinking: /home/mikealpha/colcon_ws/install/eyantra_warehouse/share/eyantra_warehouse//models/boxes/box_14/meshes/box__bg.png
[1.057s] -- Symlinking: /home/mikealpha/colcon_ws/install/eyantra_warehouse/share/eyantra_warehouse//models/boxes/box_14/meshes/cardboard_bg.png
[1.063s] -- Symlinking: /home/mikealpha/colcon_ws/install/eyantra_warehouse/share/eyantra_warehouse//models/boxes/box_14/model.config
[1.068s] -- Symlinking: /home/mikealpha/colcon_ws/install/eyantra_warehouse/share/eyantra_warehouse//models/boxes/box_14/model.sdf
[1.075s] -- Symlinking: /home/mikealpha/colcon_ws/install/eyantra_warehouse/share/eyantra_warehouse//models/boxes/box_15/meshes/aruco_tag.jpg
[1.080s] -- Symlinking: /home/mikealpha/colcon_ws/install/eyantra_warehouse/share/eyantra_warehouse//models/boxes/box_15/meshes/box.dae
[1.087s] -- Symlinking: /home/mikealpha/colcon_ws/install/eyantra_warehouse/share/eyantra_warehouse//models/boxes/box_15/meshes/box__bg.png
[1.092s] -- Symlinking: /home/mikealpha/colcon_ws/install/eyantra_warehouse/share/eyantra_warehouse//models/boxes/box_15/meshes/cardboard_bg.png
[1.098s] -- Symlinking: /home/mikealpha/colcon_ws/install/eyantra_warehouse/share/eyantra_warehouse//models/boxes/box_15/model.config
[1.104s] -- Symlinking: /home/mikealpha/colcon_ws/install/eyantra_warehouse/share/eyantra_warehouse//models/boxes/box_15/model.sdf
[1.110s] -- Symlinking: /home/mikealpha/colcon_ws/install/eyantra_warehouse/share/eyantra_warehouse//models/boxes/box_16/meshes/aruco_tag.jpg
[1.116s] -- Symlinking: /home/mikealpha/colcon_ws/install/eyantra_warehouse/share/eyantra_warehouse//models/boxes/box_16/meshes/box.dae
[1.123s] -- Symlinking: /home/mikealpha/colcon_ws/install/eyantra_warehouse/share/eyantra_warehouse//models/boxes/box_16/meshes/box__bg.png
[1.129s] -- Symlinking: /home/mikealpha/colcon_ws/install/eyantra_warehouse/share/eyantra_warehouse//models/boxes/box_16/meshes/cardboard_bg.png
[1.134s] -- Symlinking: /home/mikealpha/colcon_ws/install/eyantra_warehouse/share/eyantra_warehouse//models/boxes/box_16/model.config
[1.140s] -- Symlinking: /home/mikealpha/colcon_ws/install/eyantra_warehouse/share/eyantra_warehouse//models/boxes/box_16/model.sdf
[1.148s] -- Symlinking: /home/mikealpha/colcon_ws/install/eyantra_warehouse/share/eyantra_warehouse//models/boxes/box_17/meshes/aruco_tag.jpg
[1.153s] -- Symlinking: /home/mikealpha/colcon_ws/install/eyantra_warehouse/share/eyantra_warehouse//models/boxes/box_17/meshes/box.dae
[1.161s] -- Symlinking: /home/mikealpha/colcon_ws/install/eyantra_warehouse/share/eyantra_warehouse//models/boxes/box_17/meshes/box__bg.png
[1.168s] -- Symlinking: /home/mikealpha/colcon_ws/install/eyantra_warehouse/share/eyantra_warehouse//models/boxes/box_17/meshes/cardboard_bg.png
[1.174s] -- Symlinking: /home/mikealpha/colcon_ws/install/eyantra_warehouse/share/eyantra_warehouse//models/boxes/box_17/model.config
[1.180s] -- Symlinking: /home/mikealpha/colcon_ws/install/eyantra_warehouse/share/eyantra_warehouse//models/boxes/box_17/model.sdf
[1.187s] -- Symlinking: /home/mikealpha/colcon_ws/install/eyantra_warehouse/share/eyantra_warehouse//models/boxes/box_18/meshes/aruco_tag.jpg
[1.193s] -- Symlinking: /home/mikealpha/colcon_ws/install/eyantra_warehouse/share/eyantra_warehouse//models/boxes/box_18/meshes/box.dae
[1.198s] -- Symlinking: /home/mikealpha/colcon_ws/install/eyantra_warehouse/share/eyantra_warehouse//models/boxes/box_18/meshes/box__bg.png
[1.203s] -- Symlinking: /home/mikealpha/colcon_ws/install/eyantra_warehouse/share/eyantra_warehouse//models/boxes/box_18/meshes/cardboard_bg.png
[1.212s] -- Symlinking: /home/mikealpha/colcon_ws/install/eyantra_warehouse/share/eyantra_warehouse//models/boxes/box_18/model.config
[1.222s] -- Symlinking: /home/mikealpha/colcon_ws/install/eyantra_warehouse/share/eyantra_warehouse//models/boxes/box_18/model.sdf
[1.231s] -- Symlinking: /home/mikealpha/colcon_ws/install/eyantra_warehouse/share/eyantra_warehouse//models/boxes/box_19/meshes/aruco_tag.jpg
[1.237s] -- Symlinking: /home/mikealpha/colcon_ws/install/eyantra_warehouse/share/eyantra_warehouse//models/boxes/box_19/meshes/box.dae
[1.245s] -- Symlinking: /home/mikealpha/colcon_ws/install/eyantra_warehouse/share/eyantra_warehouse//models/boxes/box_19/meshes/box__bg.png
[1.252s] -- Symlinking: /home/mikealpha/colcon_ws/install/eyantra_warehouse/share/eyantra_warehouse//models/boxes/box_19/meshes/cardboard_bg.png
[1.259s] -- Symlinking: /home/mikealpha/colcon_ws/install/eyantra_warehouse/share/eyantra_warehouse//models/boxes/box_19/model.config
[1.265s] -- Symlinking: /home/mikealpha/colcon_ws/install/eyantra_warehouse/share/eyantra_warehouse//models/boxes/box_19/model.sdf
[1.271s] -- Symlinking: /home/mikealpha/colcon_ws/install/eyantra_warehouse/share/eyantra_warehouse//models/boxes/box_2/meshes/aruco_tag.jpg
[1.277s] -- Symlinking: /home/mikealpha/colcon_ws/install/eyantra_warehouse/share/eyantra_warehouse//models/boxes/box_2/meshes/box.dae
[1.285s] -- Symlinking: /home/mikealpha/colcon_ws/install/eyantra_warehouse/share/eyantra_warehouse//models/boxes/box_2/meshes/box__bg.png
[1.292s] -- Symlinking: /home/mikealpha/colcon_ws/install/eyantra_warehouse/share/eyantra_warehouse//models/boxes/box_2/meshes/cardboard_bg.png
[1.299s] -- Symlinking: /home/mikealpha/colcon_ws/install/eyantra_warehouse/share/eyantra_warehouse//models/boxes/box_2/model.config
[1.305s] -- Symlinking: /home/mikealpha/colcon_ws/install/eyantra_warehouse/share/eyantra_warehouse//models/boxes/box_2/model.sdf
[1.313s] -- Symlinking: /home/mikealpha/colcon_ws/install/eyantra_warehouse/share/eyantra_warehouse//models/boxes/box_20/meshes/aruco_tag.jpg
[1.319s] -- Symlinking: /home/mikealpha/colcon_ws/install/eyantra_warehouse/share/eyantra_warehouse//models/boxes/box_20/meshes/box.dae
[1.327s] -- Symlinking: /home/mikealpha/colcon_ws/install/eyantra_warehouse/share/eyantra_warehouse//models/boxes/box_20/meshes/box__bg.png
[1.332s] -- Symlinking: /home/mikealpha/colcon_ws/install/eyantra_warehouse/share/eyantra_warehouse//models/boxes/box_20/meshes/cardboard_bg.png
[1.339s] -- Symlinking: /home/mikealpha/colcon_ws/install/eyantra_warehouse/share/eyantra_warehouse//models/boxes/box_20/model.config
[1.345s] -- Symlinking: /home/mikealpha/colcon_ws/install/eyantra_warehouse/share/eyantra_warehouse//models/boxes/box_20/model.sdf
[1.352s] -- Symlinking: /home/mikealpha/colcon_ws/install/eyantra_warehouse/share/eyantra_warehouse//models/boxes/box_21/meshes/aruco_tag.jpg
[1.358s] -- Symlinking: /home/mikealpha/colcon_ws/install/eyantra_warehouse/share/eyantra_warehouse//models/boxes/box_21/meshes/box.dae
[1.364s] -- Symlinking: /home/mikealpha/colcon_ws/install/eyantra_warehouse/share/eyantra_warehouse//models/boxes/box_21/meshes/box__bg.png
[1.371s] -- Symlinking: /home/mikealpha/colcon_ws/install/eyantra_warehouse/share/eyantra_warehouse//models/boxes/box_21/meshes/cardboard_bg.png
[1.376s] -- Symlinking: /home/mikealpha/colcon_ws/install/eyantra_warehouse/share/eyantra_warehouse//models/boxes/box_21/model.config
[1.381s] -- Symlinking: /home/mikealpha/colcon_ws/install/eyantra_warehouse/share/eyantra_warehouse//models/boxes/box_21/model.sdf
[1.386s] -- Symlinking: /home/mikealpha/colcon_ws/install/eyantra_warehouse/share/eyantra_warehouse//models/boxes/box_22/meshes/aruco_tag.jpg
[1.392s] -- Symlinking: /home/mikealpha/colcon_ws/install/eyantra_warehouse/share/eyantra_warehouse//models/boxes/box_22/meshes/box.dae
[1.399s] -- Symlinking: /home/mikealpha/colcon_ws/install/eyantra_warehouse/share/eyantra_warehouse//models/boxes/box_22/meshes/box__bg.png
[1.405s] -- Symlinking: /home/mikealpha/colcon_ws/install/eyantra_warehouse/share/eyantra_warehouse//models/boxes/box_22/meshes/cardboard_bg.png
[1.411s] -- Symlinking: /home/mikealpha/colcon_ws/install/eyantra_warehouse/share/eyantra_warehouse//models/boxes/box_22/model.config
[1.416s] -- Symlinking: /home/mikealpha/colcon_ws/install/eyantra_warehouse/share/eyantra_warehouse//models/boxes/box_22/model.sdf
[1.422s] -- Symlinking: /home/mikealpha/colcon_ws/install/eyantra_warehouse/share/eyantra_warehouse//models/boxes/box_23/meshes/aruco_tag.jpg
[1.428s] -- Symlinking: /home/mikealpha/colcon_ws/install/eyantra_warehouse/share/eyantra_warehouse//models/boxes/box_23/meshes/box.dae
[1.435s] -- Symlinking: /home/mikealpha/colcon_ws/install/eyantra_warehouse/share/eyantra_warehouse//models/boxes/box_23/meshes/box__bg.png
[1.442s] -- Symlinking: /home/mikealpha/colcon_ws/install/eyantra_warehouse/share/eyantra_warehouse//models/boxes/box_23/meshes/cardboard_bg.png
[1.448s] -- Symlinking: /home/mikealpha/colcon_ws/install/eyantra_warehouse/share/eyantra_warehouse//models/boxes/box_23/model.config
[1.455s] -- Symlinking: /home/mikealpha/colcon_ws/install/eyantra_warehouse/share/eyantra_warehouse//models/boxes/box_23/model.sdf
[1.460s] -- Symlinking: /home/mikealpha/colcon_ws/install/eyantra_warehouse/share/eyantra_warehouse//models/boxes/box_24/meshes/aruco_tag.jpg
[1.467s] -- Symlinking: /home/mikealpha/colcon_ws/install/eyantra_warehouse/share/eyantra_warehouse//models/boxes/box_24/meshes/box.dae
[1.472s] -- Symlinking: /home/mikealpha/colcon_ws/install/eyantra_warehouse/share/eyantra_warehouse//models/boxes/box_24/meshes/box__bg.png
[1.479s] -- Symlinking: /home/mikealpha/colcon_ws/install/eyantra_warehouse/share/eyantra_warehouse//models/boxes/box_24/meshes/cardboard_bg.png
[1.484s] -- Symlinking: /home/mikealpha/colcon_ws/install/eyantra_warehouse/share/eyantra_warehouse//models/boxes/box_24/model.config
[1.491s] -- Symlinking: /home/mikealpha/colcon_ws/install/eyantra_warehouse/share/eyantra_warehouse//models/boxes/box_24/model.sdf
[1.497s] -- Symlinking: /home/mikealpha/colcon_ws/install/eyantra_warehouse/share/eyantra_warehouse//models/boxes/box_25/meshes/aruco_tag.jpg
[1.502s] -- Symlinking: /home/mikealpha/colcon_ws/install/eyantra_warehouse/share/eyantra_warehouse//models/boxes/box_25/meshes/box.dae
[1.509s] -- Symlinking: /home/mikealpha/colcon_ws/install/eyantra_warehouse/share/eyantra_warehouse//models/boxes/box_25/meshes/box__bg.png
[1.515s] -- Symlinking: /home/mikealpha/colcon_ws/install/eyantra_warehouse/share/eyantra_warehouse//models/boxes/box_25/meshes/cardboard_bg.png
[1.521s] -- Symlinking: /home/mikealpha/colcon_ws/install/eyantra_warehouse/share/eyantra_warehouse//models/boxes/box_25/model.config
[1.528s] -- Symlinking: /home/mikealpha/colcon_ws/install/eyantra_warehouse/share/eyantra_warehouse//models/boxes/box_25/model.sdf
[1.534s] -- Symlinking: /home/mikealpha/colcon_ws/install/eyantra_warehouse/share/eyantra_warehouse//models/boxes/box_26/meshes/aruco_tag.jpg
[1.539s] -- Symlinking: /home/mikealpha/colcon_ws/install/eyantra_warehouse/share/eyantra_warehouse//models/boxes/box_26/meshes/box.dae
[1.545s] -- Symlinking: /home/mikealpha/colcon_ws/install/eyantra_warehouse/share/eyantra_warehouse//models/boxes/box_26/meshes/box__bg.png
[1.551s] -- Symlinking: /home/mikealpha/colcon_ws/install/eyantra_warehouse/share/eyantra_warehouse//models/boxes/box_26/meshes/cardboard_bg.png
[1.557s] -- Symlinking: /home/mikealpha/colcon_ws/install/eyantra_warehouse/share/eyantra_warehouse//models/boxes/box_26/model.config
[1.562s] -- Symlinking: /home/mikealpha/colcon_ws/install/eyantra_warehouse/share/eyantra_warehouse//models/boxes/box_26/model.sdf
[1.571s] -- Symlinking: /home/mikealpha/colcon_ws/install/eyantra_warehouse/share/eyantra_warehouse//models/boxes/box_27/meshes/aruco_tag.jpg
[1.577s] -- Symlinking: /home/mikealpha/colcon_ws/install/eyantra_warehouse/share/eyantra_warehouse//models/boxes/box_27/meshes/box.dae
[1.583s] -- Symlinking: /home/mikealpha/colcon_ws/install/eyantra_warehouse/share/eyantra_warehouse//models/boxes/box_27/meshes/box__bg.png
[1.589s] -- Symlinking: /home/mikealpha/colcon_ws/install/eyantra_warehouse/share/eyantra_warehouse//models/boxes/box_27/meshes/cardboard_bg.png
[1.595s] -- Symlinking: /home/mikealpha/colcon_ws/install/eyantra_warehouse/share/eyantra_warehouse//models/boxes/box_27/model.config
[1.600s] -- Symlinking: /home/mikealpha/colcon_ws/install/eyantra_warehouse/share/eyantra_warehouse//models/boxes/box_27/model.sdf
[1.606s] -- Symlinking: /home/mikealpha/colcon_ws/install/eyantra_warehouse/share/eyantra_warehouse//models/boxes/box_28/meshes/aruco_tag.jpg
[1.612s] -- Symlinking: /home/mikealpha/colcon_ws/install/eyantra_warehouse/share/eyantra_warehouse//models/boxes/box_28/meshes/box.dae
[1.619s] -- Symlinking: /home/mikealpha/colcon_ws/install/eyantra_warehouse/share/eyantra_warehouse//models/boxes/box_28/meshes/box__bg.png
[1.626s] -- Symlinking: /home/mikealpha/colcon_ws/install/eyantra_warehouse/share/eyantra_warehouse//models/boxes/box_28/meshes/cardboard_bg.png
[1.633s] -- Symlinking: /home/mikealpha/colcon_ws/install/eyantra_warehouse/share/eyantra_warehouse//models/boxes/box_28/model.config
[1.644s] -- Symlinking: /home/mikealpha/colcon_ws/install/eyantra_warehouse/share/eyantra_warehouse//models/boxes/box_28/model.sdf
[1.652s] -- Symlinking: /home/mikealpha/colcon_ws/install/eyantra_warehouse/share/eyantra_warehouse//models/boxes/box_29/meshes/aruco_tag.jpg
[1.660s] -- Symlinking: /home/mikealpha/colcon_ws/install/eyantra_warehouse/share/eyantra_warehouse//models/boxes/box_29/meshes/box.dae
[1.669s] -- Symlinking: /home/mikealpha/colcon_ws/install/eyantra_warehouse/share/eyantra_warehouse//models/boxes/box_29/meshes/box__bg.png
[1.678s] -- Symlinking: /home/mikealpha/colcon_ws/install/eyantra_warehouse/share/eyantra_warehouse//models/boxes/box_29/meshes/cardboard_bg.png
[1.684s] -- Symlinking: /home/mikealpha/colcon_ws/install/eyantra_warehouse/share/eyantra_warehouse//models/boxes/box_29/model.config
[1.691s] -- Symlinking: /home/mikealpha/colcon_ws/install/eyantra_warehouse/share/eyantra_warehouse//models/boxes/box_29/model.sdf
[1.699s] -- Symlinking: /home/mikealpha/colcon_ws/install/eyantra_warehouse/share/eyantra_warehouse//models/boxes/box_3/meshes/aruco_tag.jpg
[1.707s] -- Symlinking: /home/mikealpha/colcon_ws/install/eyantra_warehouse/share/eyantra_warehouse//models/boxes/box_3/meshes/box.dae
[1.714s] -- Symlinking: /home/mikealpha/colcon_ws/install/eyantra_warehouse/share/eyantra_warehouse//models/boxes/box_3/meshes/box__bg.png
[1.722s] -- Symlinking: /home/mikealpha/colcon_ws/install/eyantra_warehouse/share/eyantra_warehouse//models/boxes/box_3/meshes/cardboard_bg.png
[1.730s] -- Symlinking: /home/mikealpha/colcon_ws/install/eyantra_warehouse/share/eyantra_warehouse//models/boxes/box_3/model.config
[1.739s] -- Symlinking: /home/mikealpha/colcon_ws/install/eyantra_warehouse/share/eyantra_warehouse//models/boxes/box_3/model.sdf
[1.747s] -- Symlinking: /home/mikealpha/colcon_ws/install/eyantra_warehouse/share/eyantra_warehouse//models/boxes/box_30/meshes/aruco_tag.jpg
[1.753s] -- Symlinking: /home/mikealpha/colcon_ws/install/eyantra_warehouse/share/eyantra_warehouse//models/boxes/box_30/meshes/box.dae
[1.760s] -- Symlinking: /home/mikealpha/colcon_ws/install/eyantra_warehouse/share/eyantra_warehouse//models/boxes/box_30/meshes/box__bg.png
[1.765s] -- Symlinking: /home/mikealpha/colcon_ws/install/eyantra_warehouse/share/eyantra_warehouse//models/boxes/box_30/meshes/cardboard_bg.png
[1.771s] -- Symlinking: /home/mikealpha/colcon_ws/install/eyantra_warehouse/share/eyantra_warehouse//models/boxes/box_30/model.config
[1.777s] -- Symlinking: /home/mikealpha/colcon_ws/install/eyantra_warehouse/share/eyantra_warehouse//models/boxes/box_30/model.sdf
[1.785s] -- Symlinking: /home/mikealpha/colcon_ws/install/eyantra_warehouse/share/eyantra_warehouse//models/boxes/box_31/meshes/aruco_tag.jpg
[1.790s] -- Symlinking: /home/mikealpha/colcon_ws/install/eyantra_warehouse/share/eyantra_warehouse//models/boxes/box_31/meshes/box.dae
[1.797s] -- Symlinking: /home/mikealpha/colcon_ws/install/eyantra_warehouse/share/eyantra_warehouse//models/boxes/box_31/meshes/box__bg.png
[1.803s] -- Symlinking: /home/mikealpha/colcon_ws/install/eyantra_warehouse/share/eyantra_warehouse//models/boxes/box_31/meshes/cardboard_bg.png
[1.810s] -- Symlinking: /home/mikealpha/colcon_ws/install/eyantra_warehouse/share/eyantra_warehouse//models/boxes/box_31/model.config
[1.815s] -- Symlinking: /home/mikealpha/colcon_ws/install/eyantra_warehouse/share/eyantra_warehouse//models/boxes/box_31/model.sdf
[1.822s] -- Symlinking: /home/mikealpha/colcon_ws/install/eyantra_warehouse/share/eyantra_warehouse//models/boxes/box_32/meshes/aruco_tag.jpg
[1.828s] -- Symlinking: /home/mikealpha/colcon_ws/install/eyantra_warehouse/share/eyantra_warehouse//models/boxes/box_32/meshes/box.dae
[1.833s] -- Symlinking: /home/mikealpha/colcon_ws/install/eyantra_warehouse/share/eyantra_warehouse//models/boxes/box_32/meshes/box__bg.png
[1.840s] -- Symlinking: /home/mikealpha/colcon_ws/install/eyantra_warehouse/share/eyantra_warehouse//models/boxes/box_32/meshes/cardboard_bg.png
[1.846s] -- Symlinking: /home/mikealpha/colcon_ws/install/eyantra_warehouse/share/eyantra_warehouse//models/boxes/box_32/model.config
[1.851s] -- Symlinking: /home/mikealpha/colcon_ws/install/eyantra_warehouse/share/eyantra_warehouse//models/boxes/box_32/model.sdf
[1.857s] -- Symlinking: /home/mikealpha/colcon_ws/install/eyantra_warehouse/share/eyantra_warehouse//models/boxes/box_33/meshes/aruco_tag.jpg
[1.863s] -- Symlinking: /home/mikealpha/colcon_ws/install/eyantra_warehouse/share/eyantra_warehouse//models/boxes/box_33/meshes/box.dae
[1.870s] -- Symlinking: /home/mikealpha/colcon_ws/install/eyantra_warehouse/share/eyantra_warehouse//models/boxes/box_33/meshes/box__bg.png
[1.875s] -- Symlinking: /home/mikealpha/colcon_ws/install/eyantra_warehouse/share/eyantra_warehouse//models/boxes/box_33/meshes/cardboard_bg.png
[1.880s] -- Symlinking: /home/mikealpha/colcon_ws/install/eyantra_warehouse/share/eyantra_warehouse//models/boxes/box_33/model.config
[1.885s] -- Symlinking: /home/mikealpha/colcon_ws/install/eyantra_warehouse/share/eyantra_warehouse//models/boxes/box_33/model.sdf
[1.890s] -- Symlinking: /home/mikealpha/colcon_ws/install/eyantra_warehouse/share/eyantra_warehouse//models/boxes/box_34/meshes/aruco_tag.jpg
[1.898s] -- Symlinking: /home/mikealpha/colcon_ws/install/eyantra_warehouse/share/eyantra_warehouse//models/boxes/box_34/meshes/box.dae
[1.905s] -- Symlinking: /home/mikealpha/colcon_ws/install/eyantra_warehouse/share/eyantra_warehouse//models/boxes/box_34/meshes/box__bg.png
[1.912s] -- Symlinking: /home/mikealpha/colcon_ws/install/eyantra_warehouse/share/eyantra_warehouse//models/boxes/box_34/meshes/cardboard_bg.png
[1.920s] -- Symlinking: /home/mikealpha/colcon_ws/install/eyantra_warehouse/share/eyantra_warehouse//models/boxes/box_34/model.config
[1.927s] -- Symlinking: /home/mikealpha/colcon_ws/install/eyantra_warehouse/share/eyantra_warehouse//models/boxes/box_34/model.sdf
[1.932s] -- Symlinking: /home/mikealpha/colcon_ws/install/eyantra_warehouse/share/eyantra_warehouse//models/boxes/box_35/meshes/aruco_tag.jpg
[1.940s] -- Symlinking: /home/mikealpha/colcon_ws/install/eyantra_warehouse/share/eyantra_warehouse//models/boxes/box_35/meshes/box.dae
[1.946s] -- Symlinking: /home/mikealpha/colcon_ws/install/eyantra_warehouse/share/eyantra_warehouse//models/boxes/box_35/meshes/box__bg.png
[1.953s] -- Symlinking: /home/mikealpha/colcon_ws/install/eyantra_warehouse/share/eyantra_warehouse//models/boxes/box_35/meshes/cardboard_bg.png
[1.959s] -- Symlinking: /home/mikealpha/colcon_ws/install/eyantra_warehouse/share/eyantra_warehouse//models/boxes/box_35/model.config
[1.965s] -- Symlinking: /home/mikealpha/colcon_ws/install/eyantra_warehouse/share/eyantra_warehouse//models/boxes/box_35/model.sdf
[1.971s] -- Symlinking: /home/mikealpha/colcon_ws/install/eyantra_warehouse/share/eyantra_warehouse//models/boxes/box_36/meshes/aruco_tag.jpg
[1.980s] -- Symlinking: /home/mikealpha/colcon_ws/install/eyantra_warehouse/share/eyantra_warehouse//models/boxes/box_36/meshes/box.dae
[1.986s] -- Symlinking: /home/mikealpha/colcon_ws/install/eyantra_warehouse/share/eyantra_warehouse//models/boxes/box_36/meshes/box__bg.png
[1.993s] -- Symlinking: /home/mikealpha/colcon_ws/install/eyantra_warehouse/share/eyantra_warehouse//models/boxes/box_36/meshes/cardboard_bg.png
[1.998s] -- Symlinking: /home/mikealpha/colcon_ws/install/eyantra_warehouse/share/eyantra_warehouse//models/boxes/box_36/model.config
[2.004s] -- Symlinking: /home/mikealpha/colcon_ws/install/eyantra_warehouse/share/eyantra_warehouse//models/boxes/box_36/model.sdf
[2.009s] -- Symlinking: /home/mikealpha/colcon_ws/install/eyantra_warehouse/share/eyantra_warehouse//models/boxes/box_37/meshes/aruco_tag.jpg
[2.015s] -- Symlinking: /home/mikealpha/colcon_ws/install/eyantra_warehouse/share/eyantra_warehouse//models/boxes/box_37/meshes/box.dae
[2.021s] -- Symlinking: /home/mikealpha/colcon_ws/install/eyantra_warehouse/share/eyantra_warehouse//models/boxes/box_37/meshes/box__bg.png
[2.027s] -- Symlinking: /home/mikealpha/colcon_ws/install/eyantra_warehouse/share/eyantra_warehouse//models/boxes/box_37/meshes/cardboard_bg.png
[2.033s] -- Symlinking: /home/mikealpha/colcon_ws/install/eyantra_warehouse/share/eyantra_warehouse//models/boxes/box_37/model.config
[2.040s] -- Symlinking: /home/mikealpha/colcon_ws/install/eyantra_warehouse/share/eyantra_warehouse//models/boxes/box_37/model.sdf
[2.047s] -- Symlinking: /home/mikealpha/colcon_ws/install/eyantra_warehouse/share/eyantra_warehouse//models/boxes/box_38/meshes/aruco_tag.jpg
[2.055s] -- Symlinking: /home/mikealpha/colcon_ws/install/eyantra_warehouse/share/eyantra_warehouse//models/boxes/box_38/meshes/box.dae
[2.061s] -- Symlinking: /home/mikealpha/colcon_ws/install/eyantra_warehouse/share/eyantra_warehouse//models/boxes/box_38/meshes/box__bg.png
[2.069s] -- Symlinking: /home/mikealpha/colcon_ws/install/eyantra_warehouse/share/eyantra_warehouse//models/boxes/box_38/meshes/cardboard_bg.png
[2.076s] -- Symlinking: /home/mikealpha/colcon_ws/install/eyantra_warehouse/share/eyantra_warehouse//models/boxes/box_38/model.config
[2.083s] -- Symlinking: /home/mikealpha/colcon_ws/install/eyantra_warehouse/share/eyantra_warehouse//models/boxes/box_38/model.sdf
[2.089s] -- Symlinking: /home/mikealpha/colcon_ws/install/eyantra_warehouse/share/eyantra_warehouse//models/boxes/box_39/meshes/aruco_tag.jpg
[2.096s] -- Symlinking: /home/mikealpha/colcon_ws/install/eyantra_warehouse/share/eyantra_warehouse//models/boxes/box_39/meshes/box.dae
[2.101s] -- Symlinking: /home/mikealpha/colcon_ws/install/eyantra_warehouse/share/eyantra_warehouse//models/boxes/box_39/meshes/box__bg.png
[2.107s] -- Symlinking: /home/mikealpha/colcon_ws/install/eyantra_warehouse/share/eyantra_warehouse//models/boxes/box_39/meshes/cardboard_bg.png
[2.114s] -- Symlinking: /home/mikealpha/colcon_ws/install/eyantra_warehouse/share/eyantra_warehouse//models/boxes/box_39/model.config
[2.121s] -- Symlinking: /home/mikealpha/colcon_ws/install/eyantra_warehouse/share/eyantra_warehouse//models/boxes/box_39/model.sdf
[2.127s] -- Symlinking: /home/mikealpha/colcon_ws/install/eyantra_warehouse/share/eyantra_warehouse//models/boxes/box_4/meshes/aruco_tag.jpg
[2.133s] -- Symlinking: /home/mikealpha/colcon_ws/install/eyantra_warehouse/share/eyantra_warehouse//models/boxes/box_4/meshes/box.dae
[2.140s] -- Symlinking: /home/mikealpha/colcon_ws/install/eyantra_warehouse/share/eyantra_warehouse//models/boxes/box_4/meshes/box__bg.png
[2.148s] -- Symlinking: /home/mikealpha/colcon_ws/install/eyantra_warehouse/share/eyantra_warehouse//models/boxes/box_4/meshes/cardboard_bg.png
[2.155s] -- Symlinking: /home/mikealpha/colcon_ws/install/eyantra_warehouse/share/eyantra_warehouse//models/boxes/box_4/model.config
[2.162s] -- Symlinking: /home/mikealpha/colcon_ws/install/eyantra_warehouse/share/eyantra_warehouse//models/boxes/box_4/model.sdf
[2.169s] -- Symlinking: /home/mikealpha/colcon_ws/install/eyantra_warehouse/share/eyantra_warehouse//models/boxes/box_40/meshes/aruco_tag.jpg
[2.176s] -- Symlinking: /home/mikealpha/colcon_ws/install/eyantra_warehouse/share/eyantra_warehouse//models/boxes/box_40/meshes/box.dae
[2.182s] -- Symlinking: /home/mikealpha/colcon_ws/install/eyantra_warehouse/share/eyantra_warehouse//models/boxes/box_40/meshes/box__bg.png
[2.189s] -- Symlinking: /home/mikealpha/colcon_ws/install/eyantra_warehouse/share/eyantra_warehouse//models/boxes/box_40/meshes/cardboard_bg.png
[2.196s] -- Symlinking: /home/mikealpha/colcon_ws/install/eyantra_warehouse/share/eyantra_warehouse//models/boxes/box_40/model.config
[2.202s] -- Symlinking: /home/mikealpha/colcon_ws/install/eyantra_warehouse/share/eyantra_warehouse//models/boxes/box_40/model.sdf
[2.207s] -- Symlinking: /home/mikealpha/colcon_ws/install/eyantra_warehouse/share/eyantra_warehouse//models/boxes/box_41/meshes/aruco_tag.jpg
[2.212s] -- Symlinking: /home/mikealpha/colcon_ws/install/eyantra_warehouse/share/eyantra_warehouse//models/boxes/box_41/meshes/box.dae
[2.218s] -- Symlinking: /home/mikealpha/colcon_ws/install/eyantra_warehouse/share/eyantra_warehouse//models/boxes/box_41/meshes/box__bg.png
[2.224s] -- Symlinking: /home/mikealpha/colcon_ws/install/eyantra_warehouse/share/eyantra_warehouse//models/boxes/box_41/meshes/cardboard_bg.png
[2.229s] -- Symlinking: /home/mikealpha/colcon_ws/install/eyantra_warehouse/share/eyantra_warehouse//models/boxes/box_41/model.config
[2.235s] -- Symlinking: /home/mikealpha/colcon_ws/install/eyantra_warehouse/share/eyantra_warehouse//models/boxes/box_41/model.sdf
[2.240s] -- Symlinking: /home/mikealpha/colcon_ws/install/eyantra_warehouse/share/eyantra_warehouse//models/boxes/box_42/meshes/aruco_tag.jpg
[2.247s] -- Symlinking: /home/mikealpha/colcon_ws/install/eyantra_warehouse/share/eyantra_warehouse//models/boxes/box_42/meshes/box.dae
[2.253s] -- Symlinking: /home/mikealpha/colcon_ws/install/eyantra_warehouse/share/eyantra_warehouse//models/boxes/box_42/meshes/box__bg.png
[2.260s] -- Symlinking: /home/mikealpha/colcon_ws/install/eyantra_warehouse/share/eyantra_warehouse//models/boxes/box_42/meshes/cardboard_bg.png
[2.266s] -- Symlinking: /home/mikealpha/colcon_ws/install/eyantra_warehouse/share/eyantra_warehouse//models/boxes/box_42/model.config
[2.273s] -- Symlinking: /home/mikealpha/colcon_ws/install/eyantra_warehouse/share/eyantra_warehouse//models/boxes/box_42/model.sdf
[2.279s] -- Symlinking: /home/mikealpha/colcon_ws/install/eyantra_warehouse/share/eyantra_warehouse//models/boxes/box_43/meshes/aruco_tag.jpg
[2.287s] -- Symlinking: /home/mikealpha/colcon_ws/install/eyantra_warehouse/share/eyantra_warehouse//models/boxes/box_43/meshes/box.dae
[2.294s] -- Symlinking: /home/mikealpha/colcon_ws/install/eyantra_warehouse/share/eyantra_warehouse//models/boxes/box_43/meshes/box__bg.png
[2.300s] -- Symlinking: /home/mikealpha/colcon_ws/install/eyantra_warehouse/share/eyantra_warehouse//models/boxes/box_43/meshes/cardboard_bg.png
[2.307s] -- Symlinking: /home/mikealpha/colcon_ws/install/eyantra_warehouse/share/eyantra_warehouse//models/boxes/box_43/model.config
[2.312s] -- Symlinking: /home/mikealpha/colcon_ws/install/eyantra_warehouse/share/eyantra_warehouse//models/boxes/box_43/model.sdf
[2.319s] -- Symlinking: /home/mikealpha/colcon_ws/install/eyantra_warehouse/share/eyantra_warehouse//models/boxes/box_44/meshes/aruco_tag.jpg
[2.325s] -- Symlinking: /home/mikealpha/colcon_ws/install/eyantra_warehouse/share/eyantra_warehouse//models/boxes/box_44/meshes/box.dae
[2.332s] -- Symlinking: /home/mikealpha/colcon_ws/install/eyantra_warehouse/share/eyantra_warehouse//models/boxes/box_44/meshes/box__bg.png
[2.339s] -- Symlinking: /home/mikealpha/colcon_ws/install/eyantra_warehouse/share/eyantra_warehouse//models/boxes/box_44/meshes/cardboard_bg.png
[2.345s] -- Symlinking: /home/mikealpha/colcon_ws/install/eyantra_warehouse/share/eyantra_warehouse//models/boxes/box_44/model.config
[2.354s] -- Symlinking: /home/mikealpha/colcon_ws/install/eyantra_warehouse/share/eyantra_warehouse//models/boxes/box_44/model.sdf
[2.361s] -- Symlinking: /home/mikealpha/colcon_ws/install/eyantra_warehouse/share/eyantra_warehouse//models/boxes/box_45/meshes/aruco_tag.jpg
[2.368s] -- Symlinking: /home/mikealpha/colcon_ws/install/eyantra_warehouse/share/eyantra_warehouse//models/boxes/box_45/meshes/box.dae
[2.374s] -- Symlinking: /home/mikealpha/colcon_ws/install/eyantra_warehouse/share/eyantra_warehouse//models/boxes/box_45/meshes/box__bg.png
[2.379s] -- Symlinking: /home/mikealpha/colcon_ws/install/eyantra_warehouse/share/eyantra_warehouse//models/boxes/box_45/meshes/cardboard_bg.png
[2.385s] -- Symlinking: /home/mikealpha/colcon_ws/install/eyantra_warehouse/share/eyantra_warehouse//models/boxes/box_45/model.config
[2.391s] -- Symlinking: /home/mikealpha/colcon_ws/install/eyantra_warehouse/share/eyantra_warehouse//models/boxes/box_45/model.sdf
[2.397s] -- Symlinking: /home/mikealpha/colcon_ws/install/eyantra_warehouse/share/eyantra_warehouse//models/boxes/box_46/meshes/aruco_tag.jpg
[2.403s] -- Symlinking: /home/mikealpha/colcon_ws/install/eyantra_warehouse/share/eyantra_warehouse//models/boxes/box_46/meshes/box.dae
[2.408s] -- Symlinking: /home/mikealpha/colcon_ws/install/eyantra_warehouse/share/eyantra_warehouse//models/boxes/box_46/meshes/box__bg.png
[2.414s] -- Symlinking: /home/mikealpha/colcon_ws/install/eyantra_warehouse/share/eyantra_warehouse//models/boxes/box_46/meshes/cardboard_bg.png
[2.420s] -- Symlinking: /home/mikealpha/colcon_ws/install/eyantra_warehouse/share/eyantra_warehouse//models/boxes/box_46/model.config
[2.426s] -- Symlinking: /home/mikealpha/colcon_ws/install/eyantra_warehouse/share/eyantra_warehouse//models/boxes/box_46/model.sdf
[2.433s] -- Symlinking: /home/mikealpha/colcon_ws/install/eyantra_warehouse/share/eyantra_warehouse//models/boxes/box_47/meshes/aruco_tag.jpg
[2.439s] -- Symlinking: /home/mikealpha/colcon_ws/install/eyantra_warehouse/share/eyantra_warehouse//models/boxes/box_47/meshes/box.dae
[2.447s] -- Symlinking: /home/mikealpha/colcon_ws/install/eyantra_warehouse/share/eyantra_warehouse//models/boxes/box_47/meshes/box__bg.png
[2.454s] -- Symlinking: /home/mikealpha/colcon_ws/install/eyantra_warehouse/share/eyantra_warehouse//models/boxes/box_47/meshes/cardboard_bg.png
[2.460s] -- Symlinking: /home/mikealpha/colcon_ws/install/eyantra_warehouse/share/eyantra_warehouse//models/boxes/box_47/model.config
[2.466s] -- Symlinking: /home/mikealpha/colcon_ws/install/eyantra_warehouse/share/eyantra_warehouse//models/boxes/box_47/model.sdf
[2.472s] -- Symlinking: /home/mikealpha/colcon_ws/install/eyantra_warehouse/share/eyantra_warehouse//models/boxes/box_48/meshes/aruco_tag.jpg
[2.476s] -- Symlinking: /home/mikealpha/colcon_ws/install/eyantra_warehouse/share/eyantra_warehouse//models/boxes/box_48/meshes/box.dae
[2.482s] -- Symlinking: /home/mikealpha/colcon_ws/install/eyantra_warehouse/share/eyantra_warehouse//models/boxes/box_48/meshes/box__bg.png
[2.487s] -- Symlinking: /home/mikealpha/colcon_ws/install/eyantra_warehouse/share/eyantra_warehouse//models/boxes/box_48/meshes/cardboard_bg.png
[2.493s] -- Symlinking: /home/mikealpha/colcon_ws/install/eyantra_warehouse/share/eyantra_warehouse//models/boxes/box_48/model.config
[2.500s] -- Symlinking: /home/mikealpha/colcon_ws/install/eyantra_warehouse/share/eyantra_warehouse//models/boxes/box_48/model.sdf
[2.506s] -- Symlinking: /home/mikealpha/colcon_ws/install/eyantra_warehouse/share/eyantra_warehouse//models/boxes/box_49/meshes/aruco_tag.jpg
[2.512s] -- Symlinking: /home/mikealpha/colcon_ws/install/eyantra_warehouse/share/eyantra_warehouse//models/boxes/box_49/meshes/box.dae
[2.519s] -- Symlinking: /home/mikealpha/colcon_ws/install/eyantra_warehouse/share/eyantra_warehouse//models/boxes/box_49/meshes/box__bg.png
[2.526s] -- Symlinking: /home/mikealpha/colcon_ws/install/eyantra_warehouse/share/eyantra_warehouse//models/boxes/box_49/meshes/cardboard_bg.png
[2.535s] -- Symlinking: /home/mikealpha/colcon_ws/install/eyantra_warehouse/share/eyantra_warehouse//models/boxes/box_49/model.config
[2.543s] -- Symlinking: /home/mikealpha/colcon_ws/install/eyantra_warehouse/share/eyantra_warehouse//models/boxes/box_49/model.sdf
[2.552s] -- Symlinking: /home/mikealpha/colcon_ws/install/eyantra_warehouse/share/eyantra_warehouse//models/boxes/box_5/meshes/aruco_tag.jpg
[2.558s] -- Symlinking: /home/mikealpha/colcon_ws/install/eyantra_warehouse/share/eyantra_warehouse//models/boxes/box_5/meshes/box.dae
[2.564s] -- Symlinking: /home/mikealpha/colcon_ws/install/eyantra_warehouse/share/eyantra_warehouse//models/boxes/box_5/meshes/box__bg.png
[2.572s] -- Symlinking: /home/mikealpha/colcon_ws/install/eyantra_warehouse/share/eyantra_warehouse//models/boxes/box_5/meshes/cardboard_bg.png
[2.577s] -- Symlinking: /home/mikealpha/colcon_ws/install/eyantra_warehouse/share/eyantra_warehouse//models/boxes/box_5/model.config
[2.585s] -- Symlinking: /home/mikealpha/colcon_ws/install/eyantra_warehouse/share/eyantra_warehouse//models/boxes/box_5/model.sdf
[2.592s] -- Symlinking: /home/mikealpha/colcon_ws/install/eyantra_warehouse/share/eyantra_warehouse//models/boxes/box_50/meshes/aruco_tag.jpg
[2.598s] -- Symlinking: /home/mikealpha/colcon_ws/install/eyantra_warehouse/share/eyantra_warehouse//models/boxes/box_50/meshes/box.dae
[2.605s] -- Symlinking: /home/mikealpha/colcon_ws/install/eyantra_warehouse/share/eyantra_warehouse//models/boxes/box_50/meshes/box__bg.png
[2.610s] -- Symlinking: /home/mikealpha/colcon_ws/install/eyantra_warehouse/share/eyantra_warehouse//models/boxes/box_50/meshes/cardboard_bg.png
[2.617s] -- Symlinking: /home/mikealpha/colcon_ws/install/eyantra_warehouse/share/eyantra_warehouse//models/boxes/box_50/model.config
[2.623s] -- Symlinking: /home/mikealpha/colcon_ws/install/eyantra_warehouse/share/eyantra_warehouse//models/boxes/box_50/model.sdf
[2.630s] -- Symlinking: /home/mikealpha/colcon_ws/install/eyantra_warehouse/share/eyantra_warehouse//models/boxes/box_6/meshes/aruco_tag.jpg
[2.636s] -- Symlinking: /home/mikealpha/colcon_ws/install/eyantra_warehouse/share/eyantra_warehouse//models/boxes/box_6/meshes/box.dae
[2.642s] -- Symlinking: /home/mikealpha/colcon_ws/install/eyantra_warehouse/share/eyantra_warehouse//models/boxes/box_6/meshes/box__bg.png
[2.648s] -- Symlinking: /home/mikealpha/colcon_ws/install/eyantra_warehouse/share/eyantra_warehouse//models/boxes/box_6/meshes/cardboard_bg.png
[2.654s] -- Symlinking: /home/mikealpha/colcon_ws/install/eyantra_warehouse/share/eyantra_warehouse//models/boxes/box_6/model.config
[2.660s] -- Symlinking: /home/mikealpha/colcon_ws/install/eyantra_warehouse/share/eyantra_warehouse//models/boxes/box_6/model.sdf
[2.666s] -- Symlinking: /home/mikealpha/colcon_ws/install/eyantra_warehouse/share/eyantra_warehouse//models/boxes/box_7/meshes/aruco_tag.jpg
[2.672s] -- Symlinking: /home/mikealpha/colcon_ws/install/eyantra_warehouse/share/eyantra_warehouse//models/boxes/box_7/meshes/box.dae
[2.678s] -- Symlinking: /home/mikealpha/colcon_ws/install/eyantra_warehouse/share/eyantra_warehouse//models/boxes/box_7/meshes/box__bg.png
[2.684s] -- Symlinking: /home/mikealpha/colcon_ws/install/eyantra_warehouse/share/eyantra_warehouse//models/boxes/box_7/meshes/cardboard_bg.png
[2.689s] -- Symlinking: /home/mikealpha/colcon_ws/install/eyantra_warehouse/share/eyantra_warehouse//models/boxes/box_7/model.config
[2.694s] -- Symlinking: /home/mikealpha/colcon_ws/install/eyantra_warehouse/share/eyantra_warehouse//models/boxes/box_7/model.sdf
[2.702s] -- Symlinking: /home/mikealpha/colcon_ws/install/eyantra_warehouse/share/eyantra_warehouse//models/boxes/box_8/meshes/aruco_tag.jpg
[2.708s] -- Symlinking: /home/mikealpha/colcon_ws/install/eyantra_warehouse/share/eyantra_warehouse//models/boxes/box_8/meshes/box.dae
[2.714s] -- Symlinking: /home/mikealpha/colcon_ws/install/eyantra_warehouse/share/eyantra_warehouse//models/boxes/box_8/meshes/box__bg.png
[2.719s] -- Symlinking: /home/mikealpha/colcon_ws/install/eyantra_warehouse/share/eyantra_warehouse//models/boxes/box_8/meshes/cardboard_bg.png
[2.725s] -- Symlinking: /home/mikealpha/colcon_ws/install/eyantra_warehouse/share/eyantra_warehouse//models/boxes/box_8/model.config
[2.731s] -- Symlinking: /home/mikealpha/colcon_ws/install/eyantra_warehouse/share/eyantra_warehouse//models/boxes/box_8/model.sdf
[2.738s] -- Symlinking: /home/mikealpha/colcon_ws/install/eyantra_warehouse/share/eyantra_warehouse//models/boxes/box_9/meshes/aruco_tag.jpg
[2.745s] -- Symlinking: /home/mikealpha/colcon_ws/install/eyantra_warehouse/share/eyantra_warehouse//models/boxes/box_9/meshes/box.dae
[2.751s] -- Symlinking: /home/mikealpha/colcon_ws/install/eyantra_warehouse/share/eyantra_warehouse//models/boxes/box_9/meshes/box__bg.png
[2.756s] -- Symlinking: /home/mikealpha/colcon_ws/install/eyantra_warehouse/share/eyantra_warehouse//models/boxes/box_9/meshes/cardboard_bg.png
[2.762s] -- Symlinking: /home/mikealpha/colcon_ws/install/eyantra_warehouse/share/eyantra_warehouse//models/boxes/box_9/model.config
[2.768s] -- Symlinking: /home/mikealpha/colcon_ws/install/eyantra_warehouse/share/eyantra_warehouse//models/boxes/box_9/model.sdf
[2.774s] -- Symlinking: /home/mikealpha/colcon_ws/install/eyantra_warehouse/share/eyantra_warehouse//models/conveyor_belt/meshes/conveyor_belt.dae
[2.780s] -- Symlinking: /home/mikealpha/colcon_ws/install/eyantra_warehouse/share/eyantra_warehouse//models/conveyor_belt/meshes/conveyor_belt.stl
[2.786s] -- Symlinking: /home/mikealpha/colcon_ws/install/eyantra_warehouse/share/eyantra_warehouse//models/conveyor_belt/model.config
[2.791s] -- Symlinking: /home/mikealpha/colcon_ws/install/eyantra_warehouse/share/eyantra_warehouse//models/conveyor_belt/model.sdf
[2.799s] -- Symlinking: /home/mikealpha/colcon_ws/install/eyantra_warehouse/share/eyantra_warehouse//models/drop_table/meshes/eyantra_logo~red_280x55.png
[2.804s] -- Symlinking: /home/mikealpha/colcon_ws/install/eyantra_warehouse/share/eyantra_warehouse//models/drop_table/meshes/eyantra_logo~red_280x55.png.001.png
[2.810s] -- Symlinking: /home/mikealpha/colcon_ws/install/eyantra_warehouse/share/eyantra_warehouse//models/drop_table/meshes/table.dae
[2.816s] -- Symlinking: /home/mikealpha/colcon_ws/install/eyantra_warehouse/share/eyantra_warehouse//models/drop_table/model.config
[2.823s] -- Symlinking: /home/mikealpha/colcon_ws/install/eyantra_warehouse/share/eyantra_warehouse//models/drop_table/model.sdf
[2.829s] -- Symlinking: /home/mikealpha/colcon_ws/install/eyantra_warehouse/share/eyantra_warehouse//models/ground_plane/model.config
[2.835s] -- Symlinking: /home/mikealpha/colcon_ws/install/eyantra_warehouse/share/eyantra_warehouse//models/ground_plane/model.sdf
[2.841s] -- Symlinking: /home/mikealpha/colcon_ws/install/eyantra_warehouse/share/eyantra_warehouse//models/package_box/meshes/4x4_1000-0.png
[2.846s] -- Symlinking: /home/mikealpha/colcon_ws/install/eyantra_warehouse/share/eyantra_warehouse//models/package_box/meshes/aws_robomaker_warehouse_ClutteringC_02.png
[2.852s] -- Symlinking: /home/mikealpha/colcon_ws/install/eyantra_warehouse/share/eyantra_warehouse//models/package_box/meshes/package_box.dae
[2.858s] -- Symlinking: /home/mikealpha/colcon_ws/install/eyantra_warehouse/share/eyantra_warehouse//models/package_box/model.config
[2.864s] -- Symlinking: /home/mikealpha/colcon_ws/install/eyantra_warehouse/share/eyantra_warehouse//models/package_box/model.sdf
[2.870s] -- Symlinking: /home/mikealpha/colcon_ws/install/eyantra_warehouse/share/eyantra_warehouse//models/rack/meshes/brushedsteel4.jpg
[2.876s] -- Symlinking: /home/mikealpha/colcon_ws/install/eyantra_warehouse/share/eyantra_warehouse//models/rack/meshes/brushedsteel_bg.jpg
[2.881s] -- Symlinking: /home/mikealpha/colcon_ws/install/eyantra_warehouse/share/eyantra_warehouse//models/rack/meshes/rack.dae
[2.887s] -- Symlinking: /home/mikealpha/colcon_ws/install/eyantra_warehouse/share/eyantra_warehouse//models/rack/meshes/rack.stl
[2.894s] -- Symlinking: /home/mikealpha/colcon_ws/install/eyantra_warehouse/share/eyantra_warehouse//models/rack/model.config
[2.900s] -- Symlinking: /home/mikealpha/colcon_ws/install/eyantra_warehouse/share/eyantra_warehouse//models/rack/model.sdf
[2.905s] -- Symlinking: /home/mikealpha/colcon_ws/install/eyantra_warehouse/share/eyantra_warehouse//models/warehouse_boundary/meshes/warehouse_boundary.dae
[2.912s] -- Symlinking: /home/mikealpha/colcon_ws/install/eyantra_warehouse/share/eyantra_warehouse//models/warehouse_boundary/meshes/warehouse_boundary_glass_cover.dae
[2.918s] -- Symlinking: /home/mikealpha/colcon_ws/install/eyantra_warehouse/share/eyantra_warehouse//models/warehouse_boundary/meshes/warehouse_floor.jpg
[2.924s] -- Symlinking: /home/mikealpha/colcon_ws/install/eyantra_warehouse/share/eyantra_warehouse//models/warehouse_boundary/model.config
[2.930s] -- Symlinking: /home/mikealpha/colcon_ws/install/eyantra_warehouse/share/eyantra_warehouse//models/warehouse_boundary/model.sdf
[2.936s] -- Symlinking: /home/mikealpha/colcon_ws/install/eyantra_warehouse/share/eyantra_warehouse//models/window/model.config
[2.942s] -- Symlinking: /home/mikealpha/colcon_ws/install/eyantra_warehouse/share/eyantra_warehouse//models/window/model.sdf
[2.948s] -- Symlinking: /home/mikealpha/colcon_ws/install/eyantra_warehouse/share/eyantra_warehouse//config/SkyX_Moon.fragment
[2.953s] -- Symlinking: /home/mikealpha/colcon_ws/install/eyantra_warehouse/share/eyantra_warehouse//config/SkyX_Moon.png
[2.959s] -- Symlinking: /home/mikealpha/colcon_ws/install/eyantra_warehouse/share/eyantra_warehouse//config/package_link.json
[2.967s] -- Symlinking: /home/mikealpha/colcon_ws/install/eyantra_warehouse/share/ament_index/resource_index/package_run_dependencies/eyantra_warehouse
[2.972s] -- Symlinking: /home/mikealpha/colcon_ws/install/eyantra_warehouse/share/ament_index/resource_index/parent_prefix_path/eyantra_warehouse
[2.979s] -- Symlinking: /home/mikealpha/colcon_ws/install/eyantra_warehouse/share/eyantra_warehouse/environment/ament_prefix_path.sh
[2.985s] -- Symlinking: /home/mikealpha/colcon_ws/install/eyantra_warehouse/share/eyantra_warehouse/environment/ament_prefix_path.dsv
[2.991s] -- Symlinking: /home/mikealpha/colcon_ws/install/eyantra_warehouse/share/eyantra_warehouse/environment/path.sh
[2.997s] -- Symlinking: /home/mikealpha/colcon_ws/install/eyantra_warehouse/share/eyantra_warehouse/environment/path.dsv
[3.003s] -- Symlinking: /home/mikealpha/colcon_ws/install/eyantra_warehouse/share/eyantra_warehouse/local_setup.bash
[3.010s] -- Symlinking: /home/mikealpha/colcon_ws/install/eyantra_warehouse/share/eyantra_warehouse/local_setup.sh
[3.015s] -- Symlinking: /home/mikealpha/colcon_ws/install/eyantra_warehouse/share/eyantra_warehouse/local_setup.zsh
[3.021s] -- Symlinking: /home/mikealpha/colcon_ws/install/eyantra_warehouse/share/eyantra_warehouse/local_setup.dsv
[3.028s] -- Symlinking: /home/mikealpha/colcon_ws/install/eyantra_warehouse/share/eyantra_warehouse/package.dsv
[3.034s] -- Symlinking: /home/mikealpha/colcon_ws/install/eyantra_warehouse/share/ament_index/resource_index/packages/eyantra_warehouse
[3.039s] -- Symlinking: /home/mikealpha/colcon_ws/install/eyantra_warehouse/share/eyantra_warehouse/cmake/eyantra_warehouseConfig.cmake
[3.045s] -- Symlinking: /home/mikealpha/colcon_ws/install/eyantra_warehouse/share/eyantra_warehouse/cmake/eyantra_warehouseConfig-version.cmake
[3.051s] -- Symlinking: /home/mikealpha/colcon_ws/install/eyantra_warehouse/share/eyantra_warehouse/package.xml
