[0.466s] Invoking command in '/home/mikealpha/colcon_ws/src/ur5_control': PYTHONPATH=/home/mikealpha/colcon_ws/build/ur5_control/prefix_override:/usr/lib/python3/dist-packages/colcon_core/task/python/colcon_distutils_commands:/home/mikealpha/colcon_ws/install/ur5_control/lib/python3.10/site-packages:${PYTHONPATH} /usr/bin/python3 -W ignore:setup.py install is deprecated setup.py egg_info --egg-base ../../build/ur5_control build --build-base /home/mikealpha/colcon_ws/build/ur5_control/build install --record /home/mikealpha/colcon_ws/build/ur5_control/install.log --single-version-externally-managed install_data
[0.604s] running egg_info
[0.604s] writing ../../build/ur5_control/ur5_control.egg-info/PKG-INFO
[0.604s] writing dependency_links to ../../build/ur5_control/ur5_control.egg-info/dependency_links.txt
[0.604s] writing entry points to ../../build/ur5_control/ur5_control.egg-info/entry_points.txt
[0.605s] writing requirements to ../../build/ur5_control/ur5_control.egg-info/requires.txt
[0.605s] writing top-level names to ../../build/ur5_control/ur5_control.egg-info/top_level.txt
[0.605s] reading manifest file '../../build/ur5_control/ur5_control.egg-info/SOURCES.txt'
[0.606s] writing manifest file '../../build/ur5_control/ur5_control.egg-info/SOURCES.txt'
[0.606s] running build
[0.606s] running build_py
[0.606s] running install
[0.606s] running install_lib
[0.607s] running install_data
[0.607s] running install_egg_info
[0.608s] removing '/home/mikealpha/colcon_ws/install/ur5_control/lib/python3.10/site-packages/ur5_control-0.0.0-py3.10.egg-info' (and everything under it)
[0.608s] Copying ../../build/ur5_control/ur5_control.egg-info to /home/mikealpha/colcon_ws/install/ur5_control/lib/python3.10/site-packages/ur5_control-0.0.0-py3.10.egg-info
[0.609s] running install_scripts
[0.621s] Installing task1b script to /home/mikealpha/colcon_ws/install/ur5_control/lib/ur5_control
[0.621s] writing list of installed files to '/home/mikealpha/colcon_ws/build/ur5_control/install.log'
[0.636s] Invoked command in '/home/mikealpha/colcon_ws/src/ur5_control' returned '0': PYTHONPATH=/home/mikealpha/colcon_ws/build/ur5_control/prefix_override:/usr/lib/python3/dist-packages/colcon_core/task/python/colcon_distutils_commands:/home/mikealpha/colcon_ws/install/ur5_control/lib/python3.10/site-packages:${PYTHONPATH} /usr/bin/python3 -W ignore:setup.py install is deprecated setup.py egg_info --egg-base ../../build/ur5_control build --build-base /home/mikealpha/colcon_ws/build/ur5_control/build install --record /home/mikealpha/colcon_ws/build/ur5_control/install.log --single-version-externally-managed install_data
