[0.024s] Invoking command in '/home/mikealpha/colcon_ws/build/eyantra_warehouse': CMAKE_PREFIX_PATH=${CMAKE_PREFIX_PATH}:/home/mikealpha/colcon_ws/install/ur5_control:/home/mikealpha/colcon_ws/install/eyantra_warehouse:/opt/ros/humble /usr/bin/cmake /home/mikealpha/colcon_ws/src/eyantra_warehouse -DCMAKE_INSTALL_PREFIX=/home/mikealpha/colcon_ws/install/eyantra_warehouse
[0.055s] -- Found ament_cmake: 1.3.10 (/opt/ros/humble/share/ament_cmake/cmake)
[0.173s] -- Override CMake install command with custom implementation using symlinks instead of copying resources
[0.183s] -- Found ament_lint_auto: 0.12.11 (/opt/ros/humble/share/ament_lint_auto/cmake)
[0.247s] -- Added test 'copyright' to check source files copyright and LICENSE
[0.303s] -- Added test 'flake8' to check Python code syntax and style conventions
[0.306s] -- Added test 'lint_cmake' to check CMake code style
[0.307s] -- Added test 'pep257' to check Python code against some of the docstring style conventions in PEP 257
[0.319s] -- Added test 'xmllint' to check XML markup files
[0.321s] -- Configuring done
[0.324s] -- Generating done
[0.325s] -- Build files have been written to: /home/mikealpha/colcon_ws/build/eyantra_warehouse
[0.340s] Invoked command in '/home/mikealpha/colcon_ws/build/eyantra_warehouse' returned '0': CMAKE_PREFIX_PATH=${CMAKE_PREFIX_PATH}:/home/mikealpha/colcon_ws/install/ur5_control:/home/mikealpha/colcon_ws/install/eyantra_warehouse:/opt/ros/humble /usr/bin/cmake /home/mikealpha/colcon_ws/src/eyantra_warehouse -DCMAKE_INSTALL_PREFIX=/home/mikealpha/colcon_ws/install/eyantra_warehouse
[0.341s] Invoking command in '/home/mikealpha/colcon_ws/build/eyantra_warehouse': CMAKE_PREFIX_PATH=${CMAKE_PREFIX_PATH}:/home/mikealpha/colcon_ws/install/ur5_control:/home/mikealpha/colcon_ws/install/eyantra_warehouse:/opt/ros/humble /usr/bin/cmake --build /home/mikealpha/colcon_ws/build/eyantra_warehouse -- -j12 -l12
[0.369s] Invoked command in '/home/mikealpha/colcon_ws/build/eyantra_warehouse' returned '0': CMAKE_PREFIX_PATH=${CMAKE_PREFIX_PATH}:/home/mikealpha/colcon_ws/install/ur5_control:/home/mikealpha/colcon_ws/install/eyantra_warehouse:/opt/ros/humble /usr/bin/cmake --build /home/mikealpha/colcon_ws/build/eyantra_warehouse -- -j12 -l12
[0.392s] Invoking command in '/home/mikealpha/colcon_ws/build/eyantra_warehouse': CMAKE_PREFIX_PATH=${CMAKE_PREFIX_PATH}:/home/mikealpha/colcon_ws/install/ur5_control:/home/mikealpha/colcon_ws/install/eyantra_warehouse:/opt/ros/humble /usr/bin/cmake --install /home/mikealpha/colcon_ws/build/eyantra_warehouse
[0.399s] -- Install configuration: ""
[0.399s] -- Execute custom install script
[0.400s] -- Up-to-date symlink: /home/mikealpha/colcon_ws/install/eyantra_warehouse/share/eyantra_warehouse//launch/task0.launch.py
[0.400s] -- Up-to-date symlink: /home/mikealpha/colcon_ws/install/eyantra_warehouse/share/eyantra_warehouse//launch/task1b.launch.py
[0.400s] -- Up-to-date symlink: /home/mikealpha/colcon_ws/install/eyantra_warehouse/share/eyantra_warehouse//launch/task1c.launch.py
[0.400s] -- Up-to-date symlink: /home/mikealpha/colcon_ws/install/eyantra_warehouse/share/eyantra_warehouse//worlds/eyantra_warehouse_task0.world
[0.400s] -- Up-to-date symlink: /home/mikealpha/colcon_ws/install/eyantra_warehouse/share/eyantra_warehouse//worlds/eyantra_warehouse_task1b.world
[0.401s] -- Up-to-date symlink: /home/mikealpha/colcon_ws/install/eyantra_warehouse/share/eyantra_warehouse//worlds/eyantra_warehouse_task1c.world
[0.404s] -- Up-to-date symlink: /home/mikealpha/colcon_ws/install/eyantra_warehouse/share/eyantra_warehouse//models/LB_city/meshes/LAWN.jpg
[0.404s] -- Up-to-date symlink: /home/mikealpha/colcon_ws/install/eyantra_warehouse/share/eyantra_warehouse//models/LB_city/meshes/LB_city.dae
[0.404s] -- Up-to-date symlink: /home/mikealpha/colcon_ws/install/eyantra_warehouse/share/eyantra_warehouse//models/LB_city/meshes/SolarPanelsPolycrystallineTypeBFramedClean001_COL_3K.jpg.004.jp.jpg
[0.404s] -- Up-to-date symlink: /home/mikealpha/colcon_ws/install/eyantra_warehouse/share/eyantra_warehouse//models/LB_city/meshes/dm1.jpg
[0.404s] -- Up-to-date symlink: /home/mikealpha/colcon_ws/install/eyantra_warehouse/share/eyantra_warehouse//models/LB_city/meshes/f1q.jpg
[0.404s] -- Up-to-date symlink: /home/mikealpha/colcon_ws/install/eyantra_warehouse/share/eyantra_warehouse//models/LB_city/meshes/f1q.jpg.001.jpg
[0.404s] -- Up-to-date symlink: /home/mikealpha/colcon_ws/install/eyantra_warehouse/share/eyantra_warehouse//models/LB_city/meshes/grass.png
[0.404s] -- Up-to-date symlink: /home/mikealpha/colcon_ws/install/eyantra_warehouse/share/eyantra_warehouse//models/LB_city/meshes/ocean_texture.jpeg
[0.405s] -- Up-to-date symlink: /home/mikealpha/colcon_ws/install/eyantra_warehouse/share/eyantra_warehouse//models/LB_city/meshes/pb2.jpg
[0.405s] -- Up-to-date symlink: /home/mikealpha/colcon_ws/install/eyantra_warehouse/share/eyantra_warehouse//models/LB_city/meshes/pv2c.jpg
[0.405s] -- Up-to-date symlink: /home/mikealpha/colcon_ws/install/eyantra_warehouse/share/eyantra_warehouse//models/LB_city/model.config
[0.405s] -- Up-to-date symlink: /home/mikealpha/colcon_ws/install/eyantra_warehouse/share/eyantra_warehouse//models/LB_city/model.sdf
[0.406s] -- Up-to-date symlink: /home/mikealpha/colcon_ws/install/eyantra_warehouse/share/eyantra_warehouse//models/arm_base/meshes/arm_base.dae
[0.406s] -- Up-to-date symlink: /home/mikealpha/colcon_ws/install/eyantra_warehouse/share/eyantra_warehouse//models/arm_base/model.config
[0.406s] -- Up-to-date symlink: /home/mikealpha/colcon_ws/install/eyantra_warehouse/share/eyantra_warehouse//models/arm_base/model.sdf
[0.407s] -- Up-to-date symlink: /home/mikealpha/colcon_ws/install/eyantra_warehouse/share/eyantra_warehouse//models/aws_robomaker_warehouse_ClutteringC_01/materials/textures/aws_robomaker_warehouse_ClutteringC_01.png
[0.407s] -- Up-to-date symlink: /home/mikealpha/colcon_ws/install/eyantra_warehouse/share/eyantra_warehouse//models/aws_robomaker_warehouse_ClutteringC_01/materials/textures/aws_robomaker_warehouse_ClutteringC_02.png
[0.408s] -- Up-to-date symlink: /home/mikealpha/colcon_ws/install/eyantra_warehouse/share/eyantra_warehouse//models/aws_robomaker_warehouse_ClutteringC_01/meshes/aws_robomaker_warehouse_ClutteringC_01_collision.DAE
[0.408s] -- Up-to-date symlink: /home/mikealpha/colcon_ws/install/eyantra_warehouse/share/eyantra_warehouse//models/aws_robomaker_warehouse_ClutteringC_01/meshes/aws_robomaker_warehouse_ClutteringC_01_visual.DAE
[0.408s] -- Up-to-date symlink: /home/mikealpha/colcon_ws/install/eyantra_warehouse/share/eyantra_warehouse//models/aws_robomaker_warehouse_ClutteringC_01/model.config
[0.409s] -- Up-to-date symlink: /home/mikealpha/colcon_ws/install/eyantra_warehouse/share/eyantra_warehouse//models/aws_robomaker_warehouse_ClutteringC_01/model.sdf
[0.409s] -- Up-to-date symlink: /home/mikealpha/colcon_ws/install/eyantra_warehouse/share/eyantra_warehouse//models/aws_robomaker_warehouse_ClutteringD_01/materials/textures/aws_robomaker_warehouse_ClutteringD_01.png
[0.410s] -- Up-to-date symlink: /home/mikealpha/colcon_ws/install/eyantra_warehouse/share/eyantra_warehouse//models/aws_robomaker_warehouse_ClutteringD_01/materials/textures/aws_robomaker_warehouse_ClutteringD_02.png
[0.410s] -- Up-to-date symlink: /home/mikealpha/colcon_ws/install/eyantra_warehouse/share/eyantra_warehouse//models/aws_robomaker_warehouse_ClutteringD_01/meshes/aws_robomaker_warehouse_ClutteringD_01_collision.DAE
[0.410s] -- Up-to-date symlink: /home/mikealpha/colcon_ws/install/eyantra_warehouse/share/eyantra_warehouse//models/aws_robomaker_warehouse_ClutteringD_01/meshes/aws_robomaker_warehouse_ClutteringD_01_visual.DAE
[0.410s] -- Up-to-date symlink: /home/mikealpha/colcon_ws/install/eyantra_warehouse/share/eyantra_warehouse//models/aws_robomaker_warehouse_ClutteringD_01/model.config
[0.410s] -- Up-to-date symlink: /home/mikealpha/colcon_ws/install/eyantra_warehouse/share/eyantra_warehouse//models/aws_robomaker_warehouse_ClutteringD_01/model.sdf
[0.411s] -- Up-to-date symlink: /home/mikealpha/colcon_ws/install/eyantra_warehouse/share/eyantra_warehouse//models/aws_robomaker_warehouse_DeskC_01/materials/.DS_Store
[0.411s] -- Up-to-date symlink: /home/mikealpha/colcon_ws/install/eyantra_warehouse/share/eyantra_warehouse//models/aws_robomaker_warehouse_DeskC_01/materials/textures/aws_robomaker_warehouse_DeskC_01.png
[0.411s] -- Up-to-date symlink: /home/mikealpha/colcon_ws/install/eyantra_warehouse/share/eyantra_warehouse//models/aws_robomaker_warehouse_DeskC_01/materials/textures/aws_robomaker_warehouse_DeskC_02.png
[0.412s] -- Up-to-date symlink: /home/mikealpha/colcon_ws/install/eyantra_warehouse/share/eyantra_warehouse//models/aws_robomaker_warehouse_DeskC_01/materials/textures/aws_robomaker_warehouse_DeskC_03.png
[0.412s] -- Up-to-date symlink: /home/mikealpha/colcon_ws/install/eyantra_warehouse/share/eyantra_warehouse//models/aws_robomaker_warehouse_DeskC_01/materials/textures/aws_robomaker_warehouse_DeskC_03.psd
[0.412s] -- Up-to-date symlink: /home/mikealpha/colcon_ws/install/eyantra_warehouse/share/eyantra_warehouse//models/aws_robomaker_warehouse_DeskC_01/materials/textures/aws_robomaker_warehouse_DeskC_04.png
[0.413s] -- Up-to-date symlink: /home/mikealpha/colcon_ws/install/eyantra_warehouse/share/eyantra_warehouse//models/aws_robomaker_warehouse_DeskC_01/meshes/aws_robomaker_warehouse_DeskC_01_collision.DAE
[0.413s] -- Up-to-date symlink: /home/mikealpha/colcon_ws/install/eyantra_warehouse/share/eyantra_warehouse//models/aws_robomaker_warehouse_DeskC_01/meshes/aws_robomaker_warehouse_DeskC_01_visual.DAE
[0.413s] -- Up-to-date symlink: /home/mikealpha/colcon_ws/install/eyantra_warehouse/share/eyantra_warehouse//models/aws_robomaker_warehouse_DeskC_01/model.config
[0.413s] -- Up-to-date symlink: /home/mikealpha/colcon_ws/install/eyantra_warehouse/share/eyantra_warehouse//models/aws_robomaker_warehouse_DeskC_01/model.sdf
[0.414s] -- Up-to-date symlink: /home/mikealpha/colcon_ws/install/eyantra_warehouse/share/eyantra_warehouse//models/aws_robomaker_warehouse_PalletJackB_01/.DS_Store
[0.414s] -- Up-to-date symlink: /home/mikealpha/colcon_ws/install/eyantra_warehouse/share/eyantra_warehouse//models/aws_robomaker_warehouse_PalletJackB_01/materials/.DS_Store
[0.415s] -- Up-to-date symlink: /home/mikealpha/colcon_ws/install/eyantra_warehouse/share/eyantra_warehouse//models/aws_robomaker_warehouse_PalletJackB_01/materials/textures/aws_robomaker_warehouse_PalletJackB_01.png
[0.415s] -- Up-to-date symlink: /home/mikealpha/colcon_ws/install/eyantra_warehouse/share/eyantra_warehouse//models/aws_robomaker_warehouse_PalletJackB_01/materials/textures/aws_robomaker_warehouse_PalletJackB_02.png
[0.415s] -- Up-to-date symlink: /home/mikealpha/colcon_ws/install/eyantra_warehouse/share/eyantra_warehouse//models/aws_robomaker_warehouse_PalletJackB_01/meshes/aws_robomaker_warehouse_PalletJackB_01_collision.DAE
[0.416s] -- Up-to-date symlink: /home/mikealpha/colcon_ws/install/eyantra_warehouse/share/eyantra_warehouse//models/aws_robomaker_warehouse_PalletJackB_01/meshes/aws_robomaker_warehouse_PalletJackB_01_visual.DAE
[0.416s] -- Up-to-date symlink: /home/mikealpha/colcon_ws/install/eyantra_warehouse/share/eyantra_warehouse//models/aws_robomaker_warehouse_PalletJackB_01/model.config
[0.416s] -- Up-to-date symlink: /home/mikealpha/colcon_ws/install/eyantra_warehouse/share/eyantra_warehouse//models/aws_robomaker_warehouse_PalletJackB_01/model.sdf
[0.417s] -- Up-to-date symlink: /home/mikealpha/colcon_ws/install/eyantra_warehouse/share/eyantra_warehouse//models/box/meshes/aruco_tag.jpg
[0.417s] -- Up-to-date symlink: /home/mikealpha/colcon_ws/install/eyantra_warehouse/share/eyantra_warehouse//models/box/meshes/box.dae
[0.417s] -- Up-to-date symlink: /home/mikealpha/colcon_ws/install/eyantra_warehouse/share/eyantra_warehouse//models/box/meshes/box__bg.png
[0.417s] -- Up-to-date symlink: /home/mikealpha/colcon_ws/install/eyantra_warehouse/share/eyantra_warehouse//models/box/meshes/cardboard_bg.png
[0.418s] -- Up-to-date symlink: /home/mikealpha/colcon_ws/install/eyantra_warehouse/share/eyantra_warehouse//models/box/meshes/centroid_old_box.zip
[0.418s] -- Up-to-date symlink: /home/mikealpha/colcon_ws/install/eyantra_warehouse/share/eyantra_warehouse//models/box/model.config
[0.418s] -- Up-to-date symlink: /home/mikealpha/colcon_ws/install/eyantra_warehouse/share/eyantra_warehouse//models/box/model.sdf
[0.418s] -- Up-to-date symlink: /home/mikealpha/colcon_ws/install/eyantra_warehouse/share/eyantra_warehouse//models/boxes/box.stl
[0.420s] -- Up-to-date symlink: /home/mikealpha/colcon_ws/install/eyantra_warehouse/share/eyantra_warehouse//models/boxes/box_1/meshes/aruco_tag.jpg
[0.420s] -- Up-to-date symlink: /home/mikealpha/colcon_ws/install/eyantra_warehouse/share/eyantra_warehouse//models/boxes/box_1/meshes/box.dae
[0.420s] -- Up-to-date symlink: /home/mikealpha/colcon_ws/install/eyantra_warehouse/share/eyantra_warehouse//models/boxes/box_1/meshes/box__bg.png
[0.420s] -- Up-to-date symlink: /home/mikealpha/colcon_ws/install/eyantra_warehouse/share/eyantra_warehouse//models/boxes/box_1/meshes/cardboard_bg.png
[0.420s] -- Up-to-date symlink: /home/mikealpha/colcon_ws/install/eyantra_warehouse/share/eyantra_warehouse//models/boxes/box_1/model.config
[0.420s] -- Up-to-date symlink: /home/mikealpha/colcon_ws/install/eyantra_warehouse/share/eyantra_warehouse//models/boxes/box_1/model.sdf
[0.421s] -- Up-to-date symlink: /home/mikealpha/colcon_ws/install/eyantra_warehouse/share/eyantra_warehouse//models/boxes/box_10/meshes/aruco_tag.jpg
[0.421s] -- Up-to-date symlink: /home/mikealpha/colcon_ws/install/eyantra_warehouse/share/eyantra_warehouse//models/boxes/box_10/meshes/box.dae
[0.421s] -- Up-to-date symlink: /home/mikealpha/colcon_ws/install/eyantra_warehouse/share/eyantra_warehouse//models/boxes/box_10/meshes/box__bg.png
[0.422s] -- Up-to-date symlink: /home/mikealpha/colcon_ws/install/eyantra_warehouse/share/eyantra_warehouse//models/boxes/box_10/meshes/cardboard_bg.png
[0.422s] -- Up-to-date symlink: /home/mikealpha/colcon_ws/install/eyantra_warehouse/share/eyantra_warehouse//models/boxes/box_10/model.config
[0.422s] -- Up-to-date symlink: /home/mikealpha/colcon_ws/install/eyantra_warehouse/share/eyantra_warehouse//models/boxes/box_10/model.sdf
[0.422s] -- Up-to-date symlink: /home/mikealpha/colcon_ws/install/eyantra_warehouse/share/eyantra_warehouse//models/boxes/box_11/meshes/aruco_tag.jpg
[0.423s] -- Up-to-date symlink: /home/mikealpha/colcon_ws/install/eyantra_warehouse/share/eyantra_warehouse//models/boxes/box_11/meshes/box.dae
[0.423s] -- Up-to-date symlink: /home/mikealpha/colcon_ws/install/eyantra_warehouse/share/eyantra_warehouse//models/boxes/box_11/meshes/box__bg.png
[0.423s] -- Up-to-date symlink: /home/mikealpha/colcon_ws/install/eyantra_warehouse/share/eyantra_warehouse//models/boxes/box_11/meshes/cardboard_bg.png
[0.423s] -- Up-to-date symlink: /home/mikealpha/colcon_ws/install/eyantra_warehouse/share/eyantra_warehouse//models/boxes/box_11/model.config
[0.424s] -- Up-to-date symlink: /home/mikealpha/colcon_ws/install/eyantra_warehouse/share/eyantra_warehouse//models/boxes/box_11/model.sdf
[0.424s] -- Up-to-date symlink: /home/mikealpha/colcon_ws/install/eyantra_warehouse/share/eyantra_warehouse//models/boxes/box_12/meshes/aruco_tag.jpg
[0.424s] -- Up-to-date symlink: /home/mikealpha/colcon_ws/install/eyantra_warehouse/share/eyantra_warehouse//models/boxes/box_12/meshes/box.dae
[0.424s] -- Up-to-date symlink: /home/mikealpha/colcon_ws/install/eyantra_warehouse/share/eyantra_warehouse//models/boxes/box_12/meshes/box__bg.png
[0.424s] -- Up-to-date symlink: /home/mikealpha/colcon_ws/install/eyantra_warehouse/share/eyantra_warehouse//models/boxes/box_12/meshes/cardboard_bg.png
[0.425s] -- Up-to-date symlink: /home/mikealpha/colcon_ws/install/eyantra_warehouse/share/eyantra_warehouse//models/boxes/box_12/model.config
[0.425s] -- Up-to-date symlink: /home/mikealpha/colcon_ws/install/eyantra_warehouse/share/eyantra_warehouse//models/boxes/box_12/model.sdf
[0.426s] -- Up-to-date symlink: /home/mikealpha/colcon_ws/install/eyantra_warehouse/share/eyantra_warehouse//models/boxes/box_13/meshes/aruco_tag.jpg
[0.426s] -- Up-to-date symlink: /home/mikealpha/colcon_ws/install/eyantra_warehouse/share/eyantra_warehouse//models/boxes/box_13/meshes/box.dae
[0.426s] -- Up-to-date symlink: /home/mikealpha/colcon_ws/install/eyantra_warehouse/share/eyantra_warehouse//models/boxes/box_13/meshes/box__bg.png
[0.426s] -- Up-to-date symlink: /home/mikealpha/colcon_ws/install/eyantra_warehouse/share/eyantra_warehouse//models/boxes/box_13/meshes/cardboard_bg.png
[0.427s] -- Up-to-date symlink: /home/mikealpha/colcon_ws/install/eyantra_warehouse/share/eyantra_warehouse//models/boxes/box_13/model.config
[0.427s] -- Up-to-date symlink: /home/mikealpha/colcon_ws/install/eyantra_warehouse/share/eyantra_warehouse//models/boxes/box_13/model.sdf
[0.428s] -- Up-to-date symlink: /home/mikealpha/colcon_ws/install/eyantra_warehouse/share/eyantra_warehouse//models/boxes/box_14/meshes/aruco_tag.jpg
[0.428s] -- Up-to-date symlink: /home/mikealpha/colcon_ws/install/eyantra_warehouse/share/eyantra_warehouse//models/boxes/box_14/meshes/box.dae
[0.428s] -- Up-to-date symlink: /home/mikealpha/colcon_ws/install/eyantra_warehouse/share/eyantra_warehouse//models/boxes/box_14/meshes/box__bg.png
[0.428s] -- Up-to-date symlink: /home/mikealpha/colcon_ws/install/eyantra_warehouse/share/eyantra_warehouse//models/boxes/box_14/meshes/cardboard_bg.png
[0.429s] -- Up-to-date symlink: /home/mikealpha/colcon_ws/install/eyantra_warehouse/share/eyantra_warehouse//models/boxes/box_14/model.config
[0.429s] -- Up-to-date symlink: /home/mikealpha/colcon_ws/install/eyantra_warehouse/share/eyantra_warehouse//models/boxes/box_14/model.sdf
[0.429s] -- Up-to-date symlink: /home/mikealpha/colcon_ws/install/eyantra_warehouse/share/eyantra_warehouse//models/boxes/box_15/meshes/aruco_tag.jpg
[0.430s] -- Up-to-date symlink: /home/mikealpha/colcon_ws/install/eyantra_warehouse/share/eyantra_warehouse//models/boxes/box_15/meshes/box.dae
[0.430s] -- Up-to-date symlink: /home/mikealpha/colcon_ws/install/eyantra_warehouse/share/eyantra_warehouse//models/boxes/box_15/meshes/box__bg.png
[0.430s] -- Up-to-date symlink: /home/mikealpha/colcon_ws/install/eyantra_warehouse/share/eyantra_warehouse//models/boxes/box_15/meshes/cardboard_bg.png
[0.431s] -- Up-to-date symlink: /home/mikealpha/colcon_ws/install/eyantra_warehouse/share/eyantra_warehouse//models/boxes/box_15/model.config
[0.431s] -- Up-to-date symlink: /home/mikealpha/colcon_ws/install/eyantra_warehouse/share/eyantra_warehouse//models/boxes/box_15/model.sdf
[0.432s] -- Up-to-date symlink: /home/mikealpha/colcon_ws/install/eyantra_warehouse/share/eyantra_warehouse//models/boxes/box_16/meshes/aruco_tag.jpg
[0.432s] -- Up-to-date symlink: /home/mikealpha/colcon_ws/install/eyantra_warehouse/share/eyantra_warehouse//models/boxes/box_16/meshes/box.dae
[0.432s] -- Up-to-date symlink: /home/mikealpha/colcon_ws/install/eyantra_warehouse/share/eyantra_warehouse//models/boxes/box_16/meshes/box__bg.png
[0.432s] -- Up-to-date symlink: /home/mikealpha/colcon_ws/install/eyantra_warehouse/share/eyantra_warehouse//models/boxes/box_16/meshes/cardboard_bg.png
[0.433s] -- Up-to-date symlink: /home/mikealpha/colcon_ws/install/eyantra_warehouse/share/eyantra_warehouse//models/boxes/box_16/model.config
[0.433s] -- Up-to-date symlink: /home/mikealpha/colcon_ws/install/eyantra_warehouse/share/eyantra_warehouse//models/boxes/box_16/model.sdf
[0.434s] -- Up-to-date symlink: /home/mikealpha/colcon_ws/install/eyantra_warehouse/share/eyantra_warehouse//models/boxes/box_17/meshes/aruco_tag.jpg
[0.435s] -- Up-to-date symlink: /home/mikealpha/colcon_ws/install/eyantra_warehouse/share/eyantra_warehouse//models/boxes/box_17/meshes/box.dae
[0.435s] -- Up-to-date symlink: /home/mikealpha/colcon_ws/install/eyantra_warehouse/share/eyantra_warehouse//models/boxes/box_17/meshes/box__bg.png
[0.436s] -- Up-to-date symlink: /home/mikealpha/colcon_ws/install/eyantra_warehouse/share/eyantra_warehouse//models/boxes/box_17/meshes/cardboard_bg.png
[0.436s] -- Up-to-date symlink: /home/mikealpha/colcon_ws/install/eyantra_warehouse/share/eyantra_warehouse//models/boxes/box_17/model.config
[0.436s] -- Up-to-date symlink: /home/mikealpha/colcon_ws/install/eyantra_warehouse/share/eyantra_warehouse//models/boxes/box_17/model.sdf
[0.437s] -- Up-to-date symlink: /home/mikealpha/colcon_ws/install/eyantra_warehouse/share/eyantra_warehouse//models/boxes/box_18/meshes/aruco_tag.jpg
[0.437s] -- Up-to-date symlink: /home/mikealpha/colcon_ws/install/eyantra_warehouse/share/eyantra_warehouse//models/boxes/box_18/meshes/box.dae
[0.438s] -- Up-to-date symlink: /home/mikealpha/colcon_ws/install/eyantra_warehouse/share/eyantra_warehouse//models/boxes/box_18/meshes/box__bg.png
[0.438s] -- Up-to-date symlink: /home/mikealpha/colcon_ws/install/eyantra_warehouse/share/eyantra_warehouse//models/boxes/box_18/meshes/cardboard_bg.png
[0.438s] -- Up-to-date symlink: /home/mikealpha/colcon_ws/install/eyantra_warehouse/share/eyantra_warehouse//models/boxes/box_18/model.config
[0.439s] -- Up-to-date symlink: /home/mikealpha/colcon_ws/install/eyantra_warehouse/share/eyantra_warehouse//models/boxes/box_18/model.sdf
[0.439s] -- Up-to-date symlink: /home/mikealpha/colcon_ws/install/eyantra_warehouse/share/eyantra_warehouse//models/boxes/box_19/meshes/aruco_tag.jpg
[0.440s] -- Up-to-date symlink: /home/mikealpha/colcon_ws/install/eyantra_warehouse/share/eyantra_warehouse//models/boxes/box_19/meshes/box.dae
[0.440s] -- Up-to-date symlink: /home/mikealpha/colcon_ws/install/eyantra_warehouse/share/eyantra_warehouse//models/boxes/box_19/meshes/box__bg.png
[0.440s] -- Up-to-date symlink: /home/mikealpha/colcon_ws/install/eyantra_warehouse/share/eyantra_warehouse//models/boxes/box_19/meshes/cardboard_bg.png
[0.441s] -- Up-to-date symlink: /home/mikealpha/colcon_ws/install/eyantra_warehouse/share/eyantra_warehouse//models/boxes/box_19/model.config
[0.441s] -- Up-to-date symlink: /home/mikealpha/colcon_ws/install/eyantra_warehouse/share/eyantra_warehouse//models/boxes/box_19/model.sdf
[0.442s] -- Up-to-date symlink: /home/mikealpha/colcon_ws/install/eyantra_warehouse/share/eyantra_warehouse//models/boxes/box_2/meshes/aruco_tag.jpg
[0.442s] -- Up-to-date symlink: /home/mikealpha/colcon_ws/install/eyantra_warehouse/share/eyantra_warehouse//models/boxes/box_2/meshes/box.dae
[0.443s] -- Up-to-date symlink: /home/mikealpha/colcon_ws/install/eyantra_warehouse/share/eyantra_warehouse//models/boxes/box_2/meshes/box__bg.png
[0.443s] -- Up-to-date symlink: /home/mikealpha/colcon_ws/install/eyantra_warehouse/share/eyantra_warehouse//models/boxes/box_2/meshes/cardboard_bg.png
[0.444s] -- Up-to-date symlink: /home/mikealpha/colcon_ws/install/eyantra_warehouse/share/eyantra_warehouse//models/boxes/box_2/model.config
[0.444s] -- Up-to-date symlink: /home/mikealpha/colcon_ws/install/eyantra_warehouse/share/eyantra_warehouse//models/boxes/box_2/model.sdf
[0.445s] -- Up-to-date symlink: /home/mikealpha/colcon_ws/install/eyantra_warehouse/share/eyantra_warehouse//models/boxes/box_20/meshes/aruco_tag.jpg
[0.445s] -- Up-to-date symlink: /home/mikealpha/colcon_ws/install/eyantra_warehouse/share/eyantra_warehouse//models/boxes/box_20/meshes/box.dae
[0.445s] -- Up-to-date symlink: /home/mikealpha/colcon_ws/install/eyantra_warehouse/share/eyantra_warehouse//models/boxes/box_20/meshes/box__bg.png
[0.445s] -- Up-to-date symlink: /home/mikealpha/colcon_ws/install/eyantra_warehouse/share/eyantra_warehouse//models/boxes/box_20/meshes/cardboard_bg.png
[0.446s] -- Up-to-date symlink: /home/mikealpha/colcon_ws/install/eyantra_warehouse/share/eyantra_warehouse//models/boxes/box_20/model.config
[0.446s] -- Up-to-date symlink: /home/mikealpha/colcon_ws/install/eyantra_warehouse/share/eyantra_warehouse//models/boxes/box_20/model.sdf
[0.447s] -- Up-to-date symlink: /home/mikealpha/colcon_ws/install/eyantra_warehouse/share/eyantra_warehouse//models/boxes/box_21/meshes/aruco_tag.jpg
[0.447s] -- Up-to-date symlink: /home/mikealpha/colcon_ws/install/eyantra_warehouse/share/eyantra_warehouse//models/boxes/box_21/meshes/box.dae
[0.448s] -- Up-to-date symlink: /home/mikealpha/colcon_ws/install/eyantra_warehouse/share/eyantra_warehouse//models/boxes/box_21/meshes/box__bg.png
[0.448s] -- Up-to-date symlink: /home/mikealpha/colcon_ws/install/eyantra_warehouse/share/eyantra_warehouse//models/boxes/box_21/meshes/cardboard_bg.png
[0.448s] -- Up-to-date symlink: /home/mikealpha/colcon_ws/install/eyantra_warehouse/share/eyantra_warehouse//models/boxes/box_21/model.config
[0.449s] -- Up-to-date symlink: /home/mikealpha/colcon_ws/install/eyantra_warehouse/share/eyantra_warehouse//models/boxes/box_21/model.sdf
[0.449s] -- Up-to-date symlink: /home/mikealpha/colcon_ws/install/eyantra_warehouse/share/eyantra_warehouse//models/boxes/box_22/meshes/aruco_tag.jpg
[0.450s] -- Up-to-date symlink: /home/mikealpha/colcon_ws/install/eyantra_warehouse/share/eyantra_warehouse//models/boxes/box_22/meshes/box.dae
[0.450s] -- Up-to-date symlink: /home/mikealpha/colcon_ws/install/eyantra_warehouse/share/eyantra_warehouse//models/boxes/box_22/meshes/box__bg.png
[0.450s] -- Up-to-date symlink: /home/mikealpha/colcon_ws/install/eyantra_warehouse/share/eyantra_warehouse//models/boxes/box_22/meshes/cardboard_bg.png
[0.450s] -- Up-to-date symlink: /home/mikealpha/colcon_ws/install/eyantra_warehouse/share/eyantra_warehouse//models/boxes/box_22/model.config
[0.451s] -- Up-to-date symlink: /home/mikealpha/colcon_ws/install/eyantra_warehouse/share/eyantra_warehouse//models/boxes/box_22/model.sdf
[0.451s] -- Up-to-date symlink: /home/mikealpha/colcon_ws/install/eyantra_warehouse/share/eyantra_warehouse//models/boxes/box_23/meshes/aruco_tag.jpg
[0.451s] -- Up-to-date symlink: /home/mikealpha/colcon_ws/install/eyantra_warehouse/share/eyantra_warehouse//models/boxes/box_23/meshes/box.dae
[0.452s] -- Up-to-date symlink: /home/mikealpha/colcon_ws/install/eyantra_warehouse/share/eyantra_warehouse//models/boxes/box_23/meshes/box__bg.png
[0.452s] -- Up-to-date symlink: /home/mikealpha/colcon_ws/install/eyantra_warehouse/share/eyantra_warehouse//models/boxes/box_23/meshes/cardboard_bg.png
[0.452s] -- Up-to-date symlink: /home/mikealpha/colcon_ws/install/eyantra_warehouse/share/eyantra_warehouse//models/boxes/box_23/model.config
[0.452s] -- Up-to-date symlink: /home/mikealpha/colcon_ws/install/eyantra_warehouse/share/eyantra_warehouse//models/boxes/box_23/model.sdf
[0.453s] -- Up-to-date symlink: /home/mikealpha/colcon_ws/install/eyantra_warehouse/share/eyantra_warehouse//models/boxes/box_24/meshes/aruco_tag.jpg
[0.453s] -- Up-to-date symlink: /home/mikealpha/colcon_ws/install/eyantra_warehouse/share/eyantra_warehouse//models/boxes/box_24/meshes/box.dae
[0.453s] -- Up-to-date symlink: /home/mikealpha/colcon_ws/install/eyantra_warehouse/share/eyantra_warehouse//models/boxes/box_24/meshes/box__bg.png
[0.454s] -- Up-to-date symlink: /home/mikealpha/colcon_ws/install/eyantra_warehouse/share/eyantra_warehouse//models/boxes/box_24/meshes/cardboard_bg.png
[0.454s] -- Up-to-date symlink: /home/mikealpha/colcon_ws/install/eyantra_warehouse/share/eyantra_warehouse//models/boxes/box_24/model.config
[0.454s] -- Up-to-date symlink: /home/mikealpha/colcon_ws/install/eyantra_warehouse/share/eyantra_warehouse//models/boxes/box_24/model.sdf
[0.455s] -- Up-to-date symlink: /home/mikealpha/colcon_ws/install/eyantra_warehouse/share/eyantra_warehouse//models/boxes/box_25/meshes/aruco_tag.jpg
[0.455s] -- Up-to-date symlink: /home/mikealpha/colcon_ws/install/eyantra_warehouse/share/eyantra_warehouse//models/boxes/box_25/meshes/box.dae
[0.455s] -- Up-to-date symlink: /home/mikealpha/colcon_ws/install/eyantra_warehouse/share/eyantra_warehouse//models/boxes/box_25/meshes/box__bg.png
[0.455s] -- Up-to-date symlink: /home/mikealpha/colcon_ws/install/eyantra_warehouse/share/eyantra_warehouse//models/boxes/box_25/meshes/cardboard_bg.png
[0.456s] -- Up-to-date symlink: /home/mikealpha/colcon_ws/install/eyantra_warehouse/share/eyantra_warehouse//models/boxes/box_25/model.config
[0.456s] -- Up-to-date symlink: /home/mikealpha/colcon_ws/install/eyantra_warehouse/share/eyantra_warehouse//models/boxes/box_25/model.sdf
[0.456s] -- Up-to-date symlink: /home/mikealpha/colcon_ws/install/eyantra_warehouse/share/eyantra_warehouse//models/boxes/box_26/meshes/aruco_tag.jpg
[0.457s] -- Up-to-date symlink: /home/mikealpha/colcon_ws/install/eyantra_warehouse/share/eyantra_warehouse//models/boxes/box_26/meshes/box.dae
[0.457s] -- Up-to-date symlink: /home/mikealpha/colcon_ws/install/eyantra_warehouse/share/eyantra_warehouse//models/boxes/box_26/meshes/box__bg.png
[0.457s] -- Up-to-date symlink: /home/mikealpha/colcon_ws/install/eyantra_warehouse/share/eyantra_warehouse//models/boxes/box_26/meshes/cardboard_bg.png
[0.457s] -- Up-to-date symlink: /home/mikealpha/colcon_ws/install/eyantra_warehouse/share/eyantra_warehouse//models/boxes/box_26/model.config
[0.458s] -- Up-to-date symlink: /home/mikealpha/colcon_ws/install/eyantra_warehouse/share/eyantra_warehouse//models/boxes/box_26/model.sdf
[0.458s] -- Up-to-date symlink: /home/mikealpha/colcon_ws/install/eyantra_warehouse/share/eyantra_warehouse//models/boxes/box_27/meshes/aruco_tag.jpg
[0.458s] -- Up-to-date symlink: /home/mikealpha/colcon_ws/install/eyantra_warehouse/share/eyantra_warehouse//models/boxes/box_27/meshes/box.dae
[0.458s] -- Up-to-date symlink: /home/mikealpha/colcon_ws/install/eyantra_warehouse/share/eyantra_warehouse//models/boxes/box_27/meshes/box__bg.png
[0.458s] -- Up-to-date symlink: /home/mikealpha/colcon_ws/install/eyantra_warehouse/share/eyantra_warehouse//models/boxes/box_27/meshes/cardboard_bg.png
[0.459s] -- Up-to-date symlink: /home/mikealpha/colcon_ws/install/eyantra_warehouse/share/eyantra_warehouse//models/boxes/box_27/model.config
[0.459s] -- Up-to-date symlink: /home/mikealpha/colcon_ws/install/eyantra_warehouse/share/eyantra_warehouse//models/boxes/box_27/model.sdf
[0.459s] -- Up-to-date symlink: /home/mikealpha/colcon_ws/install/eyantra_warehouse/share/eyantra_warehouse//models/boxes/box_28/meshes/aruco_tag.jpg
[0.460s] -- Up-to-date symlink: /home/mikealpha/colcon_ws/install/eyantra_warehouse/share/eyantra_warehouse//models/boxes/box_28/meshes/box.dae
[0.460s] -- Up-to-date symlink: /home/mikealpha/colcon_ws/install/eyantra_warehouse/share/eyantra_warehouse//models/boxes/box_28/meshes/box__bg.png
[0.460s] -- Up-to-date symlink: /home/mikealpha/colcon_ws/install/eyantra_warehouse/share/eyantra_warehouse//models/boxes/box_28/meshes/cardboard_bg.png
[0.460s] -- Up-to-date symlink: /home/mikealpha/colcon_ws/install/eyantra_warehouse/share/eyantra_warehouse//models/boxes/box_28/model.config
[0.461s] -- Up-to-date symlink: /home/mikealpha/colcon_ws/install/eyantra_warehouse/share/eyantra_warehouse//models/boxes/box_28/model.sdf
[0.461s] -- Up-to-date symlink: /home/mikealpha/colcon_ws/install/eyantra_warehouse/share/eyantra_warehouse//models/boxes/box_29/meshes/aruco_tag.jpg
[0.461s] -- Up-to-date symlink: /home/mikealpha/colcon_ws/install/eyantra_warehouse/share/eyantra_warehouse//models/boxes/box_29/meshes/box.dae
[0.462s] -- Up-to-date symlink: /home/mikealpha/colcon_ws/install/eyantra_warehouse/share/eyantra_warehouse//models/boxes/box_29/meshes/box__bg.png
[0.462s] -- Up-to-date symlink: /home/mikealpha/colcon_ws/install/eyantra_warehouse/share/eyantra_warehouse//models/boxes/box_29/meshes/cardboard_bg.png
[0.462s] -- Up-to-date symlink: /home/mikealpha/colcon_ws/install/eyantra_warehouse/share/eyantra_warehouse//models/boxes/box_29/model.config
[0.463s] -- Up-to-date symlink: /home/mikealpha/colcon_ws/install/eyantra_warehouse/share/eyantra_warehouse//models/boxes/box_29/model.sdf
[0.463s] -- Up-to-date symlink: /home/mikealpha/colcon_ws/install/eyantra_warehouse/share/eyantra_warehouse//models/boxes/box_3/meshes/aruco_tag.jpg
[0.463s] -- Up-to-date symlink: /home/mikealpha/colcon_ws/install/eyantra_warehouse/share/eyantra_warehouse//models/boxes/box_3/meshes/box.dae
[0.464s] -- Up-to-date symlink: /home/mikealpha/colcon_ws/install/eyantra_warehouse/share/eyantra_warehouse//models/boxes/box_3/meshes/box__bg.png
[0.464s] -- Up-to-date symlink: /home/mikealpha/colcon_ws/install/eyantra_warehouse/share/eyantra_warehouse//models/boxes/box_3/meshes/cardboard_bg.png
[0.464s] -- Up-to-date symlink: /home/mikealpha/colcon_ws/install/eyantra_warehouse/share/eyantra_warehouse//models/boxes/box_3/model.config
[0.464s] -- Up-to-date symlink: /home/mikealpha/colcon_ws/install/eyantra_warehouse/share/eyantra_warehouse//models/boxes/box_3/model.sdf
[0.465s] -- Up-to-date symlink: /home/mikealpha/colcon_ws/install/eyantra_warehouse/share/eyantra_warehouse//models/boxes/box_30/meshes/aruco_tag.jpg
[0.466s] -- Up-to-date symlink: /home/mikealpha/colcon_ws/install/eyantra_warehouse/share/eyantra_warehouse//models/boxes/box_30/meshes/box.dae
[0.466s] -- Up-to-date symlink: /home/mikealpha/colcon_ws/install/eyantra_warehouse/share/eyantra_warehouse//models/boxes/box_30/meshes/box__bg.png
[0.467s] -- Up-to-date symlink: /home/mikealpha/colcon_ws/install/eyantra_warehouse/share/eyantra_warehouse//models/boxes/box_30/meshes/cardboard_bg.png
[0.467s] -- Up-to-date symlink: /home/mikealpha/colcon_ws/install/eyantra_warehouse/share/eyantra_warehouse//models/boxes/box_30/model.config
[0.467s] -- Up-to-date symlink: /home/mikealpha/colcon_ws/install/eyantra_warehouse/share/eyantra_warehouse//models/boxes/box_30/model.sdf
[0.468s] -- Up-to-date symlink: /home/mikealpha/colcon_ws/install/eyantra_warehouse/share/eyantra_warehouse//models/boxes/box_31/meshes/aruco_tag.jpg
[0.468s] -- Up-to-date symlink: /home/mikealpha/colcon_ws/install/eyantra_warehouse/share/eyantra_warehouse//models/boxes/box_31/meshes/box.dae
[0.468s] -- Up-to-date symlink: /home/mikealpha/colcon_ws/install/eyantra_warehouse/share/eyantra_warehouse//models/boxes/box_31/meshes/box__bg.png
[0.469s] -- Up-to-date symlink: /home/mikealpha/colcon_ws/install/eyantra_warehouse/share/eyantra_warehouse//models/boxes/box_31/meshes/cardboard_bg.png
[0.469s] -- Up-to-date symlink: /home/mikealpha/colcon_ws/install/eyantra_warehouse/share/eyantra_warehouse//models/boxes/box_31/model.config
[0.469s] -- Up-to-date symlink: /home/mikealpha/colcon_ws/install/eyantra_warehouse/share/eyantra_warehouse//models/boxes/box_31/model.sdf
[0.469s] -- Up-to-date symlink: /home/mikealpha/colcon_ws/install/eyantra_warehouse/share/eyantra_warehouse//models/boxes/box_32/meshes/aruco_tag.jpg
[0.470s] -- Up-to-date symlink: /home/mikealpha/colcon_ws/install/eyantra_warehouse/share/eyantra_warehouse//models/boxes/box_32/meshes/box.dae
[0.470s] -- Up-to-date symlink: /home/mikealpha/colcon_ws/install/eyantra_warehouse/share/eyantra_warehouse//models/boxes/box_32/meshes/box__bg.png
[0.470s] -- Up-to-date symlink: /home/mikealpha/colcon_ws/install/eyantra_warehouse/share/eyantra_warehouse//models/boxes/box_32/meshes/cardboard_bg.png
[0.471s] -- Up-to-date symlink: /home/mikealpha/colcon_ws/install/eyantra_warehouse/share/eyantra_warehouse//models/boxes/box_32/model.config
[0.471s] -- Up-to-date symlink: /home/mikealpha/colcon_ws/install/eyantra_warehouse/share/eyantra_warehouse//models/boxes/box_32/model.sdf
[0.472s] -- Up-to-date symlink: /home/mikealpha/colcon_ws/install/eyantra_warehouse/share/eyantra_warehouse//models/boxes/box_33/meshes/aruco_tag.jpg
[0.472s] -- Up-to-date symlink: /home/mikealpha/colcon_ws/install/eyantra_warehouse/share/eyantra_warehouse//models/boxes/box_33/meshes/box.dae
[0.472s] -- Up-to-date symlink: /home/mikealpha/colcon_ws/install/eyantra_warehouse/share/eyantra_warehouse//models/boxes/box_33/meshes/box__bg.png
[0.473s] -- Up-to-date symlink: /home/mikealpha/colcon_ws/install/eyantra_warehouse/share/eyantra_warehouse//models/boxes/box_33/meshes/cardboard_bg.png
[0.473s] -- Up-to-date symlink: /home/mikealpha/colcon_ws/install/eyantra_warehouse/share/eyantra_warehouse//models/boxes/box_33/model.config
[0.473s] -- Up-to-date symlink: /home/mikealpha/colcon_ws/install/eyantra_warehouse/share/eyantra_warehouse//models/boxes/box_33/model.sdf
[0.474s] -- Up-to-date symlink: /home/mikealpha/colcon_ws/install/eyantra_warehouse/share/eyantra_warehouse//models/boxes/box_34/meshes/aruco_tag.jpg
[0.474s] -- Up-to-date symlink: /home/mikealpha/colcon_ws/install/eyantra_warehouse/share/eyantra_warehouse//models/boxes/box_34/meshes/box.dae
[0.475s] -- Up-to-date symlink: /home/mikealpha/colcon_ws/install/eyantra_warehouse/share/eyantra_warehouse//models/boxes/box_34/meshes/box__bg.png
[0.475s] -- Up-to-date symlink: /home/mikealpha/colcon_ws/install/eyantra_warehouse/share/eyantra_warehouse//models/boxes/box_34/meshes/cardboard_bg.png
[0.476s] -- Up-to-date symlink: /home/mikealpha/colcon_ws/install/eyantra_warehouse/share/eyantra_warehouse//models/boxes/box_34/model.config
[0.476s] -- Up-to-date symlink: /home/mikealpha/colcon_ws/install/eyantra_warehouse/share/eyantra_warehouse//models/boxes/box_34/model.sdf
[0.477s] -- Up-to-date symlink: /home/mikealpha/colcon_ws/install/eyantra_warehouse/share/eyantra_warehouse//models/boxes/box_35/meshes/aruco_tag.jpg
[0.477s] -- Up-to-date symlink: /home/mikealpha/colcon_ws/install/eyantra_warehouse/share/eyantra_warehouse//models/boxes/box_35/meshes/box.dae
[0.477s] -- Up-to-date symlink: /home/mikealpha/colcon_ws/install/eyantra_warehouse/share/eyantra_warehouse//models/boxes/box_35/meshes/box__bg.png
[0.478s] -- Up-to-date symlink: /home/mikealpha/colcon_ws/install/eyantra_warehouse/share/eyantra_warehouse//models/boxes/box_35/meshes/cardboard_bg.png
[0.478s] -- Up-to-date symlink: /home/mikealpha/colcon_ws/install/eyantra_warehouse/share/eyantra_warehouse//models/boxes/box_35/model.config
[0.479s] -- Up-to-date symlink: /home/mikealpha/colcon_ws/install/eyantra_warehouse/share/eyantra_warehouse//models/boxes/box_35/model.sdf
[0.479s] -- Up-to-date symlink: /home/mikealpha/colcon_ws/install/eyantra_warehouse/share/eyantra_warehouse//models/boxes/box_36/meshes/aruco_tag.jpg
[0.479s] -- Up-to-date symlink: /home/mikealpha/colcon_ws/install/eyantra_warehouse/share/eyantra_warehouse//models/boxes/box_36/meshes/box.dae
[0.480s] -- Up-to-date symlink: /home/mikealpha/colcon_ws/install/eyantra_warehouse/share/eyantra_warehouse//models/boxes/box_36/meshes/box__bg.png
[0.480s] -- Up-to-date symlink: /home/mikealpha/colcon_ws/install/eyantra_warehouse/share/eyantra_warehouse//models/boxes/box_36/meshes/cardboard_bg.png
[0.480s] -- Up-to-date symlink: /home/mikealpha/colcon_ws/install/eyantra_warehouse/share/eyantra_warehouse//models/boxes/box_36/model.config
[0.481s] -- Up-to-date symlink: /home/mikealpha/colcon_ws/install/eyantra_warehouse/share/eyantra_warehouse//models/boxes/box_36/model.sdf
[0.481s] -- Up-to-date symlink: /home/mikealpha/colcon_ws/install/eyantra_warehouse/share/eyantra_warehouse//models/boxes/box_37/meshes/aruco_tag.jpg
[0.482s] -- Up-to-date symlink: /home/mikealpha/colcon_ws/install/eyantra_warehouse/share/eyantra_warehouse//models/boxes/box_37/meshes/box.dae
[0.482s] -- Up-to-date symlink: /home/mikealpha/colcon_ws/install/eyantra_warehouse/share/eyantra_warehouse//models/boxes/box_37/meshes/box__bg.png
[0.482s] -- Up-to-date symlink: /home/mikealpha/colcon_ws/install/eyantra_warehouse/share/eyantra_warehouse//models/boxes/box_37/meshes/cardboard_bg.png
[0.483s] -- Up-to-date symlink: /home/mikealpha/colcon_ws/install/eyantra_warehouse/share/eyantra_warehouse//models/boxes/box_37/model.config
[0.483s] -- Up-to-date symlink: /home/mikealpha/colcon_ws/install/eyantra_warehouse/share/eyantra_warehouse//models/boxes/box_37/model.sdf
[0.484s] -- Up-to-date symlink: /home/mikealpha/colcon_ws/install/eyantra_warehouse/share/eyantra_warehouse//models/boxes/box_38/meshes/aruco_tag.jpg
[0.484s] -- Up-to-date symlink: /home/mikealpha/colcon_ws/install/eyantra_warehouse/share/eyantra_warehouse//models/boxes/box_38/meshes/box.dae
[0.485s] -- Up-to-date symlink: /home/mikealpha/colcon_ws/install/eyantra_warehouse/share/eyantra_warehouse//models/boxes/box_38/meshes/box__bg.png
[0.485s] -- Up-to-date symlink: /home/mikealpha/colcon_ws/install/eyantra_warehouse/share/eyantra_warehouse//models/boxes/box_38/meshes/cardboard_bg.png
[0.486s] -- Up-to-date symlink: /home/mikealpha/colcon_ws/install/eyantra_warehouse/share/eyantra_warehouse//models/boxes/box_38/model.config
[0.486s] -- Up-to-date symlink: /home/mikealpha/colcon_ws/install/eyantra_warehouse/share/eyantra_warehouse//models/boxes/box_38/model.sdf
[0.487s] -- Up-to-date symlink: /home/mikealpha/colcon_ws/install/eyantra_warehouse/share/eyantra_warehouse//models/boxes/box_39/meshes/aruco_tag.jpg
[0.487s] -- Up-to-date symlink: /home/mikealpha/colcon_ws/install/eyantra_warehouse/share/eyantra_warehouse//models/boxes/box_39/meshes/box.dae
[0.487s] -- Up-to-date symlink: /home/mikealpha/colcon_ws/install/eyantra_warehouse/share/eyantra_warehouse//models/boxes/box_39/meshes/box__bg.png
[0.488s] -- Up-to-date symlink: /home/mikealpha/colcon_ws/install/eyantra_warehouse/share/eyantra_warehouse//models/boxes/box_39/meshes/cardboard_bg.png
[0.488s] -- Up-to-date symlink: /home/mikealpha/colcon_ws/install/eyantra_warehouse/share/eyantra_warehouse//models/boxes/box_39/model.config
[0.488s] -- Up-to-date symlink: /home/mikealpha/colcon_ws/install/eyantra_warehouse/share/eyantra_warehouse//models/boxes/box_39/model.sdf
[0.489s] -- Up-to-date symlink: /home/mikealpha/colcon_ws/install/eyantra_warehouse/share/eyantra_warehouse//models/boxes/box_4/meshes/aruco_tag.jpg
[0.489s] -- Up-to-date symlink: /home/mikealpha/colcon_ws/install/eyantra_warehouse/share/eyantra_warehouse//models/boxes/box_4/meshes/box.dae
[0.489s] -- Up-to-date symlink: /home/mikealpha/colcon_ws/install/eyantra_warehouse/share/eyantra_warehouse//models/boxes/box_4/meshes/box__bg.png
[0.489s] -- Up-to-date symlink: /home/mikealpha/colcon_ws/install/eyantra_warehouse/share/eyantra_warehouse//models/boxes/box_4/meshes/cardboard_bg.png
[0.490s] -- Up-to-date symlink: /home/mikealpha/colcon_ws/install/eyantra_warehouse/share/eyantra_warehouse//models/boxes/box_4/model.config
[0.490s] -- Up-to-date symlink: /home/mikealpha/colcon_ws/install/eyantra_warehouse/share/eyantra_warehouse//models/boxes/box_4/model.sdf
[0.490s] -- Up-to-date symlink: /home/mikealpha/colcon_ws/install/eyantra_warehouse/share/eyantra_warehouse//models/boxes/box_40/meshes/aruco_tag.jpg
[0.490s] -- Up-to-date symlink: /home/mikealpha/colcon_ws/install/eyantra_warehouse/share/eyantra_warehouse//models/boxes/box_40/meshes/box.dae
[0.490s] -- Up-to-date symlink: /home/mikealpha/colcon_ws/install/eyantra_warehouse/share/eyantra_warehouse//models/boxes/box_40/meshes/box__bg.png
[0.491s] -- Up-to-date symlink: /home/mikealpha/colcon_ws/install/eyantra_warehouse/share/eyantra_warehouse//models/boxes/box_40/meshes/cardboard_bg.png
[0.491s] -- Up-to-date symlink: /home/mikealpha/colcon_ws/install/eyantra_warehouse/share/eyantra_warehouse//models/boxes/box_40/model.config
[0.491s] -- Up-to-date symlink: /home/mikealpha/colcon_ws/install/eyantra_warehouse/share/eyantra_warehouse//models/boxes/box_40/model.sdf
[0.492s] -- Up-to-date symlink: /home/mikealpha/colcon_ws/install/eyantra_warehouse/share/eyantra_warehouse//models/boxes/box_41/meshes/aruco_tag.jpg
[0.492s] -- Up-to-date symlink: /home/mikealpha/colcon_ws/install/eyantra_warehouse/share/eyantra_warehouse//models/boxes/box_41/meshes/box.dae
[0.493s] -- Up-to-date symlink: /home/mikealpha/colcon_ws/install/eyantra_warehouse/share/eyantra_warehouse//models/boxes/box_41/meshes/box__bg.png
[0.493s] -- Up-to-date symlink: /home/mikealpha/colcon_ws/install/eyantra_warehouse/share/eyantra_warehouse//models/boxes/box_41/meshes/cardboard_bg.png
[0.493s] -- Up-to-date symlink: /home/mikealpha/colcon_ws/install/eyantra_warehouse/share/eyantra_warehouse//models/boxes/box_41/model.config
[0.493s] -- Up-to-date symlink: /home/mikealpha/colcon_ws/install/eyantra_warehouse/share/eyantra_warehouse//models/boxes/box_41/model.sdf
[0.494s] -- Up-to-date symlink: /home/mikealpha/colcon_ws/install/eyantra_warehouse/share/eyantra_warehouse//models/boxes/box_42/meshes/aruco_tag.jpg
[0.494s] -- Up-to-date symlink: /home/mikealpha/colcon_ws/install/eyantra_warehouse/share/eyantra_warehouse//models/boxes/box_42/meshes/box.dae
[0.495s] -- Up-to-date symlink: /home/mikealpha/colcon_ws/install/eyantra_warehouse/share/eyantra_warehouse//models/boxes/box_42/meshes/box__bg.png
[0.495s] -- Up-to-date symlink: /home/mikealpha/colcon_ws/install/eyantra_warehouse/share/eyantra_warehouse//models/boxes/box_42/meshes/cardboard_bg.png
[0.495s] -- Up-to-date symlink: /home/mikealpha/colcon_ws/install/eyantra_warehouse/share/eyantra_warehouse//models/boxes/box_42/model.config
[0.495s] -- Up-to-date symlink: /home/mikealpha/colcon_ws/install/eyantra_warehouse/share/eyantra_warehouse//models/boxes/box_42/model.sdf
[0.496s] -- Up-to-date symlink: /home/mikealpha/colcon_ws/install/eyantra_warehouse/share/eyantra_warehouse//models/boxes/box_43/meshes/aruco_tag.jpg
[0.496s] -- Up-to-date symlink: /home/mikealpha/colcon_ws/install/eyantra_warehouse/share/eyantra_warehouse//models/boxes/box_43/meshes/box.dae
[0.497s] -- Up-to-date symlink: /home/mikealpha/colcon_ws/install/eyantra_warehouse/share/eyantra_warehouse//models/boxes/box_43/meshes/box__bg.png
[0.497s] -- Up-to-date symlink: /home/mikealpha/colcon_ws/install/eyantra_warehouse/share/eyantra_warehouse//models/boxes/box_43/meshes/cardboard_bg.png
[0.497s] -- Up-to-date symlink: /home/mikealpha/colcon_ws/install/eyantra_warehouse/share/eyantra_warehouse//models/boxes/box_43/model.config
[0.497s] -- Up-to-date symlink: /home/mikealpha/colcon_ws/install/eyantra_warehouse/share/eyantra_warehouse//models/boxes/box_43/model.sdf
[0.498s] -- Up-to-date symlink: /home/mikealpha/colcon_ws/install/eyantra_warehouse/share/eyantra_warehouse//models/boxes/box_44/meshes/aruco_tag.jpg
[0.498s] -- Up-to-date symlink: /home/mikealpha/colcon_ws/install/eyantra_warehouse/share/eyantra_warehouse//models/boxes/box_44/meshes/box.dae
[0.498s] -- Up-to-date symlink: /home/mikealpha/colcon_ws/install/eyantra_warehouse/share/eyantra_warehouse//models/boxes/box_44/meshes/box__bg.png
[0.498s] -- Up-to-date symlink: /home/mikealpha/colcon_ws/install/eyantra_warehouse/share/eyantra_warehouse//models/boxes/box_44/meshes/cardboard_bg.png
[0.499s] -- Up-to-date symlink: /home/mikealpha/colcon_ws/install/eyantra_warehouse/share/eyantra_warehouse//models/boxes/box_44/model.config
[0.499s] -- Up-to-date symlink: /home/mikealpha/colcon_ws/install/eyantra_warehouse/share/eyantra_warehouse//models/boxes/box_44/model.sdf
[0.499s] -- Up-to-date symlink: /home/mikealpha/colcon_ws/install/eyantra_warehouse/share/eyantra_warehouse//models/boxes/box_45/meshes/aruco_tag.jpg
[0.500s] -- Up-to-date symlink: /home/mikealpha/colcon_ws/install/eyantra_warehouse/share/eyantra_warehouse//models/boxes/box_45/meshes/box.dae
[0.500s] -- Up-to-date symlink: /home/mikealpha/colcon_ws/install/eyantra_warehouse/share/eyantra_warehouse//models/boxes/box_45/meshes/box__bg.png
[0.500s] -- Up-to-date symlink: /home/mikealpha/colcon_ws/install/eyantra_warehouse/share/eyantra_warehouse//models/boxes/box_45/meshes/cardboard_bg.png
[0.500s] -- Up-to-date symlink: /home/mikealpha/colcon_ws/install/eyantra_warehouse/share/eyantra_warehouse//models/boxes/box_45/model.config
[0.501s] -- Up-to-date symlink: /home/mikealpha/colcon_ws/install/eyantra_warehouse/share/eyantra_warehouse//models/boxes/box_45/model.sdf
[0.501s] -- Up-to-date symlink: /home/mikealpha/colcon_ws/install/eyantra_warehouse/share/eyantra_warehouse//models/boxes/box_46/meshes/aruco_tag.jpg
[0.502s] -- Up-to-date symlink: /home/mikealpha/colcon_ws/install/eyantra_warehouse/share/eyantra_warehouse//models/boxes/box_46/meshes/box.dae
[0.502s] -- Up-to-date symlink: /home/mikealpha/colcon_ws/install/eyantra_warehouse/share/eyantra_warehouse//models/boxes/box_46/meshes/box__bg.png
[0.502s] -- Up-to-date symlink: /home/mikealpha/colcon_ws/install/eyantra_warehouse/share/eyantra_warehouse//models/boxes/box_46/meshes/cardboard_bg.png
[0.502s] -- Up-to-date symlink: /home/mikealpha/colcon_ws/install/eyantra_warehouse/share/eyantra_warehouse//models/boxes/box_46/model.config
[0.503s] -- Up-to-date symlink: /home/mikealpha/colcon_ws/install/eyantra_warehouse/share/eyantra_warehouse//models/boxes/box_46/model.sdf
[0.503s] -- Up-to-date symlink: /home/mikealpha/colcon_ws/install/eyantra_warehouse/share/eyantra_warehouse//models/boxes/box_47/meshes/aruco_tag.jpg
[0.503s] -- Up-to-date symlink: /home/mikealpha/colcon_ws/install/eyantra_warehouse/share/eyantra_warehouse//models/boxes/box_47/meshes/box.dae
[0.504s] -- Up-to-date symlink: /home/mikealpha/colcon_ws/install/eyantra_warehouse/share/eyantra_warehouse//models/boxes/box_47/meshes/box__bg.png
[0.504s] -- Up-to-date symlink: /home/mikealpha/colcon_ws/install/eyantra_warehouse/share/eyantra_warehouse//models/boxes/box_47/meshes/cardboard_bg.png
[0.504s] -- Up-to-date symlink: /home/mikealpha/colcon_ws/install/eyantra_warehouse/share/eyantra_warehouse//models/boxes/box_47/model.config
[0.504s] -- Up-to-date symlink: /home/mikealpha/colcon_ws/install/eyantra_warehouse/share/eyantra_warehouse//models/boxes/box_47/model.sdf
[0.505s] -- Up-to-date symlink: /home/mikealpha/colcon_ws/install/eyantra_warehouse/share/eyantra_warehouse//models/boxes/box_48/meshes/aruco_tag.jpg
[0.505s] -- Up-to-date symlink: /home/mikealpha/colcon_ws/install/eyantra_warehouse/share/eyantra_warehouse//models/boxes/box_48/meshes/box.dae
[0.506s] -- Up-to-date symlink: /home/mikealpha/colcon_ws/install/eyantra_warehouse/share/eyantra_warehouse//models/boxes/box_48/meshes/box__bg.png
[0.506s] -- Up-to-date symlink: /home/mikealpha/colcon_ws/install/eyantra_warehouse/share/eyantra_warehouse//models/boxes/box_48/meshes/cardboard_bg.png
[0.506s] -- Up-to-date symlink: /home/mikealpha/colcon_ws/install/eyantra_warehouse/share/eyantra_warehouse//models/boxes/box_48/model.config
[0.507s] -- Up-to-date symlink: /home/mikealpha/colcon_ws/install/eyantra_warehouse/share/eyantra_warehouse//models/boxes/box_48/model.sdf
[0.507s] -- Up-to-date symlink: /home/mikealpha/colcon_ws/install/eyantra_warehouse/share/eyantra_warehouse//models/boxes/box_49/meshes/aruco_tag.jpg
[0.507s] -- Up-to-date symlink: /home/mikealpha/colcon_ws/install/eyantra_warehouse/share/eyantra_warehouse//models/boxes/box_49/meshes/box.dae
[0.508s] -- Up-to-date symlink: /home/mikealpha/colcon_ws/install/eyantra_warehouse/share/eyantra_warehouse//models/boxes/box_49/meshes/box__bg.png
[0.508s] -- Up-to-date symlink: /home/mikealpha/colcon_ws/install/eyantra_warehouse/share/eyantra_warehouse//models/boxes/box_49/meshes/cardboard_bg.png
[0.508s] -- Up-to-date symlink: /home/mikealpha/colcon_ws/install/eyantra_warehouse/share/eyantra_warehouse//models/boxes/box_49/model.config
[0.508s] -- Up-to-date symlink: /home/mikealpha/colcon_ws/install/eyantra_warehouse/share/eyantra_warehouse//models/boxes/box_49/model.sdf
[0.508s] -- Up-to-date symlink: /home/mikealpha/colcon_ws/install/eyantra_warehouse/share/eyantra_warehouse//models/boxes/box_5/meshes/aruco_tag.jpg
[0.508s] -- Up-to-date symlink: /home/mikealpha/colcon_ws/install/eyantra_warehouse/share/eyantra_warehouse//models/boxes/box_5/meshes/box.dae
[0.508s] -- Up-to-date symlink: /home/mikealpha/colcon_ws/install/eyantra_warehouse/share/eyantra_warehouse//models/boxes/box_5/meshes/box__bg.png
[0.509s] -- Up-to-date symlink: /home/mikealpha/colcon_ws/install/eyantra_warehouse/share/eyantra_warehouse//models/boxes/box_5/meshes/cardboard_bg.png
[0.509s] -- Up-to-date symlink: /home/mikealpha/colcon_ws/install/eyantra_warehouse/share/eyantra_warehouse//models/boxes/box_5/model.config
[0.509s] -- Up-to-date symlink: /home/mikealpha/colcon_ws/install/eyantra_warehouse/share/eyantra_warehouse//models/boxes/box_5/model.sdf
[0.510s] -- Up-to-date symlink: /home/mikealpha/colcon_ws/install/eyantra_warehouse/share/eyantra_warehouse//models/boxes/box_50/meshes/aruco_tag.jpg
[0.510s] -- Up-to-date symlink: /home/mikealpha/colcon_ws/install/eyantra_warehouse/share/eyantra_warehouse//models/boxes/box_50/meshes/box.dae
[0.510s] -- Up-to-date symlink: /home/mikealpha/colcon_ws/install/eyantra_warehouse/share/eyantra_warehouse//models/boxes/box_50/meshes/box__bg.png
[0.510s] -- Up-to-date symlink: /home/mikealpha/colcon_ws/install/eyantra_warehouse/share/eyantra_warehouse//models/boxes/box_50/meshes/cardboard_bg.png
[0.510s] -- Up-to-date symlink: /home/mikealpha/colcon_ws/install/eyantra_warehouse/share/eyantra_warehouse//models/boxes/box_50/model.config
[0.511s] -- Up-to-date symlink: /home/mikealpha/colcon_ws/install/eyantra_warehouse/share/eyantra_warehouse//models/boxes/box_50/model.sdf
[0.511s] -- Up-to-date symlink: /home/mikealpha/colcon_ws/install/eyantra_warehouse/share/eyantra_warehouse//models/boxes/box_6/meshes/aruco_tag.jpg
[0.511s] -- Up-to-date symlink: /home/mikealpha/colcon_ws/install/eyantra_warehouse/share/eyantra_warehouse//models/boxes/box_6/meshes/box.dae
[0.511s] -- Up-to-date symlink: /home/mikealpha/colcon_ws/install/eyantra_warehouse/share/eyantra_warehouse//models/boxes/box_6/meshes/box__bg.png
[0.511s] -- Up-to-date symlink: /home/mikealpha/colcon_ws/install/eyantra_warehouse/share/eyantra_warehouse//models/boxes/box_6/meshes/cardboard_bg.png
[0.512s] -- Up-to-date symlink: /home/mikealpha/colcon_ws/install/eyantra_warehouse/share/eyantra_warehouse//models/boxes/box_6/model.config
[0.512s] -- Up-to-date symlink: /home/mikealpha/colcon_ws/install/eyantra_warehouse/share/eyantra_warehouse//models/boxes/box_6/model.sdf
[0.512s] -- Up-to-date symlink: /home/mikealpha/colcon_ws/install/eyantra_warehouse/share/eyantra_warehouse//models/boxes/box_7/meshes/aruco_tag.jpg
[0.513s] -- Up-to-date symlink: /home/mikealpha/colcon_ws/install/eyantra_warehouse/share/eyantra_warehouse//models/boxes/box_7/meshes/box.dae
[0.513s] -- Up-to-date symlink: /home/mikealpha/colcon_ws/install/eyantra_warehouse/share/eyantra_warehouse//models/boxes/box_7/meshes/box__bg.png
[0.513s] -- Up-to-date symlink: /home/mikealpha/colcon_ws/install/eyantra_warehouse/share/eyantra_warehouse//models/boxes/box_7/meshes/cardboard_bg.png
[0.513s] -- Up-to-date symlink: /home/mikealpha/colcon_ws/install/eyantra_warehouse/share/eyantra_warehouse//models/boxes/box_7/model.config
[0.513s] -- Up-to-date symlink: /home/mikealpha/colcon_ws/install/eyantra_warehouse/share/eyantra_warehouse//models/boxes/box_7/model.sdf
[0.514s] -- Up-to-date symlink: /home/mikealpha/colcon_ws/install/eyantra_warehouse/share/eyantra_warehouse//models/boxes/box_8/meshes/aruco_tag.jpg
[0.514s] -- Up-to-date symlink: /home/mikealpha/colcon_ws/install/eyantra_warehouse/share/eyantra_warehouse//models/boxes/box_8/meshes/box.dae
[0.514s] -- Up-to-date symlink: /home/mikealpha/colcon_ws/install/eyantra_warehouse/share/eyantra_warehouse//models/boxes/box_8/meshes/box__bg.png
[0.514s] -- Up-to-date symlink: /home/mikealpha/colcon_ws/install/eyantra_warehouse/share/eyantra_warehouse//models/boxes/box_8/meshes/cardboard_bg.png
[0.514s] -- Up-to-date symlink: /home/mikealpha/colcon_ws/install/eyantra_warehouse/share/eyantra_warehouse//models/boxes/box_8/model.config
[0.515s] -- Up-to-date symlink: /home/mikealpha/colcon_ws/install/eyantra_warehouse/share/eyantra_warehouse//models/boxes/box_8/model.sdf
[0.515s] -- Up-to-date symlink: /home/mikealpha/colcon_ws/install/eyantra_warehouse/share/eyantra_warehouse//models/boxes/box_9/meshes/aruco_tag.jpg
[0.515s] -- Up-to-date symlink: /home/mikealpha/colcon_ws/install/eyantra_warehouse/share/eyantra_warehouse//models/boxes/box_9/meshes/box.dae
[0.516s] -- Up-to-date symlink: /home/mikealpha/colcon_ws/install/eyantra_warehouse/share/eyantra_warehouse//models/boxes/box_9/meshes/box__bg.png
[0.516s] -- Up-to-date symlink: /home/mikealpha/colcon_ws/install/eyantra_warehouse/share/eyantra_warehouse//models/boxes/box_9/meshes/cardboard_bg.png
[0.516s] -- Up-to-date symlink: /home/mikealpha/colcon_ws/install/eyantra_warehouse/share/eyantra_warehouse//models/boxes/box_9/model.config
[0.516s] -- Up-to-date symlink: /home/mikealpha/colcon_ws/install/eyantra_warehouse/share/eyantra_warehouse//models/boxes/box_9/model.sdf
[0.517s] -- Up-to-date symlink: /home/mikealpha/colcon_ws/install/eyantra_warehouse/share/eyantra_warehouse//models/conveyor_belt/meshes/conveyor_belt.dae
[0.517s] -- Up-to-date symlink: /home/mikealpha/colcon_ws/install/eyantra_warehouse/share/eyantra_warehouse//models/conveyor_belt/meshes/conveyor_belt.stl
[0.517s] -- Up-to-date symlink: /home/mikealpha/colcon_ws/install/eyantra_warehouse/share/eyantra_warehouse//models/conveyor_belt/model.config
[0.517s] -- Up-to-date symlink: /home/mikealpha/colcon_ws/install/eyantra_warehouse/share/eyantra_warehouse//models/conveyor_belt/model.sdf
[0.519s] -- Up-to-date symlink: /home/mikealpha/colcon_ws/install/eyantra_warehouse/share/eyantra_warehouse//models/drop_table/meshes/eyantra_logo~red_280x55.png
[0.519s] -- Up-to-date symlink: /home/mikealpha/colcon_ws/install/eyantra_warehouse/share/eyantra_warehouse//models/drop_table/meshes/eyantra_logo~red_280x55.png.001.png
[0.519s] -- Up-to-date symlink: /home/mikealpha/colcon_ws/install/eyantra_warehouse/share/eyantra_warehouse//models/drop_table/meshes/table.dae
[0.519s] -- Up-to-date symlink: /home/mikealpha/colcon_ws/install/eyantra_warehouse/share/eyantra_warehouse//models/drop_table/model.config
[0.520s] -- Up-to-date symlink: /home/mikealpha/colcon_ws/install/eyantra_warehouse/share/eyantra_warehouse//models/drop_table/model.sdf
[0.521s] -- Up-to-date symlink: /home/mikealpha/colcon_ws/install/eyantra_warehouse/share/eyantra_warehouse//models/ground_plane/model.config
[0.521s] -- Up-to-date symlink: /home/mikealpha/colcon_ws/install/eyantra_warehouse/share/eyantra_warehouse//models/ground_plane/model.sdf
[0.522s] -- Up-to-date symlink: /home/mikealpha/colcon_ws/install/eyantra_warehouse/share/eyantra_warehouse//models/package_box/meshes/4x4_1000-0.png
[0.522s] -- Up-to-date symlink: /home/mikealpha/colcon_ws/install/eyantra_warehouse/share/eyantra_warehouse//models/package_box/meshes/aws_robomaker_warehouse_ClutteringC_02.png
[0.522s] -- Up-to-date symlink: /home/mikealpha/colcon_ws/install/eyantra_warehouse/share/eyantra_warehouse//models/package_box/meshes/package_box.dae
[0.522s] -- Up-to-date symlink: /home/mikealpha/colcon_ws/install/eyantra_warehouse/share/eyantra_warehouse//models/package_box/model.config
[0.522s] -- Up-to-date symlink: /home/mikealpha/colcon_ws/install/eyantra_warehouse/share/eyantra_warehouse//models/package_box/model.sdf
[0.523s] -- Up-to-date symlink: /home/mikealpha/colcon_ws/install/eyantra_warehouse/share/eyantra_warehouse//models/rack/meshes/brushedsteel4.jpg
[0.523s] -- Up-to-date symlink: /home/mikealpha/colcon_ws/install/eyantra_warehouse/share/eyantra_warehouse//models/rack/meshes/brushedsteel_bg.jpg
[0.524s] -- Up-to-date symlink: /home/mikealpha/colcon_ws/install/eyantra_warehouse/share/eyantra_warehouse//models/rack/meshes/rack.dae
[0.524s] -- Up-to-date symlink: /home/mikealpha/colcon_ws/install/eyantra_warehouse/share/eyantra_warehouse//models/rack/meshes/rack.stl
[0.524s] -- Up-to-date symlink: /home/mikealpha/colcon_ws/install/eyantra_warehouse/share/eyantra_warehouse//models/rack/model.config
[0.524s] -- Up-to-date symlink: /home/mikealpha/colcon_ws/install/eyantra_warehouse/share/eyantra_warehouse//models/rack/model.sdf
[0.525s] -- Up-to-date symlink: /home/mikealpha/colcon_ws/install/eyantra_warehouse/share/eyantra_warehouse//models/warehouse_boundary/meshes/warehouse_boundary.dae
[0.525s] -- Up-to-date symlink: /home/mikealpha/colcon_ws/install/eyantra_warehouse/share/eyantra_warehouse//models/warehouse_boundary/meshes/warehouse_boundary_glass_cover.dae
[0.525s] -- Up-to-date symlink: /home/mikealpha/colcon_ws/install/eyantra_warehouse/share/eyantra_warehouse//models/warehouse_boundary/meshes/warehouse_floor.jpg
[0.526s] -- Up-to-date symlink: /home/mikealpha/colcon_ws/install/eyantra_warehouse/share/eyantra_warehouse//models/warehouse_boundary/model.config
[0.526s] -- Up-to-date symlink: /home/mikealpha/colcon_ws/install/eyantra_warehouse/share/eyantra_warehouse//models/warehouse_boundary/model.sdf
[0.526s] -- Up-to-date symlink: /home/mikealpha/colcon_ws/install/eyantra_warehouse/share/eyantra_warehouse//models/window/model.config
[0.526s] -- Up-to-date symlink: /home/mikealpha/colcon_ws/install/eyantra_warehouse/share/eyantra_warehouse//models/window/model.sdf
[0.527s] -- Up-to-date symlink: /home/mikealpha/colcon_ws/install/eyantra_warehouse/share/eyantra_warehouse//config/SkyX_Moon.fragment
[0.527s] -- Up-to-date symlink: /home/mikealpha/colcon_ws/install/eyantra_warehouse/share/eyantra_warehouse//config/SkyX_Moon.png
[0.527s] -- Up-to-date symlink: /home/mikealpha/colcon_ws/install/eyantra_warehouse/share/eyantra_warehouse//config/package_link.json
[0.528s] -- Up-to-date symlink: /home/mikealpha/colcon_ws/install/eyantra_warehouse/share/ament_index/resource_index/package_run_dependencies/eyantra_warehouse
[0.528s] -- Up-to-date symlink: /home/mikealpha/colcon_ws/install/eyantra_warehouse/share/ament_index/resource_index/parent_prefix_path/eyantra_warehouse
[0.528s] -- Up-to-date symlink: /home/mikealpha/colcon_ws/install/eyantra_warehouse/share/eyantra_warehouse/environment/ament_prefix_path.sh
[0.528s] -- Up-to-date symlink: /home/mikealpha/colcon_ws/install/eyantra_warehouse/share/eyantra_warehouse/environment/ament_prefix_path.dsv
[0.529s] -- Up-to-date symlink: /home/mikealpha/colcon_ws/install/eyantra_warehouse/share/eyantra_warehouse/environment/path.sh
[0.529s] -- Up-to-date symlink: /home/mikealpha/colcon_ws/install/eyantra_warehouse/share/eyantra_warehouse/environment/path.dsv
[0.529s] -- Up-to-date symlink: /home/mikealpha/colcon_ws/install/eyantra_warehouse/share/eyantra_warehouse/local_setup.bash
[0.529s] -- Up-to-date symlink: /home/mikealpha/colcon_ws/install/eyantra_warehouse/share/eyantra_warehouse/local_setup.sh
[0.530s] -- Up-to-date symlink: /home/mikealpha/colcon_ws/install/eyantra_warehouse/share/eyantra_warehouse/local_setup.zsh
[0.530s] -- Up-to-date symlink: /home/mikealpha/colcon_ws/install/eyantra_warehouse/share/eyantra_warehouse/local_setup.dsv
[0.530s] -- Up-to-date symlink: /home/mikealpha/colcon_ws/install/eyantra_warehouse/share/eyantra_warehouse/package.dsv
[0.530s] -- Up-to-date symlink: /home/mikealpha/colcon_ws/install/eyantra_warehouse/share/ament_index/resource_index/packages/eyantra_warehouse
[0.531s] -- Up-to-date symlink: /home/mikealpha/colcon_ws/install/eyantra_warehouse/share/eyantra_warehouse/cmake/eyantra_warehouseConfig.cmake
[0.531s] -- Up-to-date symlink: /home/mikealpha/colcon_ws/install/eyantra_warehouse/share/eyantra_warehouse/cmake/eyantra_warehouseConfig-version.cmake
[0.531s] -- Up-to-date symlink: /home/mikealpha/colcon_ws/install/eyantra_warehouse/share/eyantra_warehouse/package.xml
