[0.005s] Invoking command in '/home/mikealpha/colcon_ws/build/ur_moveit_config': AMENT_PREFIX_PATH=/home/mikealpha/colcon_ws/install/ur_description:${AMENT_PREFIX_PATH} CMAKE_PREFIX_PATH=/home/mikealpha/colcon_ws/install/ur_description:/opt/ros/humble /usr/bin/cmake /home/mikealpha/colcon_ws/src/ur_moveit_config -DCMAKE_INSTALL_PREFIX=/home/mikealpha/colcon_ws/install/ur_moveit_config
[0.049s] -- The C compiler identification is GNU 11.4.0
[0.089s] -- The CXX compiler identification is GNU 11.4.0
[0.096s] -- Detecting C compiler ABI info
[0.155s] -- Detecting C compiler ABI info - done
[0.164s] -- Check for working C compiler: /usr/bin/cc - skipped
[0.164s] -- Detecting C compile features
[0.164s] -- Detecting C compile features - done
[0.167s] -- Detecting CXX compiler ABI info
[0.237s] -- Detecting CXX compiler ABI info - done
[0.244s] -- Check for working CXX compiler: /usr/bin/c++ - skipped
[0.244s] -- Detecting CXX compile features
[0.244s] -- Detecting CXX compile features - done
[0.246s] -- Found ament_cmake: 1.3.10 (/opt/ros/humble/share/ament_cmake/cmake)
[0.387s] -- Found Python3: /usr/bin/python3 (found version "3.10.12") found components: Interpreter 
[0.504s] -- Found ament_lint_auto: 0.12.11 (/opt/ros/humble/share/ament_lint_auto/cmake)
[0.586s] -- Configuring done
[0.588s] -- Generating done
[0.589s] -- Build files have been written to: /home/mikealpha/colcon_ws/build/ur_moveit_config
[0.594s] Invoked command in '/home/mikealpha/colcon_ws/build/ur_moveit_config' returned '0': AMENT_PREFIX_PATH=/home/mikealpha/colcon_ws/install/ur_description:${AMENT_PREFIX_PATH} CMAKE_PREFIX_PATH=/home/mikealpha/colcon_ws/install/ur_description:/opt/ros/humble /usr/bin/cmake /home/mikealpha/colcon_ws/src/ur_moveit_config -DCMAKE_INSTALL_PREFIX=/home/mikealpha/colcon_ws/install/ur_moveit_config
[0.595s] Invoking command in '/home/mikealpha/colcon_ws/build/ur_moveit_config': AMENT_PREFIX_PATH=/home/mikealpha/colcon_ws/install/ur_description:${AMENT_PREFIX_PATH} CMAKE_PREFIX_PATH=/home/mikealpha/colcon_ws/install/ur_description:/opt/ros/humble /usr/bin/cmake --build /home/mikealpha/colcon_ws/build/ur_moveit_config -- -j12 -l12
[0.636s] Invoked command in '/home/mikealpha/colcon_ws/build/ur_moveit_config' returned '0': AMENT_PREFIX_PATH=/home/mikealpha/colcon_ws/install/ur_description:${AMENT_PREFIX_PATH} CMAKE_PREFIX_PATH=/home/mikealpha/colcon_ws/install/ur_description:/opt/ros/humble /usr/bin/cmake --build /home/mikealpha/colcon_ws/build/ur_moveit_config -- -j12 -l12
[0.660s] Invoking command in '/home/mikealpha/colcon_ws/build/ur_moveit_config': AMENT_PREFIX_PATH=/home/mikealpha/colcon_ws/install/ur_description:${AMENT_PREFIX_PATH} CMAKE_PREFIX_PATH=/home/mikealpha/colcon_ws/install/ur_description:/opt/ros/humble /usr/bin/cmake --install /home/mikealpha/colcon_ws/build/ur_moveit_config
[0.667s] -- Install configuration: ""
[0.667s] -- Installing: /home/mikealpha/colcon_ws/install/ur_moveit_config/share/ur_moveit_config/config
[0.667s] -- Installing: /home/mikealpha/colcon_ws/install/ur_moveit_config/share/ur_moveit_config/config/kinematics.yaml
[0.667s] -- Installing: /home/mikealpha/colcon_ws/install/ur_moveit_config/share/ur_moveit_config/launch
[0.667s] -- Installing: /home/mikealpha/colcon_ws/install/ur_moveit_config/share/ur_moveit_config/launch/ur_moveit.launch.py
[0.667s] -- Installing: /home/mikealpha/colcon_ws/install/ur_moveit_config/share/ur_moveit_config/rviz
[0.668s] -- Installing: /home/mikealpha/colcon_ws/install/ur_moveit_config/share/ur_moveit_config/rviz/view_robot.rviz
[0.668s] -- Installing: /home/mikealpha/colcon_ws/install/ur_moveit_config/share/ur_moveit_config/srdf
[0.668s] -- Installing: /home/mikealpha/colcon_ws/install/ur_moveit_config/share/ur_moveit_config/srdf/ur.srdf.xacro
[0.668s] -- Installing: /home/mikealpha/colcon_ws/install/ur_moveit_config/share/ur_moveit_config/srdf/ur_macro.srdf.xacro
[0.668s] -- Installing: /home/mikealpha/colcon_ws/install/ur_moveit_config/share/ament_index/resource_index/package_run_dependencies/ur_moveit_config
[0.668s] -- Installing: /home/mikealpha/colcon_ws/install/ur_moveit_config/share/ament_index/resource_index/parent_prefix_path/ur_moveit_config
[0.668s] -- Installing: /home/mikealpha/colcon_ws/install/ur_moveit_config/share/ur_moveit_config/environment/ament_prefix_path.sh
[0.668s] -- Installing: /home/mikealpha/colcon_ws/install/ur_moveit_config/share/ur_moveit_config/environment/ament_prefix_path.dsv
[0.668s] -- Installing: /home/mikealpha/colcon_ws/install/ur_moveit_config/share/ur_moveit_config/environment/path.sh
[0.668s] -- Installing: /home/mikealpha/colcon_ws/install/ur_moveit_config/share/ur_moveit_config/environment/path.dsv
[0.668s] -- Installing: /home/mikealpha/colcon_ws/install/ur_moveit_config/share/ur_moveit_config/local_setup.bash
[0.669s] -- Installing: /home/mikealpha/colcon_ws/install/ur_moveit_config/share/ur_moveit_config/local_setup.sh
[0.669s] -- Installing: /home/mikealpha/colcon_ws/install/ur_moveit_config/share/ur_moveit_config/local_setup.zsh
[0.669s] -- Installing: /home/mikealpha/colcon_ws/install/ur_moveit_config/share/ur_moveit_config/local_setup.dsv
[0.669s] -- Installing: /home/mikealpha/colcon_ws/install/ur_moveit_config/share/ur_moveit_config/package.dsv
[0.669s] -- Installing: /home/mikealpha/colcon_ws/install/ur_moveit_config/share/ament_index/resource_index/packages/ur_moveit_config
[0.669s] -- Installing: /home/mikealpha/colcon_ws/install/ur_moveit_config/share/ur_moveit_config/cmake/ur_moveit_configConfig.cmake
[0.669s] -- Installing: /home/mikealpha/colcon_ws/install/ur_moveit_config/share/ur_moveit_config/cmake/ur_moveit_configConfig-version.cmake
[0.669s] -- Installing: /home/mikealpha/colcon_ws/install/ur_moveit_config/share/ur_moveit_config/package.xml
[0.671s] Invoked command in '/home/mikealpha/colcon_ws/build/ur_moveit_config' returned '0': AMENT_PREFIX_PATH=/home/mikealpha/colcon_ws/install/ur_description:${AMENT_PREFIX_PATH} CMAKE_PREFIX_PATH=/home/mikealpha/colcon_ws/install/ur_description:/opt/ros/humble /usr/bin/cmake --install /home/mikealpha/colcon_ws/build/ur_moveit_config
