[0.025s] Invoking command in '/home/mikealpha/colcon_ws/build/pymoveit2': CMAKE_PREFIX_PATH=${CMAKE_PREFIX_PATH}:/home/mikealpha/colcon_ws/install/ur5_control:/opt/ros/humble /usr/bin/cmake --build /home/mikealpha/colcon_ws/build/pymoveit2 -- -j12 -l12
[0.075s] Built target ament_cmake_python_copy_pymoveit2
[0.225s] running egg_info
[0.226s] writing pymoveit2.egg-info/PKG-INFO
[0.228s] writing dependency_links to pymoveit2.egg-info/dependency_links.txt
[0.228s] writing top-level names to pymoveit2.egg-info/top_level.txt
[0.231s] reading manifest file 'pymoveit2.egg-info/SOURCES.txt'
[0.231s] writing manifest file 'pymoveit2.egg-info/SOURCES.txt'
[0.277s] Built target ament_cmake_python_build_pymoveit2_egg
[0.320s] Invoked command in '/home/mikealpha/colcon_ws/build/pymoveit2' returned '0': CMAKE_PREFIX_PATH=${CMAKE_PREFIX_PATH}:/home/mikealpha/colcon_ws/install/ur5_control:/opt/ros/humble /usr/bin/cmake --build /home/mikealpha/colcon_ws/build/pymoveit2 -- -j12 -l12
[0.361s] Invoking command in '/home/mikealpha/colcon_ws/build/pymoveit2': CMAKE_PREFIX_PATH=${CMAKE_PREFIX_PATH}:/home/mikealpha/colcon_ws/install/ur5_control:/opt/ros/humble /usr/bin/cmake --install /home/mikealpha/colcon_ws/build/pymoveit2
[0.367s] -- Install configuration: ""
[0.367s] -- Up-to-date: /home/mikealpha/colcon_ws/install/pymoveit2/share/pymoveit2/environment/pythonpath.sh
[0.367s] -- Up-to-date: /home/mikealpha/colcon_ws/install/pymoveit2/share/pymoveit2/environment/pythonpath.dsv
[0.367s] -- Up-to-date: /home/mikealpha/colcon_ws/install/pymoveit2/local/lib/python3.10/dist-packages/pymoveit2-2.1.0-py3.10.egg-info
[0.367s] -- Installing: /home/mikealpha/colcon_ws/install/pymoveit2/local/lib/python3.10/dist-packages/pymoveit2-2.1.0-py3.10.egg-info/PKG-INFO
[0.367s] -- Installing: /home/mikealpha/colcon_ws/install/pymoveit2/local/lib/python3.10/dist-packages/pymoveit2-2.1.0-py3.10.egg-info/SOURCES.txt
[0.367s] -- Installing: /home/mikealpha/colcon_ws/install/pymoveit2/local/lib/python3.10/dist-packages/pymoveit2-2.1.0-py3.10.egg-info/top_level.txt
[0.367s] -- Installing: /home/mikealpha/colcon_ws/install/pymoveit2/local/lib/python3.10/dist-packages/pymoveit2-2.1.0-py3.10.egg-info/dependency_links.txt
[0.368s] -- Up-to-date: /home/mikealpha/colcon_ws/install/pymoveit2/local/lib/python3.10/dist-packages/pymoveit2
[0.368s] -- Up-to-date: /home/mikealpha/colcon_ws/install/pymoveit2/local/lib/python3.10/dist-packages/pymoveit2/__init__.py
[0.368s] -- Up-to-date: /home/mikealpha/colcon_ws/install/pymoveit2/local/lib/python3.10/dist-packages/pymoveit2/moveit2_servo.py
[0.368s] -- Up-to-date: /home/mikealpha/colcon_ws/install/pymoveit2/local/lib/python3.10/dist-packages/pymoveit2/moveit2.py
[0.368s] -- Up-to-date: /home/mikealpha/colcon_ws/install/pymoveit2/local/lib/python3.10/dist-packages/pymoveit2/robots
[0.368s] -- Up-to-date: /home/mikealpha/colcon_ws/install/pymoveit2/local/lib/python3.10/dist-packages/pymoveit2/robots/__init__.py
[0.368s] -- Up-to-date: /home/mikealpha/colcon_ws/install/pymoveit2/local/lib/python3.10/dist-packages/pymoveit2/robots/ur5.py
[0.368s] -- Up-to-date: /home/mikealpha/colcon_ws/install/pymoveit2/local/lib/python3.10/dist-packages/pymoveit2/robots/kinova.py
[0.392s] Listing '/home/mikealpha/colcon_ws/install/pymoveit2/local/lib/python3.10/dist-packages/pymoveit2'...
[0.392s] Listing '/home/mikealpha/colcon_ws/install/pymoveit2/local/lib/python3.10/dist-packages/pymoveit2/robots'...
[0.396s] -- Up-to-date: /home/mikealpha/colcon_ws/install/pymoveit2/lib/pymoveit2/ex_collision_object.py
[0.396s] -- Up-to-date: /home/mikealpha/colcon_ws/install/pymoveit2/lib/pymoveit2/ex_joint_goal.py
[0.396s] -- Up-to-date: /home/mikealpha/colcon_ws/install/pymoveit2/lib/pymoveit2/ex_pose_goal.py
[0.396s] -- Up-to-date: /home/mikealpha/colcon_ws/install/pymoveit2/lib/pymoveit2/ex_servo.py
[0.397s] -- Up-to-date: /home/mikealpha/colcon_ws/install/pymoveit2/lib/pymoveit2/assets
[0.397s] -- Up-to-date: /home/mikealpha/colcon_ws/install/pymoveit2/lib/pymoveit2/assets/rack_box.stl
[0.397s] -- Up-to-date: /home/mikealpha/colcon_ws/install/pymoveit2/lib/pymoveit2/assets/box1.stl
[0.397s] -- Up-to-date: /home/mikealpha/colcon_ws/install/pymoveit2/lib/pymoveit2/assets/suzanne.stl
[0.397s] -- Up-to-date: /home/mikealpha/colcon_ws/install/pymoveit2/lib/pymoveit2/assets/rack_box_again.stl
[0.397s] -- Up-to-date: /home/mikealpha/colcon_ws/install/pymoveit2/lib/pymoveit2/assets/box3.stl
[0.397s] -- Up-to-date: /home/mikealpha/colcon_ws/install/pymoveit2/lib/pymoveit2/assets/box2.stl
[0.397s] -- Up-to-date: /home/mikealpha/colcon_ws/install/pymoveit2/lib/pymoveit2/assets/rack.stl
[0.397s] -- Up-to-date: /home/mikealpha/colcon_ws/install/pymoveit2/lib/pymoveit2/assets/box.stl
[0.397s] -- Up-to-date: /home/mikealpha/colcon_ws/install/pymoveit2/lib/pymoveit2/pymoveit2
[0.397s] -- Up-to-date: /home/mikealpha/colcon_ws/install/pymoveit2/lib/pymoveit2/pymoveit2/__init__.py
[0.397s] -- Up-to-date: /home/mikealpha/colcon_ws/install/pymoveit2/lib/pymoveit2/pymoveit2/moveit2_servo.py
[0.398s] -- Up-to-date: /home/mikealpha/colcon_ws/install/pymoveit2/lib/pymoveit2/pymoveit2/moveit2.py
[0.398s] -- Up-to-date: /home/mikealpha/colcon_ws/install/pymoveit2/lib/pymoveit2/pymoveit2/robots
[0.398s] -- Up-to-date: /home/mikealpha/colcon_ws/install/pymoveit2/lib/pymoveit2/pymoveit2/robots/__init__.py
[0.398s] -- Up-to-date: /home/mikealpha/colcon_ws/install/pymoveit2/lib/pymoveit2/pymoveit2/robots/ur5.py
[0.398s] -- Up-to-date: /home/mikealpha/colcon_ws/install/pymoveit2/lib/pymoveit2/pymoveit2/robots/kinova.py
[0.398s] -- Up-to-date: /home/mikealpha/colcon_ws/install/pymoveit2/lib/pymoveit2/robots
[0.398s] -- Up-to-date: /home/mikealpha/colcon_ws/install/pymoveit2/lib/pymoveit2/robots/__init__.py
[0.398s] -- Up-to-date: /home/mikealpha/colcon_ws/install/pymoveit2/lib/pymoveit2/robots/ur5.py
[0.398s] -- Up-to-date: /home/mikealpha/colcon_ws/install/pymoveit2/lib/pymoveit2/robots/kinova.py
[0.400s] -- Up-to-date: /home/mikealpha/colcon_ws/install/pymoveit2/share/ament_index/resource_index/package_run_dependencies/pymoveit2
[0.400s] -- Up-to-date: /home/mikealpha/colcon_ws/install/pymoveit2/share/ament_index/resource_index/parent_prefix_path/pymoveit2
[0.400s] -- Up-to-date: /home/mikealpha/colcon_ws/install/pymoveit2/share/pymoveit2/environment/ament_prefix_path.sh
[0.400s] -- Up-to-date: /home/mikealpha/colcon_ws/install/pymoveit2/share/pymoveit2/environment/ament_prefix_path.dsv
[0.400s] -- Up-to-date: /home/mikealpha/colcon_ws/install/pymoveit2/share/pymoveit2/environment/path.sh
[0.400s] -- Up-to-date: /home/mikealpha/colcon_ws/install/pymoveit2/share/pymoveit2/environment/path.dsv
[0.400s] -- Up-to-date: /home/mikealpha/colcon_ws/install/pymoveit2/share/pymoveit2/local_setup.bash
[0.400s] -- Up-to-date: /home/mikealpha/colcon_ws/install/pymoveit2/share/pymoveit2/local_setup.sh
[0.400s] -- Up-to-date: /home/mikealpha/colcon_ws/install/pymoveit2/share/pymoveit2/local_setup.zsh
[0.400s] -- Up-to-date: /home/mikealpha/colcon_ws/install/pymoveit2/share/pymoveit2/local_setup.dsv
[0.400s] -- Up-to-date: /home/mikealpha/colcon_ws/install/pymoveit2/share/pymoveit2/package.dsv
[0.400s] -- Up-to-date: /home/mikealpha/colcon_ws/install/pymoveit2/share/ament_index/resource_index/packages/pymoveit2
[0.400s] -- Up-to-date: /home/mikealpha/colcon_ws/install/pymoveit2/share/pymoveit2/cmake/pymoveit2Config.cmake
[0.400s] -- Up-to-date: /home/mikealpha/colcon_ws/install/pymoveit2/share/pymoveit2/cmake/pymoveit2Config-version.cmake
[0.400s] -- Up-to-date: /home/mikealpha/colcon_ws/install/pymoveit2/share/pymoveit2/package.xml
[0.405s] Invoked command in '/home/mikealpha/colcon_ws/build/pymoveit2' returned '0': CMAKE_PREFIX_PATH=${CMAKE_PREFIX_PATH}:/home/mikealpha/colcon_ws/install/ur5_control:/opt/ros/humble /usr/bin/cmake --install /home/mikealpha/colcon_ws/build/pymoveit2
