[0.027s] Invoking command in '/home/mikealpha/colcon_ws/build/realsense_gazebo_plugin': CMAKE_PREFIX_PATH=${CMAKE_PREFIX_PATH}:/home/mikealpha/colcon_ws/install/ur5_control:/opt/ros/humble /usr/bin/cmake --build /home/mikealpha/colcon_ws/build/realsense_gazebo_plugin -- -j12 -l12
[0.069s] [35m[1mConsolidate compiler generated dependencies of target realsense_gazebo_plugin[0m
[0.100s] [100%] Built target realsense_gazebo_plugin
[0.226s] Invoked command in '/home/mikealpha/colcon_ws/build/realsense_gazebo_plugin' returned '0': CMAKE_PREFIX_PATH=${CMAKE_PREFIX_PATH}:/home/mikealpha/colcon_ws/install/ur5_control:/opt/ros/humble /usr/bin/cmake --build /home/mikealpha/colcon_ws/build/realsense_gazebo_plugin -- -j12 -l12
[0.271s] Invoking command in '/home/mikealpha/colcon_ws/build/realsense_gazebo_plugin': CMAKE_PREFIX_PATH=${CMAKE_PREFIX_PATH}:/home/mikealpha/colcon_ws/install/ur5_control:/opt/ros/humble /usr/bin/cmake --install /home/mikealpha/colcon_ws/build/realsense_gazebo_plugin
[0.290s] -- Install configuration: ""
[0.292s] -- Up-to-date: /home/mikealpha/colcon_ws/install/realsense_gazebo_plugin/lib/librealsense_gazebo_plugin.so
[0.292s] -- Up-to-date: /home/mikealpha/colcon_ws/install/realsense_gazebo_plugin/include/
[0.292s] -- Up-to-date: /home/mikealpha/colcon_ws/install/realsense_gazebo_plugin/include//realsense_gazebo_plugin
[0.293s] -- Up-to-date: /home/mikealpha/colcon_ws/install/realsense_gazebo_plugin/include//realsense_gazebo_plugin/gazebo_ros_realsense.h
[0.293s] -- Up-to-date: /home/mikealpha/colcon_ws/install/realsense_gazebo_plugin/include//realsense_gazebo_plugin/RealSensePlugin.h
[0.293s] -- Up-to-date: /home/mikealpha/colcon_ws/install/realsense_gazebo_plugin/share/realsense_gazebo_plugin/environment/library_path.sh
[0.293s] -- Up-to-date: /home/mikealpha/colcon_ws/install/realsense_gazebo_plugin/share/realsense_gazebo_plugin/environment/library_path.dsv
[0.293s] -- Up-to-date: /home/mikealpha/colcon_ws/install/realsense_gazebo_plugin/share/ament_index/resource_index/package_run_dependencies/realsense_gazebo_plugin
[0.293s] -- Up-to-date: /home/mikealpha/colcon_ws/install/realsense_gazebo_plugin/share/ament_index/resource_index/parent_prefix_path/realsense_gazebo_plugin
[0.293s] -- Up-to-date: /home/mikealpha/colcon_ws/install/realsense_gazebo_plugin/share/realsense_gazebo_plugin/environment/ament_prefix_path.sh
[0.293s] -- Up-to-date: /home/mikealpha/colcon_ws/install/realsense_gazebo_plugin/share/realsense_gazebo_plugin/environment/ament_prefix_path.dsv
[0.293s] -- Up-to-date: /home/mikealpha/colcon_ws/install/realsense_gazebo_plugin/share/realsense_gazebo_plugin/environment/path.sh
[0.293s] -- Up-to-date: /home/mikealpha/colcon_ws/install/realsense_gazebo_plugin/share/realsense_gazebo_plugin/environment/path.dsv
[0.293s] -- Up-to-date: /home/mikealpha/colcon_ws/install/realsense_gazebo_plugin/share/realsense_gazebo_plugin/local_setup.bash
[0.293s] -- Up-to-date: /home/mikealpha/colcon_ws/install/realsense_gazebo_plugin/share/realsense_gazebo_plugin/local_setup.sh
[0.293s] -- Up-to-date: /home/mikealpha/colcon_ws/install/realsense_gazebo_plugin/share/realsense_gazebo_plugin/local_setup.zsh
[0.293s] -- Up-to-date: /home/mikealpha/colcon_ws/install/realsense_gazebo_plugin/share/realsense_gazebo_plugin/local_setup.dsv
[0.294s] -- Installing: /home/mikealpha/colcon_ws/install/realsense_gazebo_plugin/share/realsense_gazebo_plugin/package.dsv
[0.294s] -- Up-to-date: /home/mikealpha/colcon_ws/install/realsense_gazebo_plugin/share/ament_index/resource_index/packages/realsense_gazebo_plugin
[0.294s] -- Up-to-date: /home/mikealpha/colcon_ws/install/realsense_gazebo_plugin/share/realsense_gazebo_plugin/cmake/ament_cmake_export_include_directories-extras.cmake
[0.294s] -- Up-to-date: /home/mikealpha/colcon_ws/install/realsense_gazebo_plugin/share/realsense_gazebo_plugin/cmake/ament_cmake_export_libraries-extras.cmake
[0.294s] -- Up-to-date: /home/mikealpha/colcon_ws/install/realsense_gazebo_plugin/share/realsense_gazebo_plugin/cmake/realsense_gazebo_pluginConfig.cmake
[0.295s] -- Up-to-date: /home/mikealpha/colcon_ws/install/realsense_gazebo_plugin/share/realsense_gazebo_plugin/cmake/realsense_gazebo_pluginConfig-version.cmake
[0.295s] -- Up-to-date: /home/mikealpha/colcon_ws/install/realsense_gazebo_plugin/share/realsense_gazebo_plugin/package.xml
[0.313s] Invoked command in '/home/mikealpha/colcon_ws/build/realsense_gazebo_plugin' returned '0': CMAKE_PREFIX_PATH=${CMAKE_PREFIX_PATH}:/home/mikealpha/colcon_ws/install/ur5_control:/opt/ros/humble /usr/bin/cmake --install /home/mikealpha/colcon_ws/build/realsense_gazebo_plugin
