[0.022s] Invoking command in '/home/mikealpha/colcon_ws/build/ebot_description': CMAKE_PREFIX_PATH=/opt/ros/humble /usr/bin/cmake /home/mikealpha/colcon_ws/src/ebot_description -DCMAKE_INSTALL_PREFIX=/home/mikealpha/colcon_ws/install/ebot_description
[0.089s] -- The C compiler identification is GNU 11.4.0
[0.145s] -- The CXX compiler identification is GNU 11.4.0
[0.153s] -- Detecting C compiler ABI info
[0.218s] -- Detecting C compiler ABI info - done
[0.223s] -- Check for working C compiler: /usr/bin/cc - skipped
[0.224s] -- Detecting C compile features
[0.224s] -- Detecting C compile features - done
[0.227s] -- Detecting CXX compiler ABI info
[0.290s] -- Detecting CXX compiler ABI info - done
[0.300s] -- Check for working CXX compiler: /usr/bin/c++ - skipped
[0.300s] -- Detecting CXX compile features
[0.301s] -- Detecting CXX compile features - done
[0.304s] -- Found ament_cmake: 1.3.10 (/opt/ros/humble/share/ament_cmake/cmake)
[0.487s] -- Found Python3: /usr/bin/python3 (found version "3.10.12") found components: Interpreter 
[0.576s] -- Found rclcpp: 16.0.10 (/opt/ros/humble/share/rclcpp/cmake)
[0.608s] -- Found rosidl_generator_c: 3.1.5 (/opt/ros/humble/share/rosidl_generator_c/cmake)
[0.612s] -- Found rosidl_adapter: 3.1.5 (/opt/ros/humble/share/rosidl_adapter/cmake)
[0.619s] -- Found rosidl_generator_cpp: 3.1.5 (/opt/ros/humble/share/rosidl_generator_cpp/cmake)
[0.628s] -- Using all available rosidl_typesupport_c: rosidl_typesupport_fastrtps_c;rosidl_typesupport_introspection_c
[0.641s] -- Using all available rosidl_typesupport_cpp: rosidl_typesupport_fastrtps_cpp;rosidl_typesupport_introspection_cpp
[0.676s] -- Found rmw_implementation_cmake: 6.1.2 (/opt/ros/humble/share/rmw_implementation_cmake/cmake)
[0.678s] -- Found rmw_fastrtps_cpp: 6.2.7 (/opt/ros/humble/share/rmw_fastrtps_cpp/cmake)
[0.742s] -- Found OpenSSL: /usr/lib/x86_64-linux-gnu/libcrypto.so (found version "3.0.2")  
[0.763s] -- Found FastRTPS: /opt/ros/humble/include  
[0.800s] -- Using RMW implementation 'rmw_fastrtps_cpp' as default
[0.810s] -- Looking for pthread.h
[0.869s] -- Looking for pthread.h - found
[0.869s] -- Performing Test CMAKE_HAVE_LIBC_PTHREAD
[0.926s] -- Performing Test CMAKE_HAVE_LIBC_PTHREAD - Success
[0.928s] -- Found Threads: TRUE  
[0.974s] -- Found rclpy: 3.3.14 (/opt/ros/humble/share/rclpy/cmake)
[0.975s] -- Found urdf: 2.6.1 (/opt/ros/humble/share/urdf/cmake)
[1.002s] -- Found xacro: 2.0.8 (/opt/ros/humble/share/xacro/cmake)
[1.003s] -- Found ament_lint_auto: 0.12.11 (/opt/ros/humble/share/ament_lint_auto/cmake)
[1.071s] -- Added test 'copyright' to check source files copyright and LICENSE
[1.073s] -- Added test 'flake8' to check Python code syntax and style conventions
[1.074s] -- Added test 'lint_cmake' to check CMake code style
[1.074s] -- Added test 'pep257' to check Python code against some of the docstring style conventions in PEP 257
[1.075s] -- Added test 'xmllint' to check XML markup files
[1.076s] -- Configuring done
[1.078s] -- Generating done
[1.079s] -- Build files have been written to: /home/mikealpha/colcon_ws/build/ebot_description
[1.093s] Invoked command in '/home/mikealpha/colcon_ws/build/ebot_description' returned '0': CMAKE_PREFIX_PATH=/opt/ros/humble /usr/bin/cmake /home/mikealpha/colcon_ws/src/ebot_description -DCMAKE_INSTALL_PREFIX=/home/mikealpha/colcon_ws/install/ebot_description
[1.093s] Invoking command in '/home/mikealpha/colcon_ws/build/ebot_description': CMAKE_PREFIX_PATH=/opt/ros/humble /usr/bin/cmake --build /home/mikealpha/colcon_ws/build/ebot_description -- -j12 -l12
[1.137s] Invoked command in '/home/mikealpha/colcon_ws/build/ebot_description' returned '0': CMAKE_PREFIX_PATH=/opt/ros/humble /usr/bin/cmake --build /home/mikealpha/colcon_ws/build/ebot_description -- -j12 -l12
[1.164s] Invoking command in '/home/mikealpha/colcon_ws/build/ebot_description': CMAKE_PREFIX_PATH=/opt/ros/humble /usr/bin/cmake --install /home/mikealpha/colcon_ws/build/ebot_description
[1.171s] -- Install configuration: ""
[1.171s] -- Installing: /home/mikealpha/colcon_ws/install/ebot_description/share/ebot_description//launch
[1.171s] -- Installing: /home/mikealpha/colcon_ws/install/ebot_description/share/ebot_description//launch/start_world_task1c_launch.py
[1.171s] -- Installing: /home/mikealpha/colcon_ws/install/ebot_description/share/ebot_description//launch/start_world_launch.py
[1.171s] -- Installing: /home/mikealpha/colcon_ws/install/ebot_description/share/ebot_description//launch/spawn_robot.py
[1.171s] -- Installing: /home/mikealpha/colcon_ws/install/ebot_description/share/ebot_description//launch/start_world_task1b_launch.py
[1.171s] -- Installing: /home/mikealpha/colcon_ws/install/ebot_description/share/ebot_description//launch/ebot_gazebo_launch.py
[1.171s] -- Installing: /home/mikealpha/colcon_ws/install/ebot_description/share/ebot_description//worlds
[1.171s] -- Installing: /home/mikealpha/colcon_ws/install/ebot_description/share/ebot_description//worlds/empty.world
[1.171s] -- Installing: /home/mikealpha/colcon_ws/install/ebot_description/share/ebot_description//models
[1.172s] -- Installing: /home/mikealpha/colcon_ws/install/ebot_description/share/ebot_description//models/ebot
[1.172s] -- Installing: /home/mikealpha/colcon_ws/install/ebot_description/share/ebot_description//models/ebot/ebot.gazebo
[1.172s] -- Installing: /home/mikealpha/colcon_ws/install/ebot_description/share/ebot_description//models/ebot/ebot_description.xacro
[1.172s] -- Installing: /home/mikealpha/colcon_ws/install/ebot_description/share/ebot_description//meshes
[1.172s] -- Installing: /home/mikealpha/colcon_ws/install/ebot_description/share/ebot_description//meshes/RWL.STL
[1.172s] -- Installing: /home/mikealpha/colcon_ws/install/ebot_description/share/ebot_description//meshes/LHUS10.STL
[1.172s] -- Installing: /home/mikealpha/colcon_ws/install/ebot_description/share/ebot_description//meshes/RWR.STL
[1.172s] -- Installing: /home/mikealpha/colcon_ws/install/ebot_description/share/ebot_description//meshes/FUS4.STL
[1.172s] -- Installing: /home/mikealpha/colcon_ws/install/ebot_description/share/ebot_description//meshes/LHUS9.STL
[1.172s] -- Installing: /home/mikealpha/colcon_ws/install/ebot_description/share/ebot_description//meshes/RUS5.STL
[1.172s] -- Installing: /home/mikealpha/colcon_ws/install/ebot_description/share/ebot_description//meshes/chassis.dae
[1.189s] -- Installing: /home/mikealpha/colcon_ws/install/ebot_description/share/ebot_description//meshes/robot_base.stl
[1.189s] -- Installing: /home/mikealpha/colcon_ws/install/ebot_description/share/ebot_description//meshes/RHUS7.STL
[1.189s] -- Installing: /home/mikealpha/colcon_ws/install/ebot_description/share/ebot_description//meshes/FUS3.STL
[1.189s] -- Installing: /home/mikealpha/colcon_ws/install/ebot_description/share/ebot_description//meshes/RHUS9.STL
[1.189s] -- Installing: /home/mikealpha/colcon_ws/install/ebot_description/share/ebot_description//meshes/FUS1.STL
[1.189s] -- Installing: /home/mikealpha/colcon_ws/install/ebot_description/share/ebot_description//meshes/FWL.STL
[1.190s] -- Installing: /home/mikealpha/colcon_ws/install/ebot_description/share/ebot_description//meshes/FUS2.STL
[1.190s] -- Installing: /home/mikealpha/colcon_ws/install/ebot_description/share/ebot_description//meshes/RUS6.STL
[1.190s] -- Installing: /home/mikealpha/colcon_ws/install/ebot_description/share/ebot_description//meshes/FWR.STL
[1.190s] -- Installing: /home/mikealpha/colcon_ws/install/ebot_description/share/ebot_description//plugins
[1.190s] -- Installing: /home/mikealpha/colcon_ws/install/ebot_description/share/ebot_description//plugins/libgazebo_ros_vacuum_gripper.so
[1.192s] -- Installing: /home/mikealpha/colcon_ws/install/ebot_description/share/ebot_description//plugins/libgazebo_collision_sensor.so
[1.194s] -- Installing: /home/mikealpha/colcon_ws/install/ebot_description/share/ament_index/resource_index/package_run_dependencies/ebot_description
[1.194s] -- Installing: /home/mikealpha/colcon_ws/install/ebot_description/share/ament_index/resource_index/parent_prefix_path/ebot_description
[1.194s] -- Installing: /home/mikealpha/colcon_ws/install/ebot_description/share/ebot_description/environment/ament_prefix_path.sh
[1.194s] -- Installing: /home/mikealpha/colcon_ws/install/ebot_description/share/ebot_description/environment/ament_prefix_path.dsv
[1.194s] -- Installing: /home/mikealpha/colcon_ws/install/ebot_description/share/ebot_description/environment/path.sh
[1.194s] -- Installing: /home/mikealpha/colcon_ws/install/ebot_description/share/ebot_description/environment/path.dsv
[1.194s] -- Installing: /home/mikealpha/colcon_ws/install/ebot_description/share/ebot_description/local_setup.bash
[1.194s] -- Installing: /home/mikealpha/colcon_ws/install/ebot_description/share/ebot_description/local_setup.sh
[1.194s] -- Installing: /home/mikealpha/colcon_ws/install/ebot_description/share/ebot_description/local_setup.zsh
[1.194s] -- Installing: /home/mikealpha/colcon_ws/install/ebot_description/share/ebot_description/local_setup.dsv
[1.195s] -- Installing: /home/mikealpha/colcon_ws/install/ebot_description/share/ebot_description/package.dsv
[1.195s] -- Installing: /home/mikealpha/colcon_ws/install/ebot_description/share/ament_index/resource_index/packages/ebot_description
[1.195s] -- Installing: /home/mikealpha/colcon_ws/install/ebot_description/share/ebot_description/cmake/ebot_descriptionConfig.cmake
[1.195s] -- Installing: /home/mikealpha/colcon_ws/install/ebot_description/share/ebot_description/cmake/ebot_descriptionConfig-version.cmake
[1.195s] -- Installing: /home/mikealpha/colcon_ws/install/ebot_description/share/ebot_description/package.xml
[1.196s] Invoked command in '/home/mikealpha/colcon_ws/build/ebot_description' returned '0': CMAKE_PREFIX_PATH=/opt/ros/humble /usr/bin/cmake --install /home/mikealpha/colcon_ws/build/ebot_description
