[0.027s] Invoking command in '/home/mikealpha/colcon_ws/build/realsense_gazebo_plugin': CMAKE_PREFIX_PATH=/opt/ros/humble /usr/bin/cmake /home/mikealpha/colcon_ws/src/realsense_gazebo_plugin -DCMAKE_INSTALL_PREFIX=/home/mikealpha/colcon_ws/install/realsense_gazebo_plugin
[0.072s] -- The C compiler identification is GNU 11.4.0
[0.118s] -- The CXX compiler identification is GNU 11.4.0
[0.126s] -- Detecting C compiler ABI info
[0.190s] -- Detecting C compiler ABI info - done
[0.200s] -- Check for working C compiler: /usr/bin/cc - skipped
[0.200s] -- Detecting C compile features
[0.200s] -- Detecting C compile features - done
[0.204s] -- Detecting CXX compiler ABI info
[0.272s] -- Detecting CXX compiler ABI info - done
[0.277s] -- Check for working CXX compiler: /usr/bin/c++ - skipped
[0.278s] -- Detecting CXX compile features
[0.278s] -- Detecting CXX compile features - done
[0.280s] -- Found ament_cmake: 1.3.10 (/opt/ros/humble/share/ament_cmake/cmake)
[0.401s] -- Found Python3: /usr/bin/python3 (found version "3.10.12") found components: Interpreter 
[0.475s] -- Found rclcpp: 16.0.10 (/opt/ros/humble/share/rclcpp/cmake)
[0.508s] -- Found rosidl_generator_c: 3.1.5 (/opt/ros/humble/share/rosidl_generator_c/cmake)
[0.511s] -- Found rosidl_adapter: 3.1.5 (/opt/ros/humble/share/rosidl_adapter/cmake)
[0.518s] -- Found rosidl_generator_cpp: 3.1.5 (/opt/ros/humble/share/rosidl_generator_cpp/cmake)
[0.527s] -- Using all available rosidl_typesupport_c: rosidl_typesupport_fastrtps_c;rosidl_typesupport_introspection_c
[0.540s] -- Using all available rosidl_typesupport_cpp: rosidl_typesupport_fastrtps_cpp;rosidl_typesupport_introspection_cpp
[0.573s] -- Found rmw_implementation_cmake: 6.1.2 (/opt/ros/humble/share/rmw_implementation_cmake/cmake)
[0.575s] -- Found rmw_fastrtps_cpp: 6.2.7 (/opt/ros/humble/share/rmw_fastrtps_cpp/cmake)
[0.643s] -- Found OpenSSL: /usr/lib/x86_64-linux-gnu/libcrypto.so (found version "3.0.2")  
[0.671s] -- Found FastRTPS: /opt/ros/foxy/include  
[0.710s] -- Using RMW implementation 'rmw_fastrtps_cpp' as default
[0.717s] -- Looking for pthread.h
[0.776s] -- Looking for pthread.h - found
[0.777s] -- Performing Test CMAKE_HAVE_LIBC_PTHREAD
[0.857s] -- Performing Test CMAKE_HAVE_LIBC_PTHREAD - Success
[0.857s] -- Found Threads: TRUE  
[0.899s] -- Found gazebo_ros: 3.7.0 (/opt/ros/humble/share/gazebo_ros/cmake)
[0.908s] -- Found PkgConfig: /usr/bin/pkg-config (found version "0.29.2") 
[0.909s] -- Checking for module 'bullet>=2.82'
[0.921s] --   Found bullet, version 3.05
[1.016s] -- Found fcl: /usr/include (found suitable version "0.7.0", minimum required is "0.5.0") 
[1.062s] -- Found assimp: /usr/include (found version "5.2.0") 
[1.085s] -- Found DART: /usr/include (Required is at least version "6.6") found components: dart 
[1.110s] -- Found Boost: /usr/lib/x86_64-linux-gnu/cmake/Boost-1.74.0/BoostConfig.cmake (found suitable version "1.74.0", minimum required is "1.40.0") found components: thread system filesystem program_options regex iostreams date_time 
[1.124s] -- Found Protobuf: /usr/lib/x86_64-linux-gnu/libprotobuf.so (found version "3.12.4") 
[1.127s] -- Looking for ignition-math6 -- found version 6.15.1
[1.132s] -- Searching for dependencies of ignition-math6
[1.133s] -- Looking for OGRE...
[1.133s] -- OGRE_PREFIX_WATCH changed.
[1.138s] -- Checking for module 'OGRE'
[1.150s] --   Found OGRE, version 1.9.0
[1.184s] -- Found Ogre Ghadamon (1.9.0)
[1.189s] -- Found OGRE: optimized;/usr/lib/x86_64-linux-gnu/libOgreMain.so;debug;/usr/lib/x86_64-linux-gnu/libOgreMain.so
[1.196s] -- Looking for OGRE_Paging...
[1.200s] -- Found OGRE_Paging: optimized;/usr/lib/x86_64-linux-gnu/libOgrePaging.so;debug;/usr/lib/x86_64-linux-gnu/libOgrePaging.so
[1.200s] -- Looking for OGRE_Terrain...
[1.203s] -- Found OGRE_Terrain: optimized;/usr/lib/x86_64-linux-gnu/libOgreTerrain.so;debug;/usr/lib/x86_64-linux-gnu/libOgreTerrain.so
[1.203s] -- Looking for OGRE_Property...
[1.206s] -- Found OGRE_Property: optimized;/usr/lib/x86_64-linux-gnu/libOgreProperty.so;debug;/usr/lib/x86_64-linux-gnu/libOgreProperty.so
[1.206s] -- Looking for OGRE_RTShaderSystem...
[1.209s] -- Found OGRE_RTShaderSystem: optimized;/usr/lib/x86_64-linux-gnu/libOgreRTShaderSystem.so;debug;/usr/lib/x86_64-linux-gnu/libOgreRTShaderSystem.so
[1.210s] -- Looking for OGRE_Volume...
[1.213s] -- Found OGRE_Volume: optimized;/usr/lib/x86_64-linux-gnu/libOgreVolume.so;debug;/usr/lib/x86_64-linux-gnu/libOgreVolume.so
[1.213s] -- Looking for OGRE_Overlay...
[1.216s] -- Found OGRE_Overlay: optimized;/usr/lib/x86_64-linux-gnu/libOgreOverlay.so;debug;/usr/lib/x86_64-linux-gnu/libOgreOverlay.so
[1.275s] -- Looking for ignition-math6 -- found version 6.15.1
[1.276s] -- Looking for ignition-transport8 -- found version 8.2.1
[1.276s] -- Searching for dependencies of ignition-transport8
[1.287s] -- Found Protobuf: /usr/lib/x86_64-linux-gnu/libprotobuf.so (found suitable version "3.12.4", minimum required is "3") 
[1.293s] -- Config-file not installed for ZeroMQ -- checking for pkg-config
[1.297s] -- Checking for module 'libzmq >= 4'
[1.306s] --   Found libzmq , version 4.3.4
[1.336s] -- Found ZeroMQ: TRUE (Required is at least version "4") 
[1.341s] -- Checking for module 'uuid'
[1.353s] --   Found uuid, version 2.37.2
[1.381s] -- Found UUID: TRUE  
[1.383s] -- Looking for ignition-msgs5 -- found version 5.8.1
[1.383s] -- Searching for dependencies of ignition-msgs5
[1.399s] -- Looking for ignition-math6 -- found version 6.15.1
[1.404s] -- Checking for module 'tinyxml2'
[1.415s] --   Found tinyxml2, version 9.0.0
[1.444s] -- Looking for ignition-msgs5 -- found version 5.8.1
[1.445s] -- Looking for ignition-common3 -- found version 3.14.0
[1.446s] -- Searching for dependencies of ignition-common3
[1.446s] -- Looking for dlfcn.h - found
[1.447s] -- Looking for libdl - found
[1.448s] -- Found DL: TRUE  
[1.456s] -- Found tinyobjloader: /usr/lib/x86_64-linux-gnu/cmake/tinyobjloader/tinyobjloader-config.cmake (found version "2.0.0") 
[1.457s] -- Searching for <ignition-common3> component [graphics]
[1.458s] -- Looking for ignition-common3-graphics -- found version 3.14.0
[1.458s] -- Searching for dependencies of ignition-common3-graphics
[1.459s] -- Looking for ignition-math6 -- found version 6.15.1
[1.461s] -- Looking for ignition-fuel_tools4 -- found version 4.4.0
[1.461s] -- Searching for dependencies of ignition-fuel_tools4
[1.531s] -- Found CURL: /usr/lib/x86_64-linux-gnu/libcurl.so (found version "7.81.0")  
[1.540s] -- Checking for module 'jsoncpp'
[1.553s] --   Found jsoncpp, version 1.9.5
[1.583s] -- Found JSONCPP: TRUE  
[1.589s] -- Checking for module 'libzip'
[1.601s] --   Found libzip, version 1.7.3
[1.635s] -- Found ZIP: TRUE  
[1.636s] -- Looking for ignition-common3 -- found version 3.14.0
[1.636s] -- Looking for ignition-math6 -- found version 6.15.1
[1.636s] -- Looking for ignition-msgs5 -- found version 5.8.1
[1.639s] -- Gazebo version: 11.10
[1.639s] -- Checking for module 'tbb'
[1.651s] --   Found tbb, version 2021.5.0
[1.681s] -- Found image_transport: 3.1.9 (/opt/ros/humble/share/image_transport/cmake)
[1.728s] -- Found camera_info_manager: 3.1.9 (/opt/ros/humble/share/camera_info_manager/cmake)
[1.750s] -- Found ament_lint_auto: 0.12.11 (/opt/ros/humble/share/ament_lint_auto/cmake)
[1.804s] -- Configuring done
[1.820s] -- Generating done
[1.823s] -- Build files have been written to: /home/mikealpha/colcon_ws/build/realsense_gazebo_plugin
[1.839s] Invoked command in '/home/mikealpha/colcon_ws/build/realsense_gazebo_plugin' returned '0': CMAKE_PREFIX_PATH=/opt/ros/humble /usr/bin/cmake /home/mikealpha/colcon_ws/src/realsense_gazebo_plugin -DCMAKE_INSTALL_PREFIX=/home/mikealpha/colcon_ws/install/realsense_gazebo_plugin
[1.841s] Invoking command in '/home/mikealpha/colcon_ws/build/realsense_gazebo_plugin': CMAKE_PREFIX_PATH=/opt/ros/humble /usr/bin/cmake --build /home/mikealpha/colcon_ws/build/realsense_gazebo_plugin -- -j12 -l12
[1.885s] [ 33%] [32mBuilding CXX object CMakeFiles/realsense_gazebo_plugin.dir/src/RealSensePlugin.cpp.o[0m
[1.887s] [ 66%] [32mBuilding CXX object CMakeFiles/realsense_gazebo_plugin.dir/src/gazebo_ros_realsense.cpp.o[0m
[15.838s] [100%] [32m[1mLinking CXX shared library librealsense_gazebo_plugin.so[0m
[16.322s] [100%] Built target realsense_gazebo_plugin
[16.329s] Invoked command in '/home/mikealpha/colcon_ws/build/realsense_gazebo_plugin' returned '0': CMAKE_PREFIX_PATH=/opt/ros/humble /usr/bin/cmake --build /home/mikealpha/colcon_ws/build/realsense_gazebo_plugin -- -j12 -l12
[16.353s] Invoking command in '/home/mikealpha/colcon_ws/build/realsense_gazebo_plugin': CMAKE_PREFIX_PATH=/opt/ros/humble /usr/bin/cmake --install /home/mikealpha/colcon_ws/build/realsense_gazebo_plugin
[16.360s] -- Install configuration: ""
[16.360s] -- Installing: /home/mikealpha/colcon_ws/install/realsense_gazebo_plugin/lib/librealsense_gazebo_plugin.so
[16.362s] -- Set runtime path of "/home/mikealpha/colcon_ws/install/realsense_gazebo_plugin/lib/librealsense_gazebo_plugin.so" to ""
[16.362s] -- Installing: /home/mikealpha/colcon_ws/install/realsense_gazebo_plugin/include/
[16.362s] -- Installing: /home/mikealpha/colcon_ws/install/realsense_gazebo_plugin/include//realsense_gazebo_plugin
[16.362s] -- Installing: /home/mikealpha/colcon_ws/install/realsense_gazebo_plugin/include//realsense_gazebo_plugin/gazebo_ros_realsense.h
[16.362s] -- Installing: /home/mikealpha/colcon_ws/install/realsense_gazebo_plugin/include//realsense_gazebo_plugin/RealSensePlugin.h
[16.362s] -- Installing: /home/mikealpha/colcon_ws/install/realsense_gazebo_plugin/share/realsense_gazebo_plugin/environment/library_path.sh
[16.362s] -- Installing: /home/mikealpha/colcon_ws/install/realsense_gazebo_plugin/share/realsense_gazebo_plugin/environment/library_path.dsv
[16.362s] -- Installing: /home/mikealpha/colcon_ws/install/realsense_gazebo_plugin/share/ament_index/resource_index/package_run_dependencies/realsense_gazebo_plugin
[16.362s] -- Installing: /home/mikealpha/colcon_ws/install/realsense_gazebo_plugin/share/ament_index/resource_index/parent_prefix_path/realsense_gazebo_plugin
[16.362s] -- Installing: /home/mikealpha/colcon_ws/install/realsense_gazebo_plugin/share/realsense_gazebo_plugin/environment/ament_prefix_path.sh
[16.362s] -- Installing: /home/mikealpha/colcon_ws/install/realsense_gazebo_plugin/share/realsense_gazebo_plugin/environment/ament_prefix_path.dsv
[16.362s] -- Installing: /home/mikealpha/colcon_ws/install/realsense_gazebo_plugin/share/realsense_gazebo_plugin/environment/path.sh
[16.362s] -- Installing: /home/mikealpha/colcon_ws/install/realsense_gazebo_plugin/share/realsense_gazebo_plugin/environment/path.dsv
[16.362s] -- Installing: /home/mikealpha/colcon_ws/install/realsense_gazebo_plugin/share/realsense_gazebo_plugin/local_setup.bash
[16.362s] -- Installing: /home/mikealpha/colcon_ws/install/realsense_gazebo_plugin/share/realsense_gazebo_plugin/local_setup.sh
[16.362s] -- Installing: /home/mikealpha/colcon_ws/install/realsense_gazebo_plugin/share/realsense_gazebo_plugin/local_setup.zsh
[16.362s] -- Installing: /home/mikealpha/colcon_ws/install/realsense_gazebo_plugin/share/realsense_gazebo_plugin/local_setup.dsv
[16.362s] -- Installing: /home/mikealpha/colcon_ws/install/realsense_gazebo_plugin/share/realsense_gazebo_plugin/package.dsv
[16.362s] -- Installing: /home/mikealpha/colcon_ws/install/realsense_gazebo_plugin/share/ament_index/resource_index/packages/realsense_gazebo_plugin
[16.362s] -- Installing: /home/mikealpha/colcon_ws/install/realsense_gazebo_plugin/share/realsense_gazebo_plugin/cmake/ament_cmake_export_include_directories-extras.cmake
[16.362s] -- Installing: /home/mikealpha/colcon_ws/install/realsense_gazebo_plugin/share/realsense_gazebo_plugin/cmake/ament_cmake_export_libraries-extras.cmake
[16.363s] -- Installing: /home/mikealpha/colcon_ws/install/realsense_gazebo_plugin/share/realsense_gazebo_plugin/cmake/realsense_gazebo_pluginConfig.cmake
[16.363s] -- Installing: /home/mikealpha/colcon_ws/install/realsense_gazebo_plugin/share/realsense_gazebo_plugin/cmake/realsense_gazebo_pluginConfig-version.cmake
[16.363s] -- Installing: /home/mikealpha/colcon_ws/install/realsense_gazebo_plugin/share/realsense_gazebo_plugin/package.xml
[16.364s] Invoked command in '/home/mikealpha/colcon_ws/build/realsense_gazebo_plugin' returned '0': CMAKE_PREFIX_PATH=/opt/ros/humble /usr/bin/cmake --install /home/mikealpha/colcon_ws/build/realsense_gazebo_plugin
