-- Install configuration: ""
-- Execute custom install script
-- Symlinking: /home/mikealpha/colcon_ws/install/ebot_description/share/ebot_description//launch/ebot_gazebo_launch.py
-- Symlinking: /home/mikealpha/colcon_ws/install/ebot_description/share/ebot_description//launch/spawn_robot.py
-- Symlinking: /home/mikealpha/colcon_ws/install/ebot_description/share/ebot_description//launch/start_world_launch.py
-- Symlinking: /home/mikealpha/colcon_ws/install/ebot_description/share/ebot_description//launch/start_world_task1b_launch.py
-- Symlinking: /home/mikealpha/colcon_ws/install/ebot_description/share/ebot_description//launch/start_world_task1c_launch.py
-- Symlinking: /home/mikealpha/colcon_ws/install/ebot_description/share/ebot_description//worlds/empty.world
-- Symlinking: /home/mikealpha/colcon_ws/install/ebot_description/share/ebot_description//models/ebot/ebot.gazebo
-- Symlinking: /home/mikealpha/colcon_ws/install/ebot_description/share/ebot_description//models/ebot/ebot_description.xacro
-- Symlinking: /home/mikealpha/colcon_ws/install/ebot_description/share/ebot_description//meshes/FUS1.STL
-- Symlinking: /home/mikealpha/colcon_ws/install/ebot_description/share/ebot_description//meshes/FUS2.STL
-- Symlinking: /home/mikealpha/colcon_ws/install/ebot_description/share/ebot_description//meshes/FUS3.STL
-- Symlinking: /home/mikealpha/colcon_ws/install/ebot_description/share/ebot_description//meshes/FUS4.STL
-- Symlinking: /home/mikealpha/colcon_ws/install/ebot_description/share/ebot_description//meshes/FWL.STL
-- Symlinking: /home/mikealpha/colcon_ws/install/ebot_description/share/ebot_description//meshes/FWR.STL
-- Symlinking: /home/mikealpha/colcon_ws/install/ebot_description/share/ebot_description//meshes/LHUS10.STL
-- Symlinking: /home/mikealpha/colcon_ws/install/ebot_description/share/ebot_description//meshes/LHUS9.STL
-- Symlinking: /home/mikealpha/colcon_ws/install/ebot_description/share/ebot_description//meshes/RHUS7.STL
-- Symlinking: /home/mikealpha/colcon_ws/install/ebot_description/share/ebot_description//meshes/RHUS9.STL
-- Symlinking: /home/mikealpha/colcon_ws/install/ebot_description/share/ebot_description//meshes/RUS5.STL
-- Symlinking: /home/mikealpha/colcon_ws/install/ebot_description/share/ebot_description//meshes/RUS6.STL
-- Symlinking: /home/mikealpha/colcon_ws/install/ebot_description/share/ebot_description//meshes/RWL.STL
-- Symlinking: /home/mikealpha/colcon_ws/install/ebot_description/share/ebot_description//meshes/RWR.STL
-- Symlinking: /home/mikealpha/colcon_ws/install/ebot_description/share/ebot_description//meshes/chassis.dae
-- Symlinking: /home/mikealpha/colcon_ws/install/ebot_description/share/ebot_description//meshes/robot_base.stl
-- Symlinking: /home/mikealpha/colcon_ws/install/ebot_description/share/ebot_description//plugins/libgazebo_collision_sensor.so
-- Symlinking: /home/mikealpha/colcon_ws/install/ebot_description/share/ebot_description//plugins/libgazebo_ros_vacuum_gripper.so
-- Symlinking: /home/mikealpha/colcon_ws/install/ebot_description/share/ament_index/resource_index/package_run_dependencies/ebot_description
-- Symlinking: /home/mikealpha/colcon_ws/install/ebot_description/share/ament_index/resource_index/parent_prefix_path/ebot_description
-- Symlinking: /home/mikealpha/colcon_ws/install/ebot_description/share/ebot_description/environment/ament_prefix_path.sh
-- Symlinking: /home/mikealpha/colcon_ws/install/ebot_description/share/ebot_description/environment/ament_prefix_path.dsv
-- Symlinking: /home/mikealpha/colcon_ws/install/ebot_description/share/ebot_description/environment/path.sh
-- Symlinking: /home/mikealpha/colcon_ws/install/ebot_description/share/ebot_description/environment/path.dsv
-- Symlinking: /home/mikealpha/colcon_ws/install/ebot_description/share/ebot_description/local_setup.bash
-- Symlinking: /home/mikealpha/colcon_ws/install/ebot_description/share/ebot_description/local_setup.sh
-- Symlinking: /home/mikealpha/colcon_ws/install/ebot_description/share/ebot_description/local_setup.zsh
-- Symlinking: /home/mikealpha/colcon_ws/install/ebot_description/share/ebot_description/local_setup.dsv
-- Symlinking: /home/mikealpha/colcon_ws/install/ebot_description/share/ebot_description/package.dsv
-- Symlinking: /home/mikealpha/colcon_ws/install/ebot_description/share/ament_index/resource_index/packages/ebot_description
-- Symlinking: /home/mikealpha/colcon_ws/install/ebot_description/share/ebot_description/cmake/ebot_descriptionConfig.cmake
-- Symlinking: /home/mikealpha/colcon_ws/install/ebot_description/share/ebot_description/cmake/ebot_descriptionConfig-version.cmake
-- Symlinking: /home/mikealpha/colcon_ws/install/ebot_description/share/ebot_description/package.xml
