[0.863s] Invoking command in '/home/mikealpha/colcon_ws/src/ur5_control': PYTHONPATH=/home/mikealpha/colcon_ws/build/ur5_control/prefix_override:/usr/lib/python3/dist-packages/colcon_core/task/python/colcon_distutils_commands:/home/mikealpha/colcon_ws/install/ur5_control/lib/python3.10/site-packages:${PYTHONPATH} /usr/bin/python3 -W ignore:setup.py install is deprecated setup.py egg_info --egg-base ../../build/ur5_control build --build-base /home/mikealpha/colcon_ws/build/ur5_control/build install --record /home/mikealpha/colcon_ws/build/ur5_control/install.log --single-version-externally-managed install_data
[1.117s] running egg_info
[1.118s] creating ../../build/ur5_control/ur5_control.egg-info
[1.118s] writing ../../build/ur5_control/ur5_control.egg-info/PKG-INFO
[1.118s] writing dependency_links to ../../build/ur5_control/ur5_control.egg-info/dependency_links.txt
[1.119s] writing entry points to ../../build/ur5_control/ur5_control.egg-info/entry_points.txt
[1.119s] writing requirements to ../../build/ur5_control/ur5_control.egg-info/requires.txt
[1.119s] writing top-level names to ../../build/ur5_control/ur5_control.egg-info/top_level.txt
[1.119s] writing manifest file '../../build/ur5_control/ur5_control.egg-info/SOURCES.txt'
[1.120s] reading manifest file '../../build/ur5_control/ur5_control.egg-info/SOURCES.txt'
[1.120s] writing manifest file '../../build/ur5_control/ur5_control.egg-info/SOURCES.txt'
[1.120s] running build
[1.120s] running build_py
[1.120s] creating /home/mikealpha/colcon_ws/build/ur5_control/build
[1.121s] creating /home/mikealpha/colcon_ws/build/ur5_control/build/lib
[1.121s] creating /home/mikealpha/colcon_ws/build/ur5_control/build/lib/ur5_control
[1.121s] copying ur5_control/__init__.py -> /home/mikealpha/colcon_ws/build/ur5_control/build/lib/ur5_control
[1.121s] copying ur5_control/task1b_boiler_plate.py -> /home/mikealpha/colcon_ws/build/ur5_control/build/lib/ur5_control
[1.121s] running install
[1.121s] running install_lib
[1.122s] creating /home/mikealpha/colcon_ws/install/ur5_control/lib/python3.10/site-packages/ur5_control
[1.122s] copying /home/mikealpha/colcon_ws/build/ur5_control/build/lib/ur5_control/__init__.py -> /home/mikealpha/colcon_ws/install/ur5_control/lib/python3.10/site-packages/ur5_control
[1.122s] copying /home/mikealpha/colcon_ws/build/ur5_control/build/lib/ur5_control/task1b_boiler_plate.py -> /home/mikealpha/colcon_ws/install/ur5_control/lib/python3.10/site-packages/ur5_control
[1.122s] byte-compiling /home/mikealpha/colcon_ws/install/ur5_control/lib/python3.10/site-packages/ur5_control/__init__.py to __init__.cpython-310.pyc
[1.123s] byte-compiling /home/mikealpha/colcon_ws/install/ur5_control/lib/python3.10/site-packages/ur5_control/task1b_boiler_plate.py to task1b_boiler_plate.cpython-310.pyc
[1.124s] running install_data
[1.124s] creating /home/mikealpha/colcon_ws/install/ur5_control/share/ament_index
[1.124s] creating /home/mikealpha/colcon_ws/install/ur5_control/share/ament_index/resource_index
[1.124s] creating /home/mikealpha/colcon_ws/install/ur5_control/share/ament_index/resource_index/packages
[1.124s] copying resource/ur5_control -> /home/mikealpha/colcon_ws/install/ur5_control/share/ament_index/resource_index/packages
[1.124s] copying package.xml -> /home/mikealpha/colcon_ws/install/ur5_control/share/ur5_control
[1.124s] creating /home/mikealpha/colcon_ws/install/ur5_control/lib/ur5_control
[1.124s] copying ur5_control/__init__.py -> /home/mikealpha/colcon_ws/install/ur5_control/lib/ur5_control
[1.124s] running install_egg_info
[1.127s] Copying ../../build/ur5_control/ur5_control.egg-info to /home/mikealpha/colcon_ws/install/ur5_control/lib/python3.10/site-packages/ur5_control-0.0.0-py3.10.egg-info
[1.127s] running install_scripts
[1.144s] Installing task1b script to /home/mikealpha/colcon_ws/install/ur5_control/lib/ur5_control
[1.145s] writing list of installed files to '/home/mikealpha/colcon_ws/build/ur5_control/install.log'
[1.169s] Invoked command in '/home/mikealpha/colcon_ws/src/ur5_control' returned '0': PYTHONPATH=/home/mikealpha/colcon_ws/build/ur5_control/prefix_override:/usr/lib/python3/dist-packages/colcon_core/task/python/colcon_distutils_commands:/home/mikealpha/colcon_ws/install/ur5_control/lib/python3.10/site-packages:${PYTHONPATH} /usr/bin/python3 -W ignore:setup.py install is deprecated setup.py egg_info --egg-base ../../build/ur5_control build --build-base /home/mikealpha/colcon_ws/build/ur5_control/build install --record /home/mikealpha/colcon_ws/build/ur5_control/install.log --single-version-externally-managed install_data
