[0.026s] Invoking command in '/home/mikealpha/colcon_ws/build/ebot_nav2': CMAKE_PREFIX_PATH=${CMAKE_PREFIX_PATH}:/home/mikealpha/colcon_ws/install/ur5_control:/opt/ros/humble /usr/bin/cmake --build /home/mikealpha/colcon_ws/build/ebot_nav2 -- -j12 -l12
[0.239s] Invoked command in '/home/mikealpha/colcon_ws/build/ebot_nav2' returned '0': CMAKE_PREFIX_PATH=${CMAKE_PREFIX_PATH}:/home/mikealpha/colcon_ws/install/ur5_control:/opt/ros/humble /usr/bin/cmake --build /home/mikealpha/colcon_ws/build/ebot_nav2 -- -j12 -l12
[0.264s] Invoking command in '/home/mikealpha/colcon_ws/build/ebot_nav2': CMAKE_PREFIX_PATH=${CMAKE_PREFIX_PATH}:/home/mikealpha/colcon_ws/install/ur5_control:/opt/ros/humble /usr/bin/cmake --install /home/mikealpha/colcon_ws/build/ebot_nav2
[0.288s] -- Install configuration: ""
[0.288s] -- Up-to-date: /home/mikealpha/colcon_ws/install/ebot_nav2/share/ebot_nav2//launch
[0.288s] -- Up-to-date: /home/mikealpha/colcon_ws/install/ebot_nav2/share/ebot_nav2//launch/ebot_bringup_launch.py
[0.288s] -- Up-to-date: /home/mikealpha/colcon_ws/install/ebot_nav2/share/ebot_nav2//config
[0.288s] -- Up-to-date: /home/mikealpha/colcon_ws/install/ebot_nav2/share/ebot_nav2//config/ekf.yaml
[0.288s] -- Up-to-date: /home/mikealpha/colcon_ws/install/ebot_nav2/share/ebot_nav2//config/mapper_params_online_async.yaml
[0.288s] -- Up-to-date: /home/mikealpha/colcon_ws/install/ebot_nav2/share/ebot_nav2//maps
[0.288s] -- Up-to-date: /home/mikealpha/colcon_ws/install/ebot_nav2/share/ebot_nav2//maps/map_file_here.text
[0.288s] -- Up-to-date: /home/mikealpha/colcon_ws/install/ebot_nav2/share/ebot_nav2//maps/my_map.pgm
[0.288s] -- Up-to-date: /home/mikealpha/colcon_ws/install/ebot_nav2/share/ebot_nav2//maps/my_map.data
[0.288s] -- Up-to-date: /home/mikealpha/colcon_ws/install/ebot_nav2/share/ebot_nav2//maps/my_map.posegraph
[0.288s] -- Up-to-date: /home/mikealpha/colcon_ws/install/ebot_nav2/share/ebot_nav2//maps/my_map.yaml
[0.288s] -- Up-to-date: /home/mikealpha/colcon_ws/install/ebot_nav2/share/ebot_nav2//params
[0.288s] -- Up-to-date: /home/mikealpha/colcon_ws/install/ebot_nav2/share/ebot_nav2//params/nav2_params.yaml
[0.288s] -- Up-to-date: /home/mikealpha/colcon_ws/install/ebot_nav2/share/ebot_nav2//rviz
[0.289s] -- Up-to-date: /home/mikealpha/colcon_ws/install/ebot_nav2/share/ebot_nav2//rviz/nav2_default_view.rviz
[0.289s] -- Up-to-date: /home/mikealpha/colcon_ws/install/ebot_nav2/lib/ebot_nav2/nav_poses.py
[0.289s] -- Up-to-date: /home/mikealpha/colcon_ws/install/ebot_nav2/lib/ebot_nav2/nav2_cmd_task1A.py
[0.289s] -- Up-to-date: /home/mikealpha/colcon_ws/install/ebot_nav2/share/ament_index/resource_index/package_run_dependencies/ebot_nav2
[0.289s] -- Up-to-date: /home/mikealpha/colcon_ws/install/ebot_nav2/share/ament_index/resource_index/parent_prefix_path/ebot_nav2
[0.289s] -- Up-to-date: /home/mikealpha/colcon_ws/install/ebot_nav2/share/ebot_nav2/environment/ament_prefix_path.sh
[0.289s] -- Up-to-date: /home/mikealpha/colcon_ws/install/ebot_nav2/share/ebot_nav2/environment/ament_prefix_path.dsv
[0.289s] -- Up-to-date: /home/mikealpha/colcon_ws/install/ebot_nav2/share/ebot_nav2/environment/path.sh
[0.289s] -- Up-to-date: /home/mikealpha/colcon_ws/install/ebot_nav2/share/ebot_nav2/environment/path.dsv
[0.289s] -- Up-to-date: /home/mikealpha/colcon_ws/install/ebot_nav2/share/ebot_nav2/local_setup.bash
[0.289s] -- Up-to-date: /home/mikealpha/colcon_ws/install/ebot_nav2/share/ebot_nav2/local_setup.sh
[0.289s] -- Up-to-date: /home/mikealpha/colcon_ws/install/ebot_nav2/share/ebot_nav2/local_setup.zsh
[0.289s] -- Up-to-date: /home/mikealpha/colcon_ws/install/ebot_nav2/share/ebot_nav2/local_setup.dsv
[0.289s] -- Up-to-date: /home/mikealpha/colcon_ws/install/ebot_nav2/share/ebot_nav2/package.dsv
[0.289s] -- Up-to-date: /home/mikealpha/colcon_ws/install/ebot_nav2/share/ament_index/resource_index/packages/ebot_nav2
[0.289s] -- Up-to-date: /home/mikealpha/colcon_ws/install/ebot_nav2/share/ebot_nav2/cmake/ebot_nav2Config.cmake
[0.289s] -- Up-to-date: /home/mikealpha/colcon_ws/install/ebot_nav2/share/ebot_nav2/cmake/ebot_nav2Config-version.cmake
[0.289s] -- Up-to-date: /home/mikealpha/colcon_ws/install/ebot_nav2/share/ebot_nav2/package.xml
[0.309s] Invoked command in '/home/mikealpha/colcon_ws/build/ebot_nav2' returned '0': CMAKE_PREFIX_PATH=${CMAKE_PREFIX_PATH}:/home/mikealpha/colcon_ws/install/ur5_control:/opt/ros/humble /usr/bin/cmake --install /home/mikealpha/colcon_ws/build/ebot_nav2
