[0.007s] Invoking command in '/home/mikealpha/colcon_ws/build/ur_simulation_gazebo': CMAKE_PREFIX_PATH=/home/mikealpha/colcon_ws/install/ur_moveit_config:/home/mikealpha/colcon_ws/install/ur_description:/home/mikealpha/colcon_ws/install/ur_simulation_gazebo:/home/mikealpha/colcon_ws/install/realsense_gazebo_plugin:/home/mikealpha/colcon_ws/install/pymoveit2:/home/mikealpha/colcon_ws/install/linkattacher_msgs:/home/mikealpha/colcon_ws/install/eyantra_warehouse:/home/mikealpha/colcon_ws/install/ebot_nav2:/home/mikealpha/colcon_ws/install/ebot_description:/home/mikealpha/colcon_ws/install/ur5_control:/opt/ros/humble /usr/bin/cmake --build /home/mikealpha/colcon_ws/build/ur_simulation_gazebo -- -j12 -l12
[0.035s] Invoked command in '/home/mikealpha/colcon_ws/build/ur_simulation_gazebo' returned '0': CMAKE_PREFIX_PATH=/home/mikealpha/colcon_ws/install/ur_moveit_config:/home/mikealpha/colcon_ws/install/ur_description:/home/mikealpha/colcon_ws/install/ur_simulation_gazebo:/home/mikealpha/colcon_ws/install/realsense_gazebo_plugin:/home/mikealpha/colcon_ws/install/pymoveit2:/home/mikealpha/colcon_ws/install/linkattacher_msgs:/home/mikealpha/colcon_ws/install/eyantra_warehouse:/home/mikealpha/colcon_ws/install/ebot_nav2:/home/mikealpha/colcon_ws/install/ebot_description:/home/mikealpha/colcon_ws/install/ur5_control:/opt/ros/humble /usr/bin/cmake --build /home/mikealpha/colcon_ws/build/ur_simulation_gazebo -- -j12 -l12
[0.053s] Invoking command in '/home/mikealpha/colcon_ws/build/ur_simulation_gazebo': CMAKE_PREFIX_PATH=/home/mikealpha/colcon_ws/install/ur_moveit_config:/home/mikealpha/colcon_ws/install/ur_description:/home/mikealpha/colcon_ws/install/ur_simulation_gazebo:/home/mikealpha/colcon_ws/install/realsense_gazebo_plugin:/home/mikealpha/colcon_ws/install/pymoveit2:/home/mikealpha/colcon_ws/install/linkattacher_msgs:/home/mikealpha/colcon_ws/install/eyantra_warehouse:/home/mikealpha/colcon_ws/install/ebot_nav2:/home/mikealpha/colcon_ws/install/ebot_description:/home/mikealpha/colcon_ws/install/ur5_control:/opt/ros/humble /usr/bin/cmake --install /home/mikealpha/colcon_ws/build/ur_simulation_gazebo
[0.059s] -- Install configuration: ""
[0.059s] -- Up-to-date: /home/mikealpha/colcon_ws/install/ur_simulation_gazebo/share/ur_simulation_gazebo/config
[0.059s] -- Up-to-date: /home/mikealpha/colcon_ws/install/ur_simulation_gazebo/share/ur_simulation_gazebo/config/spawn_ur5_launch_moveit.launch.py
[0.059s] -- Up-to-date: /home/mikealpha/colcon_ws/install/ur_simulation_gazebo/share/ur_simulation_gazebo/config/config_file_here.txt
[0.059s] -- Up-to-date: /home/mikealpha/colcon_ws/install/ur_simulation_gazebo/share/ur_simulation_gazebo/launch
[0.059s] -- Up-to-date: /home/mikealpha/colcon_ws/install/ur_simulation_gazebo/share/ur_simulation_gazebo/launch/ur_sim_moveit.launch.py
[0.059s] -- Up-to-date: /home/mikealpha/colcon_ws/install/ur_simulation_gazebo/share/ur_simulation_gazebo/launch/ur_sim_control.launch.py
[0.060s] -- Up-to-date: /home/mikealpha/colcon_ws/install/ur_simulation_gazebo/share/ament_index/resource_index/package_run_dependencies/ur_simulation_gazebo
[0.060s] -- Up-to-date: /home/mikealpha/colcon_ws/install/ur_simulation_gazebo/share/ament_index/resource_index/parent_prefix_path/ur_simulation_gazebo
[0.060s] -- Up-to-date: /home/mikealpha/colcon_ws/install/ur_simulation_gazebo/share/ur_simulation_gazebo/environment/ament_prefix_path.sh
[0.060s] -- Up-to-date: /home/mikealpha/colcon_ws/install/ur_simulation_gazebo/share/ur_simulation_gazebo/environment/ament_prefix_path.dsv
[0.060s] -- Up-to-date: /home/mikealpha/colcon_ws/install/ur_simulation_gazebo/share/ur_simulation_gazebo/environment/path.sh
[0.060s] -- Up-to-date: /home/mikealpha/colcon_ws/install/ur_simulation_gazebo/share/ur_simulation_gazebo/environment/path.dsv
[0.060s] -- Up-to-date: /home/mikealpha/colcon_ws/install/ur_simulation_gazebo/share/ur_simulation_gazebo/local_setup.bash
[0.060s] -- Up-to-date: /home/mikealpha/colcon_ws/install/ur_simulation_gazebo/share/ur_simulation_gazebo/local_setup.sh
[0.060s] -- Up-to-date: /home/mikealpha/colcon_ws/install/ur_simulation_gazebo/share/ur_simulation_gazebo/local_setup.zsh
[0.060s] -- Up-to-date: /home/mikealpha/colcon_ws/install/ur_simulation_gazebo/share/ur_simulation_gazebo/local_setup.dsv
[0.060s] -- Up-to-date: /home/mikealpha/colcon_ws/install/ur_simulation_gazebo/share/ur_simulation_gazebo/package.dsv
[0.060s] -- Up-to-date: /home/mikealpha/colcon_ws/install/ur_simulation_gazebo/share/ament_index/resource_index/packages/ur_simulation_gazebo
[0.060s] -- Up-to-date: /home/mikealpha/colcon_ws/install/ur_simulation_gazebo/share/ur_simulation_gazebo/cmake/ur_simulation_gazeboConfig.cmake
[0.060s] -- Up-to-date: /home/mikealpha/colcon_ws/install/ur_simulation_gazebo/share/ur_simulation_gazebo/cmake/ur_simulation_gazeboConfig-version.cmake
[0.061s] -- Up-to-date: /home/mikealpha/colcon_ws/install/ur_simulation_gazebo/share/ur_simulation_gazebo/package.xml
[0.061s] Invoked command in '/home/mikealpha/colcon_ws/build/ur_simulation_gazebo' returned '0': CMAKE_PREFIX_PATH=/home/mikealpha/colcon_ws/install/ur_moveit_config:/home/mikealpha/colcon_ws/install/ur_description:/home/mikealpha/colcon_ws/install/ur_simulation_gazebo:/home/mikealpha/colcon_ws/install/realsense_gazebo_plugin:/home/mikealpha/colcon_ws/install/pymoveit2:/home/mikealpha/colcon_ws/install/linkattacher_msgs:/home/mikealpha/colcon_ws/install/eyantra_warehouse:/home/mikealpha/colcon_ws/install/ebot_nav2:/home/mikealpha/colcon_ws/install/ebot_description:/home/mikealpha/colcon_ws/install/ur5_control:/opt/ros/humble /usr/bin/cmake --install /home/mikealpha/colcon_ws/build/ur_simulation_gazebo
